#
# There is insufficient memory for the Java Runtime Environment to continue.
# Native memory allocation (mmap) failed to map 47185920 bytes for Failed to commit area from 0x000000008de00000 to 0x0000000090b00000 of length 47185920.
# Possible reasons:
#   The system is out of physical RAM or swap space
#   The process is running with CompressedOops enabled, and the Java Heap may be blocking the growth of the native heap
# Possible solutions:
#   Reduce memory load on the system
#   Increase physical memory or swap space
#   Check if swap backing store is full
#   Decrease Java heap size (-Xmx/-Xms)
#   Decrease number of Java threads
#   Decrease Java thread stack sizes (-Xss)
#   Set larger code cache with -XX:ReservedCodeCacheSize=
#   JVM is running with Unscaled Compressed Oops mode in which the Java heap is
#     placed in the first 4GB address space. The Java Heap base address is the
#     maximum limit for the native heap growth. Please use -XX:HeapBaseMinAddress
#     to set the Java Heap base and to place the Java Heap above 4GB virtual address.
# This output file may be truncated or incomplete.
#
#  Out of Memory Error (./src/hotspot/os/windows/os_windows.cpp:3303), pid=8408, tid=600
#
# JRE version: OpenJDK Runtime Environment (11.0.8+10) (build 11.0.8+10-b944.6842174)
# Java VM: OpenJDK 64-Bit Server VM (11.0.8+10-b944.6842174, mixed mode, tiered, compressed oops, g1 gc, windows-amd64)
# No core dump will be written. Minidumps are not enabled by default on client versions of Windows
#

---------------  S U M M A R Y ------------

Command Line: --add-opens=java.base/java.util=ALL-UNNAMED --add-opens=java.base/java.lang=ALL-UNNAMED --add-opens=java.base/java.lang.invoke=ALL-UNNAMED --add-opens=java.prefs/java.util.prefs=ALL-UNNAMED -Xmx2048m -Dfile.encoding=UTF-8 -Duser.country=IE -Duser.language=en -Duser.variant org.gradle.launcher.daemon.bootstrap.GradleDaemon 6.7.1

Host: Intel(R) Core(TM) i7-3537U CPU @ 2.00GHz, 4 cores, 7G,  Windows 8.1 , 64 bit Build 9600 (6.3.9600.19994)
Time: Fri Jul 16 15:20:33 2021 GMT Summer Time elapsed time: 370 seconds (0d 0h 6m 10s)

---------------  T H R E A D  ---------------

Current thread (0x0000003c2a0f4000):  VMThread "VM Thread" [stack: 0x0000003c2a4f0000,0x0000003c2a5f0000] [id=600]

Stack: [0x0000003c2a4f0000,0x0000003c2a5f0000]
[error occurred during error reporting (printing stack bounds), id 0xc0000005, EXCEPTION_ACCESS_VIOLATION (0xc0000005) at pc=0x0000003c132b0dad]

Native frames: (J=compiled Java code, j=interpreted, Vv=VM code, C=native code)
V  [jvm.dll+0x5de50a]
V  [jvm.dll+0x7122f5]
V  [jvm.dll+0x71384d]
V  [jvm.dll+0x713e65]
V  [jvm.dll+0x713e1b]
V  [jvm.dll+0x5dd958]
V  [jvm.dll+0x5de0f8]
C  [ntdll.dll+0x9333d]
C  [ntdll.dll+0x54997]
C  [ntdll.dll+0x924ca]
C  0x0000003c132b0dad

VM_Operation (0x0000003c4200d0a0): G1CollectForAllocation, mode: safepoint, requested by thread 0x0000003c3c4cd800


---------------  P R O C E S S  ---------------

Threads class SMR info:
_java_thread_list=0x0000003c2d5122d0, length=159, elements={
0x0000003c0f965000, 0x0000003c296e8800, 0x0000003c296da800, 0x0000003c2a13e800,
0x0000003c2a13f800, 0x0000003c2a141000, 0x0000003c2a150800, 0x0000003c2a153800,
0x0000003c2a2a7000, 0x0000003c2a2b9800, 0x0000003c2cb32800, 0x0000003c2c475000,
0x0000003c2cc66800, 0x0000003c2d03f800, 0x0000003c2d03e000, 0x0000003c2d040800,
0x0000003c2d043800, 0x0000003c30c21800, 0x0000003c324d6800, 0x0000003c324d9000,
0x0000003c3c31c000, 0x0000003c2b784800, 0x0000003c2b778000, 0x0000003c2b77a000,
0x0000003c3c36a800, 0x0000003c3c319000, 0x0000003c3c318000, 0x0000003c3c316800,
0x0000003c3c317000, 0x0000003c3c31b800, 0x0000003c3c319800, 0x0000003c3c31d000,
0x0000003c3c320000, 0x0000003c3c31d800, 0x0000003c3c321000, 0x0000003c3c31f800,
0x0000003c3c31e800, 0x0000003c3c323800, 0x0000003c3c322800, 0x0000003c3c324800,
0x0000003c3c322000, 0x0000003c3c325000, 0x0000003c3c368800, 0x0000003c3c36b800,
0x0000003c3c369000, 0x0000003c3c36f000, 0x0000003c3c36d000, 0x0000003c3c36e000,
0x0000003c3c36c800, 0x0000003c3c36f800, 0x0000003c3c371800, 0x0000003c3c372000,
0x0000003c3c373000, 0x0000003c3c370800, 0x0000003c3c374800, 0x0000003c3c376000,
0x0000003c3c373800, 0x0000003c3c375800, 0x0000003c3c377000, 0x0000003c2b776800,
0x0000003c2b779000, 0x0000003c2b777800, 0x0000003c2b77a800, 0x0000003c2b77c000,
0x0000003c2b77e000, 0x0000003c2b77b800, 0x0000003c2b77f800, 0x0000003c2b77d000,
0x0000003c2b77e800, 0x0000003c2b781000, 0x0000003c2b783000, 0x0000003c2b782000,
0x0000003c2b780800, 0x0000003c2b783800, 0x0000003c2b785000, 0x0000003c324ce000,
0x0000003c324d0800, 0x0000003c324d1800, 0x0000003c324d0000, 0x0000003c324cf000,
0x0000003c324d4800, 0x0000003c324d4000, 0x0000003c324d2000, 0x0000003c324d5800,
0x0000003c324d3000, 0x0000003c324d8000, 0x0000003c324d7000, 0x0000003c324db000,
0x0000003c324dd000, 0x0000003c324da800, 0x0000003c324dc000, 0x0000003c30eff800,
0x0000003c30f01000, 0x0000003c30efe800, 0x0000003c30f02800, 0x0000003c30f02000,
0x0000003c30f00800, 0x0000003c30f06000, 0x0000003c30f04800, 0x0000003c30f03800,
0x0000003c30f08800, 0x0000003c30f09000, 0x0000003c30f07800, 0x0000003c30f0a000,
0x0000003c30f0b800, 0x0000003c30f0c800, 0x0000003c30f0b000, 0x0000003c30c24800,
0x0000003c30c24000, 0x0000003c30c25800, 0x0000003c30c23000, 0x0000003c30c28000,
0x0000003c30c27000, 0x0000003c30c28800, 0x0000003c30c26000, 0x0000003c30c2b000,
0x0000003c30c29800, 0x0000003c30c2c000, 0x0000003c30c2d000, 0x0000003c30c2a800,
0x0000003c30c2d800, 0x0000003c30c2e800, 0x0000003c2d041000, 0x0000003c2d03e800,
0x0000003c2d044800, 0x0000003c2d042800, 0x0000003c2d042000, 0x0000003c33331000,
0x0000003c33331800, 0x0000003c33330000, 0x0000003c3332f800, 0x0000003c33333800,
0x0000003c33334000, 0x0000003c33335000, 0x0000003c33332800, 0x0000003c33338800,
0x0000003c33336000, 0x0000003c33337800, 0x0000003c33339000, 0x0000003c33336800,
0x0000003c3333a000, 0x0000003c3333a800, 0x0000003c3333e000, 0x0000003c3333b800,
0x0000003c3333c800, 0x0000003c3333d000, 0x0000003c3c4c8000, 0x0000003c3c4c8800,
0x0000003c3c4cc000, 0x0000003c2b652000, 0x0000003c3c4c9800, 0x0000003c3c4cd000,
0x0000003c3c4cd800, 0x0000003c3c4cb000, 0x0000003c3c4d1000, 0x0000003c3c4ce800,
0x0000003c3c4cf000, 0x0000003c3c4d4000, 0x0000003c3c4d5000
}

Java Threads: ( => current thread )
  0x0000003c0f965000 JavaThread "main" [_thread_blocked, id=7948, stack(0x0000003c0f010000,0x0000003c0f110000)]
  0x0000003c296e8800 JavaThread "Reference Handler" daemon [_thread_blocked, id=8188, stack(0x0000003c2a5f0000,0x0000003c2a6f0000)]
  0x0000003c296da800 JavaThread "Finalizer" daemon [_thread_blocked, id=6836, stack(0x0000003c2a6f0000,0x0000003c2a7f0000)]
  0x0000003c2a13e800 JavaThread "Signal Dispatcher" daemon [_thread_blocked, id=8792, stack(0x0000003c2a7f0000,0x0000003c2a8f0000)]
  0x0000003c2a13f800 JavaThread "Attach Listener" daemon [_thread_blocked, id=2780, stack(0x0000003c2a8f0000,0x0000003c2a9f0000)]
  0x0000003c2a141000 JavaThread "C2 CompilerThread0" daemon [_thread_blocked, id=9132, stack(0x0000003c2a9f0000,0x0000003c2aaf0000)]
  0x0000003c2a150800 JavaThread "C1 CompilerThread0" daemon [_thread_blocked, id=6172, stack(0x0000003c2aaf0000,0x0000003c2abf0000)]
  0x0000003c2a153800 JavaThread "Sweeper thread" daemon [_thread_blocked, id=8904, stack(0x0000003c2abf0000,0x0000003c2acf0000)]
  0x0000003c2a2a7000 JavaThread "Common-Cleaner" daemon [_thread_blocked, id=6932, stack(0x0000003c2acf0000,0x0000003c2adf0000)]
  0x0000003c2a2b9800 JavaThread "Service Thread" daemon [_thread_blocked, id=7920, stack(0x0000003c2adf0000,0x0000003c2aef0000)]
  0x0000003c2cb32800 JavaThread "Daemon health stats" [_thread_blocked, id=8604, stack(0x0000003c2de90000,0x0000003c2df90000)]
  0x0000003c2c475000 JavaThread "Incoming local TCP Connector on port 51822" [_thread_in_native, id=4564, stack(0x0000003c2e670000,0x0000003c2e770000)]
  0x0000003c2cc66800 JavaThread "Daemon periodic checks" [_thread_blocked, id=9100, stack(0x0000003c2e860000,0x0000003c2e960000)]
  0x0000003c2d03f800 JavaThread "Cache worker for file hash cache (C:\Users\User1\.gradle\caches\6.7.1\fileHashes)" [_thread_blocked, id=7564, stack(0x0000003c2f660000,0x0000003c2f760000)]
  0x0000003c2d03e000 JavaThread "File lock request listener" [_thread_in_native, id=9088, stack(0x0000003c2f760000,0x0000003c2f860000)]
  0x0000003c2d040800 JavaThread "Cache worker for journal cache (C:\Users\User1\.gradle\caches\journal-1)" [_thread_blocked, id=8660, stack(0x0000003c2b7f0000,0x0000003c2b8f0000)]
  0x0000003c2d043800 JavaThread "Cache worker for execution history cache (C:\Users\User1\.gradle\caches\6.7.1\executionHistory)" [_thread_blocked, id=4276, stack(0x0000003c31610000,0x0000003c31710000)]
  0x0000003c30c21800 JavaThread "Cache worker for file content cache (C:\Users\User1\.gradle\caches\6.7.1\fileContent)" [_thread_blocked, id=6076, stack(0x0000003c32e10000,0x0000003c32f10000)]
  0x0000003c324d6800 JavaThread "Memory manager" [_thread_blocked, id=1832, stack(0x0000003c3b5e0000,0x0000003c3b6e0000)]
  0x0000003c324d9000 JavaThread "pool-3-thread-1" [_thread_blocked, id=8744, stack(0x0000003c3d870000,0x0000003c3d970000)]
  0x0000003c3c31c000 JavaThread "Java2D Disposer" daemon [_thread_blocked, id=4304, stack(0x0000003c3e6d0000,0x0000003c3e7d0000)]
  0x0000003c2b784800 JavaThread "pool-6-thread-1" [_thread_blocked, id=5284, stack(0x0000003c3ace0000,0x0000003c3ade0000)]
  0x0000003c2b778000 JavaThread "Daemon Thread 3" [_thread_blocked, id=9204, stack(0x0000003c2e470000,0x0000003c2e570000)]
  0x0000003c2b77a000 JavaThread "Daemon worker Thread 3" [_thread_blocked, id=5580, stack(0x0000003c2ec60000,0x0000003c2ed60000)]
  0x0000003c3c36a800 JavaThread "pool-9-thread-1" [_thread_blocked, id=3700, stack(0x0000003c3d770000,0x0000003c3d870000)]
  0x0000003c3c319000 JavaThread "Handler for socket connection from /127.0.0.1:51822 to /127.0.0.1:3708" [_thread_in_native, id=2372, stack(0x0000003c2e570000,0x0000003c2e670000)]
  0x0000003c3c318000 JavaThread "Cancel handler" [_thread_blocked, id=8740, stack(0x0000003c2eb60000,0x0000003c2ec60000)]
  0x0000003c3c316800 JavaThread "Asynchronous log dispatcher for DefaultDaemonConnection: socket connection from /127.0.0.1:51822 to /127.0.0.1:3708" [_thread_blocked, id=6036, stack(0x0000003c2ed60000,0x0000003c2ee60000)]
  0x0000003c3c317000 JavaThread "Stdin handler" [_thread_blocked, id=4092, stack(0x0000003c2ef60000,0x0000003c2f060000)]
  0x0000003c3c31b800 JavaThread "Thread-385" [_thread_blocked, id=5064, stack(0x0000003c2f060000,0x0000003c2f160000)]
  0x0000003c3c319800 JavaThread "Cache worker for file hash cache (C:\Users\User1\Desktop\FinalYear\.gradle\6.7.1\fileHashes)" [_thread_blocked, id=4896, stack(0x0000003c2f160000,0x0000003c2f260000)]
  0x0000003c3c31d000 JavaThread "Cache worker for checksums cache (C:\Users\User1\Desktop\FinalYear\.gradle\checksums)" [_thread_blocked, id=5964, stack(0x0000003c2f260000,0x0000003c2f360000)]
  0x0000003c3c320000 JavaThread "Cache worker for cache directory md-supplier (C:\Users\User1\.gradle\caches\6.7.1\md-supplier)" [_thread_blocked, id=8876, stack(0x0000003c2fa60000,0x0000003c2fb60000)]
  0x0000003c3c31d800 JavaThread "Cache worker for cache directory md-rule (C:\Users\User1\.gradle\caches\6.7.1\md-rule)" [_thread_blocked, id=8620, stack(0x0000003c31010000,0x0000003c31110000)]
  0x0000003c3c321000 JavaThread "Cache worker for Build Output Cleanup Cache (C:\Users\User1\Desktop\FinalYear\.gradle\buildOutputCleanup)" [_thread_blocked, id=9148, stack(0x0000003c31110000,0x0000003c31210000)]
  0x0000003c3c31f800 JavaThread "Build operations" [_thread_blocked, id=9144, stack(0x0000003c31210000,0x0000003c31310000)]
  0x0000003c3c31e800 JavaThread "Build operations Thread 2" [_thread_blocked, id=6268, stack(0x0000003c31310000,0x0000003c31410000)]
  0x0000003c3c323800 JavaThread "Build operations Thread 3" [_thread_blocked, id=7972, stack(0x0000003c328e0000,0x0000003c329e0000)]
  0x0000003c3c322800 JavaThread "Build operations Thread 4" [_thread_blocked, id=6024, stack(0x0000003c344e0000,0x0000003c345e0000)]
  0x0000003c3c324800 JavaThread "jar transforms Thread 298" [_thread_blocked, id=6972, stack(0x0000003c345e0000,0x0000003c346e0000)]
  0x0000003c3c322000 JavaThread "jar transforms Thread 299" [_thread_blocked, id=7332, stack(0x0000003c346e0000,0x0000003c347e0000)]
  0x0000003c3c325000 JavaThread "jar transforms Thread 300" [_thread_blocked, id=1980, stack(0x0000003c347e0000,0x0000003c348e0000)]
  0x0000003c3c368800 JavaThread "jar transforms Thread 301" [_thread_blocked, id=4648, stack(0x0000003c34ae0000,0x0000003c34be0000)]
  0x0000003c3c36b800 JavaThread "jar transforms Thread 302" [_thread_blocked, id=8224, stack(0x0000003c34be0000,0x0000003c34ce0000)]
  0x0000003c3c369000 JavaThread "jar transforms Thread 303" [_thread_blocked, id=8356, stack(0x0000003c34ce0000,0x0000003c34de0000)]
  0x0000003c3c36f000 JavaThread "jar transforms Thread 304" [_thread_blocked, id=7440, stack(0x0000003c34de0000,0x0000003c34ee0000)]
  0x0000003c3c36d000 JavaThread "jar transforms Thread 305" [_thread_blocked, id=3208, stack(0x0000003c34ee0000,0x0000003c34fe0000)]
  0x0000003c3c36e000 JavaThread "jar transforms Thread 306" [_thread_blocked, id=2104, stack(0x0000003c34fe0000,0x0000003c350e0000)]
  0x0000003c3c36c800 JavaThread "jar transforms Thread 307" [_thread_blocked, id=1092, stack(0x0000003c350e0000,0x0000003c351e0000)]
  0x0000003c3c36f800 JavaThread "jar transforms Thread 308" [_thread_blocked, id=2084, stack(0x0000003c351e0000,0x0000003c352e0000)]
  0x0000003c3c371800 JavaThread "jar transforms Thread 309" [_thread_blocked, id=2108, stack(0x0000003c352e0000,0x0000003c353e0000)]
  0x0000003c3c372000 JavaThread "jar transforms Thread 310" [_thread_blocked, id=2088, stack(0x0000003c353e0000,0x0000003c354e0000)]
  0x0000003c3c373000 JavaThread "jar transforms Thread 311" [_thread_blocked, id=2092, stack(0x0000003c354e0000,0x0000003c355e0000)]
  0x0000003c3c370800 JavaThread "jar transforms Thread 312" [_thread_blocked, id=2172, stack(0x0000003c355e0000,0x0000003c356e0000)]
  0x0000003c3c374800 JavaThread "jar transforms Thread 313" [_thread_blocked, id=2132, stack(0x0000003c356e0000,0x0000003c357e0000)]
  0x0000003c3c376000 JavaThread "jar transforms Thread 314" [_thread_blocked, id=2120, stack(0x0000003c357e0000,0x0000003c358e0000)]
  0x0000003c3c373800 JavaThread "jar transforms Thread 315" [_thread_blocked, id=2124, stack(0x0000003c358e0000,0x0000003c359e0000)]
  0x0000003c3c375800 JavaThread "jar transforms Thread 316" [_thread_blocked, id=2136, stack(0x0000003c359e0000,0x0000003c35ae0000)]
  0x0000003c3c377000 JavaThread "jar transforms Thread 317" [_thread_blocked, id=2156, stack(0x0000003c35ae0000,0x0000003c35be0000)]
  0x0000003c2b776800 JavaThread "jar transforms Thread 318" [_thread_blocked, id=2164, stack(0x0000003c35be0000,0x0000003c35ce0000)]
  0x0000003c2b779000 JavaThread "jar transforms Thread 319" [_thread_blocked, id=2188, stack(0x0000003c35ce0000,0x0000003c35de0000)]
  0x0000003c2b777800 JavaThread "jar transforms Thread 320" [_thread_blocked, id=2364, stack(0x0000003c35de0000,0x0000003c35ee0000)]
  0x0000003c2b77a800 JavaThread "jar transforms Thread 321" [_thread_blocked, id=2380, stack(0x0000003c35ee0000,0x0000003c35fe0000)]
  0x0000003c2b77c000 JavaThread "jar transforms Thread 322" [_thread_blocked, id=2384, stack(0x0000003c35fe0000,0x0000003c360e0000)]
  0x0000003c2b77e000 JavaThread "jar transforms Thread 323" [_thread_blocked, id=2388, stack(0x0000003c360e0000,0x0000003c361e0000)]
  0x0000003c2b77b800 JavaThread "jar transforms Thread 324" [_thread_blocked, id=2376, stack(0x0000003c361e0000,0x0000003c362e0000)]
  0x0000003c2b77f800 JavaThread "jar transforms Thread 325" [_thread_blocked, id=2392, stack(0x0000003c362e0000,0x0000003c363e0000)]
  0x0000003c2b77d000 JavaThread "jar transforms Thread 326" [_thread_blocked, id=2524, stack(0x0000003c363e0000,0x0000003c364e0000)]
  0x0000003c2b77e800 JavaThread "jar transforms Thread 327" [_thread_blocked, id=2792, stack(0x0000003c364e0000,0x0000003c365e0000)]
  0x0000003c2b781000 JavaThread "jar transforms Thread 328" [_thread_blocked, id=1940, stack(0x0000003c365e0000,0x0000003c366e0000)]
  0x0000003c2b783000 JavaThread "jar transforms Thread 329" [_thread_blocked, id=2960, stack(0x0000003c366e0000,0x0000003c367e0000)]
  0x0000003c2b782000 JavaThread "jar transforms Thread 330" [_thread_blocked, id=2128, stack(0x0000003c367e0000,0x0000003c368e0000)]
  0x0000003c2b780800 JavaThread "jar transforms Thread 331" [_thread_blocked, id=2192, stack(0x0000003c368e0000,0x0000003c369e0000)]
  0x0000003c2b783800 JavaThread "jar transforms Thread 332" [_thread_blocked, id=3080, stack(0x0000003c369e0000,0x0000003c36ae0000)]
  0x0000003c2b785000 JavaThread "jar transforms Thread 333" [_thread_blocked, id=3084, stack(0x0000003c36ae0000,0x0000003c36be0000)]
  0x0000003c324ce000 JavaThread "jar transforms Thread 334" [_thread_blocked, id=3188, stack(0x0000003c36be0000,0x0000003c36ce0000)]
  0x0000003c324d0800 JavaThread "jar transforms Thread 335" [_thread_blocked, id=2140, stack(0x0000003c36ce0000,0x0000003c36de0000)]
  0x0000003c324d1800 JavaThread "jar transforms Thread 336" [_thread_blocked, id=2152, stack(0x0000003c36de0000,0x0000003c36ee0000)]
  0x0000003c324d0000 JavaThread "jar transforms Thread 337" [_thread_blocked, id=1836, stack(0x0000003c36ee0000,0x0000003c36fe0000)]
  0x0000003c324cf000 JavaThread "jar transforms Thread 338" [_thread_blocked, id=3172, stack(0x0000003c36fe0000,0x0000003c370e0000)]
  0x0000003c324d4800 JavaThread "jar transforms Thread 339" [_thread_blocked, id=3184, stack(0x0000003c370e0000,0x0000003c371e0000)]
  0x0000003c324d4000 JavaThread "jar transforms Thread 340" [_thread_blocked, id=7052, stack(0x0000003c371e0000,0x0000003c372e0000)]
  0x0000003c324d2000 JavaThread "jar transforms Thread 341" [_thread_blocked, id=2236, stack(0x0000003c372e0000,0x0000003c373e0000)]
  0x0000003c324d5800 JavaThread "jar transforms Thread 342" [_thread_blocked, id=2304, stack(0x0000003c373e0000,0x0000003c374e0000)]
  0x0000003c324d3000 JavaThread "jar transforms Thread 343" [_thread_blocked, id=3076, stack(0x0000003c374e0000,0x0000003c375e0000)]
  0x0000003c324d8000 JavaThread "jar transforms Thread 344" [_thread_blocked, id=3180, stack(0x0000003c375e0000,0x0000003c376e0000)]
  0x0000003c324d7000 JavaThread "jar transforms Thread 345" [_thread_blocked, id=2216, stack(0x0000003c376e0000,0x0000003c377e0000)]
  0x0000003c324db000 JavaThread "jar transforms Thread 346" [_thread_blocked, id=3028, stack(0x0000003c377e0000,0x0000003c378e0000)]
  0x0000003c324dd000 JavaThread "jar transforms Thread 347" [_thread_blocked, id=3992, stack(0x0000003c378e0000,0x0000003c379e0000)]
  0x0000003c324da800 JavaThread "jar transforms Thread 348" [_thread_blocked, id=3900, stack(0x0000003c379e0000,0x0000003c37ae0000)]
  0x0000003c324dc000 JavaThread "jar transforms Thread 349" [_thread_blocked, id=2116, stack(0x0000003c37ae0000,0x0000003c37be0000)]
  0x0000003c30eff800 JavaThread "jar transforms Thread 350" [_thread_blocked, id=3176, stack(0x0000003c37be0000,0x0000003c37ce0000)]
  0x0000003c30f01000 JavaThread "jar transforms Thread 351" [_thread_blocked, id=7964, stack(0x0000003c37ce0000,0x0000003c37de0000)]
  0x0000003c30efe800 JavaThread "jar transforms Thread 352" [_thread_blocked, id=408, stack(0x0000003c37de0000,0x0000003c37ee0000)]
  0x0000003c30f02800 JavaThread "jar transforms Thread 353" [_thread_blocked, id=7836, stack(0x0000003c37ee0000,0x0000003c37fe0000)]
  0x0000003c30f02000 JavaThread "jar transforms Thread 354" [_thread_blocked, id=4544, stack(0x0000003c37fe0000,0x0000003c380e0000)]
  0x0000003c30f00800 JavaThread "jar transforms Thread 355" [_thread_blocked, id=7188, stack(0x0000003c380e0000,0x0000003c381e0000)]
  0x0000003c30f06000 JavaThread "jar transforms Thread 356" [_thread_blocked, id=6480, stack(0x0000003c381e0000,0x0000003c382e0000)]
  0x0000003c30f04800 JavaThread "jar transforms Thread 357" [_thread_blocked, id=9180, stack(0x0000003c382e0000,0x0000003c383e0000)]
  0x0000003c30f03800 JavaThread "jar transforms Thread 358" [_thread_blocked, id=1952, stack(0x0000003c383e0000,0x0000003c384e0000)]
  0x0000003c30f08800 JavaThread "jar transforms Thread 359" [_thread_blocked, id=5240, stack(0x0000003c384e0000,0x0000003c385e0000)]
  0x0000003c30f09000 JavaThread "jar transforms Thread 360" [_thread_blocked, id=9168, stack(0x0000003c385e0000,0x0000003c386e0000)]
  0x0000003c30f07800 JavaThread "jar transforms Thread 361" [_thread_blocked, id=7852, stack(0x0000003c386e0000,0x0000003c387e0000)]
  0x0000003c30f0a000 JavaThread "jar transforms Thread 362" [_thread_blocked, id=7520, stack(0x0000003c387e0000,0x0000003c388e0000)]
  0x0000003c30f0b800 JavaThread "jar transforms Thread 363" [_thread_blocked, id=8880, stack(0x0000003c388e0000,0x0000003c389e0000)]
  0x0000003c30f0c800 JavaThread "jar transforms Thread 364" [_thread_blocked, id=7820, stack(0x0000003c389e0000,0x0000003c38ae0000)]
  0x0000003c30f0b000 JavaThread "jar transforms Thread 365" [_thread_blocked, id=6636, stack(0x0000003c38ae0000,0x0000003c38be0000)]
  0x0000003c30c24800 JavaThread "jar transforms Thread 366" [_thread_blocked, id=5032, stack(0x0000003c38be0000,0x0000003c38ce0000)]
  0x0000003c30c24000 JavaThread "jar transforms Thread 367" [_thread_blocked, id=3100, stack(0x0000003c38ce0000,0x0000003c38de0000)]
  0x0000003c30c25800 JavaThread "jar transforms Thread 368" [_thread_blocked, id=7156, stack(0x0000003c38de0000,0x0000003c38ee0000)]
  0x0000003c30c23000 JavaThread "jar transforms Thread 369" [_thread_blocked, id=4320, stack(0x0000003c38ee0000,0x0000003c38fe0000)]
  0x0000003c30c28000 JavaThread "jar transforms Thread 370" [_thread_blocked, id=4732, stack(0x0000003c38fe0000,0x0000003c390e0000)]
  0x0000003c30c27000 JavaThread "jar transforms Thread 371" [_thread_blocked, id=4800, stack(0x0000003c390e0000,0x0000003c391e0000)]
  0x0000003c30c28800 JavaThread "jar transforms Thread 372" [_thread_blocked, id=9032, stack(0x0000003c391e0000,0x0000003c392e0000)]
  0x0000003c30c26000 JavaThread "jar transforms Thread 373" [_thread_blocked, id=4720, stack(0x0000003c392e0000,0x0000003c393e0000)]
  0x0000003c30c2b000 JavaThread "jar transforms Thread 374" [_thread_blocked, id=4080, stack(0x0000003c393e0000,0x0000003c394e0000)]
  0x0000003c30c29800 JavaThread "jar transforms Thread 375" [_thread_blocked, id=2044, stack(0x0000003c394e0000,0x0000003c395e0000)]
  0x0000003c30c2c000 JavaThread "jar transforms Thread 376" [_thread_blocked, id=1344, stack(0x0000003c395e0000,0x0000003c396e0000)]
  0x0000003c30c2d000 JavaThread "jar transforms Thread 377" [_thread_blocked, id=3108, stack(0x0000003c396e0000,0x0000003c397e0000)]
  0x0000003c30c2a800 JavaThread "jar transforms Thread 378" [_thread_blocked, id=9024, stack(0x0000003c397e0000,0x0000003c398e0000)]
  0x0000003c30c2d800 JavaThread "jar transforms Thread 379" [_thread_blocked, id=8228, stack(0x0000003c398e0000,0x0000003c399e0000)]
  0x0000003c30c2e800 JavaThread "jar transforms Thread 380" [_thread_blocked, id=6168, stack(0x0000003c399e0000,0x0000003c39ae0000)]
  0x0000003c2d041000 JavaThread "jar transforms Thread 381" [_thread_blocked, id=8216, stack(0x0000003c39ae0000,0x0000003c39be0000)]
  0x0000003c2d03e800 JavaThread "jar transforms Thread 382" [_thread_blocked, id=8320, stack(0x0000003c39be0000,0x0000003c39ce0000)]
  0x0000003c2d044800 JavaThread "jar transforms Thread 383" [_thread_blocked, id=5736, stack(0x0000003c39ce0000,0x0000003c39de0000)]
  0x0000003c2d042800 JavaThread "jar transforms Thread 384" [_thread_blocked, id=2684, stack(0x0000003c39de0000,0x0000003c39ee0000)]
  0x0000003c2d042000 JavaThread "jar transforms Thread 385" [_thread_blocked, id=7256, stack(0x0000003c39ee0000,0x0000003c39fe0000)]
  0x0000003c33331000 JavaThread "jar transforms Thread 386" [_thread_blocked, id=7296, stack(0x0000003c39fe0000,0x0000003c3a0e0000)]
  0x0000003c33331800 JavaThread "jar transforms Thread 387" [_thread_blocked, id=7824, stack(0x0000003c3a0e0000,0x0000003c3a1e0000)]
  0x0000003c33330000 JavaThread "jar transforms Thread 388" [_thread_blocked, id=2668, stack(0x0000003c3a1e0000,0x0000003c3a2e0000)]
  0x0000003c3332f800 JavaThread "jar transforms Thread 389" [_thread_blocked, id=4964, stack(0x0000003c3a2e0000,0x0000003c3a3e0000)]
  0x0000003c33333800 JavaThread "jar transforms Thread 390" [_thread_blocked, id=6184, stack(0x0000003c3a3e0000,0x0000003c3a4e0000)]
  0x0000003c33334000 JavaThread "jar transforms Thread 391" [_thread_blocked, id=5396, stack(0x0000003c3a4e0000,0x0000003c3a5e0000)]
  0x0000003c33335000 JavaThread "jar transforms Thread 392" [_thread_blocked, id=5472, stack(0x0000003c3a5e0000,0x0000003c3a6e0000)]
  0x0000003c33332800 JavaThread "jar transforms Thread 393" [_thread_blocked, id=4060, stack(0x0000003c3a6e0000,0x0000003c3a7e0000)]
  0x0000003c33338800 JavaThread "jar transforms Thread 394" [_thread_blocked, id=5932, stack(0x0000003c3a7e0000,0x0000003c3a8e0000)]
  0x0000003c33336000 JavaThread "jar transforms Thread 395" [_thread_blocked, id=8240, stack(0x0000003c3a8e0000,0x0000003c3a9e0000)]
  0x0000003c33337800 JavaThread "jar transforms Thread 396" [_thread_blocked, id=5164, stack(0x0000003c3a9e0000,0x0000003c3aae0000)]
  0x0000003c33339000 JavaThread "build event listener" [_thread_blocked, id=8844, stack(0x0000003c3abe0000,0x0000003c3ace0000)]
  0x0000003c33336800 JavaThread "pool-13-thread-1" [_thread_blocked, id=3956, stack(0x0000003c3e270000,0x0000003c3e370000)]
  0x0000003c3333a000 JavaThread "build event listener" [_thread_blocked, id=3728, stack(0x0000003c3e370000,0x0000003c3e470000)]
  0x0000003c3333a800 JavaThread "Execution worker for ':'" [_thread_blocked, id=6068, stack(0x0000003c3e470000,0x0000003c3e570000)]
  0x0000003c3333e000 JavaThread "Execution worker for ':' Thread 2" [_thread_blocked, id=8572, stack(0x0000003c3e7d0000,0x0000003c3e8d0000)]
  0x0000003c3333b800 JavaThread "Execution worker for ':' Thread 3" [_thread_blocked, id=7620, stack(0x0000003c40670000,0x0000003c40770000)]
  0x0000003c3333c800 JavaThread "Cache worker for execution history cache (C:\Users\User1\Desktop\FinalYear\.gradle\6.7.1\executionHistory)" [_thread_blocked, id=6020, stack(0x0000003c40a40000,0x0000003c40b40000)]
  0x0000003c3333d000 JavaThread "WorkerExecutor Queue" [_thread_blocked, id=8560, stack(0x0000003c3db70000,0x0000003c3dc70000)]
  0x0000003c3c4c8000 JavaThread "pool-14-thread-1" [_thread_blocked, id=9192, stack(0x0000003c3dc70000,0x0000003c3dd70000)]
  0x0000003c3c4c8800 JavaThread "stderr" [_thread_in_native, id=9184, stack(0x0000003c3dd70000,0x0000003c3de70000)]
  0x0000003c3c4cc000 JavaThread "stdout" [_thread_in_native, id=4136, stack(0x0000003c41200000,0x0000003c41300000)]
  0x0000003c2b652000 JavaThread "C2 CompilerThread1" daemon [_thread_blocked, id=8500, stack(0x0000003c3aae0000,0x0000003c3abe0000)]
  0x0000003c3c4c9800 JavaThread "Cache worker for Java compile cache (C:\Users\User1\.gradle\caches\6.7.1\javaCompile)" [_thread_blocked, id=4788, stack(0x0000003c41300000,0x0000003c41400000)]
  0x0000003c3c4cd000 JavaThread "Cache worker for Java compile cache (C:\Users\User1\Desktop\FinalYear\.gradle\6.7.1\javaCompile)" [_thread_blocked, id=1956, stack(0x0000003c41400000,0x0000003c41500000)]
  0x0000003c3c4cd800 JavaThread "WorkerExecutor Queue Thread 2" [_thread_blocked, id=6232, stack(0x0000003c41f10000,0x0000003c42010000)]
  0x0000003c3c4cb000 JavaThread "WorkerExecutor Queue Thread 3" [_thread_blocked, id=820, stack(0x0000003c42010000,0x0000003c42110000)]
  0x0000003c3c4d1000 JavaThread "WorkerExecutor Queue Thread 4" [_thread_blocked, id=1604, stack(0x0000003c42110000,0x0000003c42210000)]
  0x0000003c3c4ce800 JavaThread "ForkJoinPool-1-worker-3" daemon [_thread_blocked, id=8824, stack(0x0000003c426a0000,0x0000003c427a0000)]
  0x0000003c3c4cf000 JavaThread "ForkJoinPool-1-worker-5" daemon [_thread_blocked, id=7724, stack(0x0000003c42fa0000,0x0000003c430a0000)]
  0x0000003c3c4d4000 JavaThread "ForkJoinPool-1-worker-7" daemon [_thread_blocked, id=6716, stack(0x0000003c430a0000,0x0000003c431a0000)]
  0x0000003c3c4d5000 JavaThread "ForkJoinPool-1-worker-1" daemon [_thread_blocked, id=8592, stack(0x0000003c431a0000,0x0000003c432a0000)]

Other Threads:
=>0x0000003c2a0f4000 VMThread "VM Thread" [stack: 0x0000003c2a4f0000,0x0000003c2a5f0000] [id=600]
  0x0000003c2a2bb000 WatcherThread [stack: 0x0000003c2aef0000,0x0000003c2aff0000] [id=4384]
  0x0000003c0f97e000 GCTaskThread "GC Thread#0" [stack: 0x0000003c0f2f0000,0x0000003c0f3f0000] [id=8700]
  0x0000003c2b0f8800 GCTaskThread "GC Thread#1" [stack: 0x0000003c2b8f0000,0x0000003c2b9f0000] [id=3812]
  0x0000003c2b511000 GCTaskThread "GC Thread#2" [stack: 0x0000003c2b9f0000,0x0000003c2baf0000] [id=4600]
  0x0000003c2d1ff000 GCTaskThread "GC Thread#3" [stack: 0x0000003c2f360000,0x0000003c2f460000] [id=8832]
  0x0000003c0f9b2800 ConcurrentGCThread "G1 Main Marker" [stack: 0x0000003c26eb0000,0x0000003c26fb0000] [id=4040]
  0x0000003c0f9b4000 ConcurrentGCThread "G1 Conc#0" [stack: 0x0000003c26fb0000,0x0000003c270b0000] [id=2644]
  0x0000003c29525800 ConcurrentGCThread "G1 Refine#0" [stack: 0x0000003c296f0000,0x0000003c297f0000] [id=4460]
  0x0000003c2c629800 ConcurrentGCThread "G1 Refine#1" [stack: 0x0000003c3ef50000,0x0000003c3f050000] [id=9056]
  0x0000003c29526800 ConcurrentGCThread "G1 Young RemSet Sampling" [stack: 0x0000003c297f0000,0x0000003c298f0000] [id=7908]

Threads with active compile tasks:

VM state:at safepoint (normal execution)

VM Mutex/Monitor currently owned by a thread:  ([mutex/lock_event])
[0x0000003c0f963c80] Threads_lock - owner thread: 0x0000003c2a0f4000
[0x0000003c0f963bf0] Heap_lock - owner thread: 0x0000003c3c4cd800

Heap address: 0x0000000080000000, size: 2048 MB, Compressed Oops mode: 32-bit
Narrow klass base: 0x0000000000000000, Narrow klass shift: 3
Compressed class space size: 1073741824 Address: 0x0000000100000000

Heap:
 garbage-first heap   total 273408K, used 181821K [0x0000000080000000, 0x0000000100000000)
  region size 1024K, 3 young (3072K), 3 survivors (3072K)
 Metaspace       used 120725K, capacity 123959K, committed 124364K, reserved 1157120K
  class space    used 14709K, capacity 15910K, committed 16076K, reserved 1048576K
Heap Regions: E=young(eden), S=young(survivor), O=old, HS=humongous(starts), HC=humongous(continues), CS=collection set, F=free, A=archive, TAMS=top-at-mark-start (previous, next)
|   0|0x0000000080000000, 0x0000000080100000, 0x0000000080100000|100%| O|  |TAMS 0x0000000080100000, 0x0000000080100000| Untracked 
|   1|0x0000000080100000, 0x0000000080200000, 0x0000000080200000|100%| O|  |TAMS 0x0000000080200000, 0x0000000080200000| Untracked 
|   2|0x0000000080200000, 0x0000000080300000, 0x0000000080300000|100%| O|  |TAMS 0x0000000080300000, 0x0000000080300000| Untracked 
|   3|0x0000000080300000, 0x0000000080400000, 0x0000000080400000|100%|HS|  |TAMS 0x0000000080400000, 0x0000000080400000| Complete 
|   4|0x0000000080400000, 0x0000000080500000, 0x0000000080500000|100%|HC|  |TAMS 0x0000000080500000, 0x0000000080500000| Complete 
|   5|0x0000000080500000, 0x0000000080600000, 0x0000000080600000|100%|HC|  |TAMS 0x0000000080600000, 0x0000000080600000| Complete 
|   6|0x0000000080600000, 0x0000000080700000, 0x0000000080700000|100%| O|  |TAMS 0x0000000080700000, 0x0000000080700000| Untracked 
|   7|0x0000000080700000, 0x0000000080800000, 0x0000000080800000|100%| O|  |TAMS 0x0000000080800000, 0x0000000080800000| Untracked 
|   8|0x0000000080800000, 0x0000000080900000, 0x0000000080900000|100%| O|  |TAMS 0x0000000080900000, 0x0000000080900000| Untracked 
|   9|0x0000000080900000, 0x0000000080a00000, 0x0000000080a00000|100%| O|  |TAMS 0x0000000080a00000, 0x0000000080a00000| Untracked 
|  10|0x0000000080a00000, 0x0000000080b00000, 0x0000000080b00000|100%| O|  |TAMS 0x0000000080b00000, 0x0000000080b00000| Untracked 
|  11|0x0000000080b00000, 0x0000000080c00000, 0x0000000080c00000|100%| O|  |TAMS 0x0000000080c00000, 0x0000000080c00000| Untracked 
|  12|0x0000000080c00000, 0x0000000080d00000, 0x0000000080d00000|100%| O|  |TAMS 0x0000000080d00000, 0x0000000080d00000| Untracked 
|  13|0x0000000080d00000, 0x0000000080e00000, 0x0000000080e00000|100%| O|  |TAMS 0x0000000080e00000, 0x0000000080e00000| Untracked 
|  14|0x0000000080e00000, 0x0000000080f00000, 0x0000000080f00000|100%| O|  |TAMS 0x0000000080f00000, 0x0000000080f00000| Untracked 
|  15|0x0000000080f00000, 0x0000000081000000, 0x0000000081000000|100%| O|  |TAMS 0x0000000081000000, 0x0000000081000000| Untracked 
|  16|0x0000000081000000, 0x0000000081100000, 0x0000000081100000|100%| O|  |TAMS 0x0000000081100000, 0x0000000081100000| Untracked 
|  17|0x0000000081100000, 0x0000000081200000, 0x0000000081200000|100%| O|  |TAMS 0x0000000081200000, 0x0000000081200000| Untracked 
|  18|0x0000000081200000, 0x0000000081300000, 0x0000000081300000|100%|HS|  |TAMS 0x0000000081300000, 0x0000000081300000| Complete 
|  19|0x0000000081300000, 0x0000000081400000, 0x0000000081400000|100%|HS|  |TAMS 0x0000000081400000, 0x0000000081400000| Complete 
|  20|0x0000000081400000, 0x0000000081500000, 0x0000000081500000|100%|HC|  |TAMS 0x0000000081500000, 0x0000000081500000| Complete 
|  21|0x0000000081500000, 0x0000000081600000, 0x0000000081600000|100%| O|  |TAMS 0x0000000081600000, 0x0000000081600000| Untracked 
|  22|0x0000000081600000, 0x0000000081700000, 0x0000000081700000|100%| O|  |TAMS 0x0000000081700000, 0x0000000081700000| Untracked 
|  23|0x0000000081700000, 0x0000000081800000, 0x0000000081800000|100%| O|  |TAMS 0x0000000081800000, 0x0000000081800000| Untracked 
|  24|0x0000000081800000, 0x0000000081900000, 0x0000000081900000|100%| O|  |TAMS 0x0000000081900000, 0x0000000081900000| Untracked 
|  25|0x0000000081900000, 0x0000000081a00000, 0x0000000081a00000|100%| O|  |TAMS 0x0000000081a00000, 0x0000000081a00000| Untracked 
|  26|0x0000000081a00000, 0x0000000081b00000, 0x0000000081b00000|100%| O|  |TAMS 0x0000000081b00000, 0x0000000081b00000| Untracked 
|  27|0x0000000081b00000, 0x0000000081c00000, 0x0000000081c00000|100%| O|  |TAMS 0x0000000081c00000, 0x0000000081c00000| Untracked 
|  28|0x0000000081c00000, 0x0000000081d00000, 0x0000000081d00000|100%| O|  |TAMS 0x0000000081d00000, 0x0000000081d00000| Untracked 
|  29|0x0000000081d00000, 0x0000000081e00000, 0x0000000081e00000|100%| O|  |TAMS 0x0000000081e00000, 0x0000000081e00000| Untracked 
|  30|0x0000000081e00000, 0x0000000081f00000, 0x0000000081f00000|100%| O|  |TAMS 0x0000000081f00000, 0x0000000081f00000| Untracked 
|  31|0x0000000081f00000, 0x0000000082000000, 0x0000000082000000|100%| O|  |TAMS 0x0000000082000000, 0x0000000082000000| Untracked 
|  32|0x0000000082000000, 0x0000000082100000, 0x0000000082100000|100%| O|  |TAMS 0x0000000082100000, 0x0000000082100000| Untracked 
|  33|0x0000000082100000, 0x0000000082200000, 0x0000000082200000|100%| O|  |TAMS 0x0000000082200000, 0x0000000082200000| Untracked 
|  34|0x0000000082200000, 0x0000000082300000, 0x0000000082300000|100%| O|  |TAMS 0x0000000082300000, 0x0000000082300000| Untracked 
|  35|0x0000000082300000, 0x0000000082400000, 0x0000000082400000|100%| O|  |TAMS 0x0000000082400000, 0x0000000082400000| Untracked 
|  36|0x0000000082400000, 0x0000000082500000, 0x0000000082500000|100%| O|  |TAMS 0x0000000082500000, 0x0000000082500000| Untracked 
|  37|0x0000000082500000, 0x0000000082600000, 0x0000000082600000|100%| O|  |TAMS 0x0000000082600000, 0x0000000082600000| Untracked 
|  38|0x0000000082600000, 0x0000000082700000, 0x0000000082700000|100%| O|  |TAMS 0x0000000082700000, 0x0000000082700000| Untracked 
|  39|0x0000000082700000, 0x0000000082800000, 0x0000000082800000|100%| O|  |TAMS 0x0000000082800000, 0x0000000082800000| Untracked 
|  40|0x0000000082800000, 0x0000000082900000, 0x0000000082900000|100%| O|  |TAMS 0x0000000082900000, 0x0000000082900000| Untracked 
|  41|0x0000000082900000, 0x0000000082a00000, 0x0000000082a00000|100%| O|  |TAMS 0x0000000082a00000, 0x0000000082a00000| Untracked 
|  42|0x0000000082a00000, 0x0000000082b00000, 0x0000000082b00000|100%| O|  |TAMS 0x0000000082b00000, 0x0000000082b00000| Untracked 
|  43|0x0000000082b00000, 0x0000000082c00000, 0x0000000082c00000|100%| O|  |TAMS 0x0000000082c00000, 0x0000000082c00000| Untracked 
|  44|0x0000000082c00000, 0x0000000082d00000, 0x0000000082d00000|100%| O|  |TAMS 0x0000000082d00000, 0x0000000082d00000| Untracked 
|  45|0x0000000082d00000, 0x0000000082e00000, 0x0000000082e00000|100%| O|  |TAMS 0x0000000082e00000, 0x0000000082e00000| Untracked 
|  46|0x0000000082e00000, 0x0000000082f00000, 0x0000000082f00000|100%| O|  |TAMS 0x0000000082f00000, 0x0000000082f00000| Untracked 
|  47|0x0000000082f00000, 0x0000000083000000, 0x0000000083000000|100%| O|  |TAMS 0x0000000083000000, 0x0000000083000000| Untracked 
|  48|0x0000000083000000, 0x0000000083100000, 0x0000000083100000|100%| O|  |TAMS 0x0000000083100000, 0x0000000083100000| Untracked 
|  49|0x0000000083100000, 0x0000000083200000, 0x0000000083200000|100%| O|  |TAMS 0x0000000083200000, 0x0000000083200000| Untracked 
|  50|0x0000000083200000, 0x0000000083300000, 0x0000000083300000|100%| O|  |TAMS 0x0000000083300000, 0x0000000083300000| Untracked 
|  51|0x0000000083300000, 0x0000000083400000, 0x0000000083400000|100%| O|  |TAMS 0x0000000083400000, 0x0000000083400000| Untracked 
|  52|0x0000000083400000, 0x0000000083500000, 0x0000000083500000|100%| O|  |TAMS 0x0000000083500000, 0x0000000083500000| Untracked 
|  53|0x0000000083500000, 0x0000000083600000, 0x0000000083600000|100%| O|  |TAMS 0x0000000083500000, 0x0000000083600000| Untracked 
|  54|0x0000000083600000, 0x0000000083700000, 0x0000000083700000|100%| O|  |TAMS 0x0000000083700000, 0x0000000083700000| Untracked 
|  55|0x0000000083700000, 0x0000000083800000, 0x0000000083800000|100%| O|  |TAMS 0x0000000083700000, 0x0000000083800000| Untracked 
|  56|0x0000000083800000, 0x0000000083900000, 0x0000000083900000|100%| O|  |TAMS 0x0000000083800000, 0x0000000083900000| Untracked 
|  57|0x0000000083900000, 0x0000000083a00000, 0x0000000083a00000|100%| O|  |TAMS 0x0000000083a00000, 0x0000000083a00000| Untracked 
|  58|0x0000000083a00000, 0x0000000083b00000, 0x0000000083b00000|100%| O|  |TAMS 0x0000000083b00000, 0x0000000083b00000| Untracked 
|  59|0x0000000083b00000, 0x0000000083c00000, 0x0000000083c00000|100%| O|  |TAMS 0x0000000083c00000, 0x0000000083c00000| Untracked 
|  60|0x0000000083c00000, 0x0000000083d00000, 0x0000000083d00000|100%| O|  |TAMS 0x0000000083d00000, 0x0000000083d00000| Untracked 
|  61|0x0000000083d00000, 0x0000000083e00000, 0x0000000083e00000|100%| O|  |TAMS 0x0000000083e00000, 0x0000000083e00000| Untracked 
|  62|0x0000000083e00000, 0x0000000083f00000, 0x0000000083f00000|100%| O|  |TAMS 0x0000000083f00000, 0x0000000083f00000| Untracked 
|  63|0x0000000083f00000, 0x0000000084000000, 0x0000000084000000|100%| O|  |TAMS 0x0000000083f00000, 0x0000000084000000| Untracked 
|  64|0x0000000084000000, 0x0000000084100000, 0x0000000084100000|100%| O|  |TAMS 0x0000000084000000, 0x0000000084100000| Untracked 
|  65|0x0000000084100000, 0x0000000084200000, 0x0000000084200000|100%| O|  |TAMS 0x0000000084100000, 0x0000000084200000| Untracked 
|  66|0x0000000084200000, 0x0000000084300000, 0x0000000084300000|100%| O|  |TAMS 0x0000000084200000, 0x0000000084300000| Untracked 
|  67|0x0000000084300000, 0x0000000084400000, 0x0000000084400000|100%| O|  |TAMS 0x0000000084400000, 0x0000000084400000| Untracked 
|  68|0x0000000084400000, 0x0000000084500000, 0x0000000084500000|100%| O|  |TAMS 0x0000000084500000, 0x0000000084500000| Untracked 
|  69|0x0000000084500000, 0x0000000084600000, 0x0000000084600000|100%| O|  |TAMS 0x0000000084600000, 0x0000000084600000| Untracked 
|  70|0x0000000084600000, 0x0000000084700000, 0x0000000084700000|100%| O|  |TAMS 0x0000000084600000, 0x0000000084700000| Untracked 
|  71|0x0000000084700000, 0x0000000084800000, 0x0000000084800000|100%|HS|  |TAMS 0x0000000084800000, 0x0000000084800000| Complete 
|  72|0x0000000084800000, 0x0000000084900000, 0x0000000084900000|100%|HC|  |TAMS 0x0000000084900000, 0x0000000084900000| Complete 
|  73|0x0000000084900000, 0x0000000084a00000, 0x0000000084a00000|100%| O|  |TAMS 0x0000000084900000, 0x0000000084a00000| Untracked 
|  74|0x0000000084a00000, 0x0000000084b00000, 0x0000000084b00000|100%| O|  |TAMS 0x0000000084a00000, 0x0000000084b00000| Untracked 
|  75|0x0000000084b00000, 0x0000000084c00000, 0x0000000084c00000|100%| O|  |TAMS 0x0000000084c00000, 0x0000000084c00000| Untracked 
|  76|0x0000000084c00000, 0x0000000084d00000, 0x0000000084d00000|100%| O|  |TAMS 0x0000000084d00000, 0x0000000084d00000| Untracked 
|  77|0x0000000084d00000, 0x0000000084e00000, 0x0000000084e00000|100%| O|  |TAMS 0x0000000084e00000, 0x0000000084e00000| Untracked 
|  78|0x0000000084e00000, 0x0000000084f00000, 0x0000000084f00000|100%| O|  |TAMS 0x0000000084f00000, 0x0000000084f00000| Untracked 
|  79|0x0000000084f00000, 0x0000000085000000, 0x0000000085000000|100%| O|  |TAMS 0x0000000085000000, 0x0000000085000000| Untracked 
|  80|0x0000000085000000, 0x0000000085100000, 0x0000000085100000|100%| O|  |TAMS 0x0000000085100000, 0x0000000085100000| Untracked 
|  81|0x0000000085100000, 0x0000000085200000, 0x0000000085200000|100%|HS|  |TAMS 0x0000000085100000, 0x0000000085200000| Complete 
|  82|0x0000000085200000, 0x0000000085300000, 0x0000000085300000|100%| O|  |TAMS 0x0000000085200000, 0x0000000085300000| Untracked 
|  83|0x0000000085300000, 0x0000000085400000, 0x0000000085400000|100%| O|  |TAMS 0x0000000085300000, 0x0000000085400000| Untracked 
|  84|0x0000000085400000, 0x0000000085500000, 0x0000000085500000|100%| O|  |TAMS 0x0000000085500000, 0x0000000085500000| Untracked 
|  85|0x0000000085500000, 0x0000000085600000, 0x0000000085600000|100%| O|  |TAMS 0x0000000085600000, 0x0000000085600000| Untracked 
|  86|0x0000000085600000, 0x0000000085700000, 0x0000000085700000|100%| O|  |TAMS 0x0000000085700000, 0x0000000085700000| Untracked 
|  87|0x0000000085700000, 0x0000000085800000, 0x0000000085800000|100%| O|  |TAMS 0x0000000085800000, 0x0000000085800000| Untracked 
|  88|0x0000000085800000, 0x0000000085900000, 0x0000000085900000|100%| O|  |TAMS 0x0000000085800000, 0x0000000085900000| Untracked 
|  89|0x0000000085900000, 0x0000000085a00000, 0x0000000085a00000|100%| O|  |TAMS 0x0000000085a00000, 0x0000000085a00000| Untracked 
|  90|0x0000000085a00000, 0x0000000085b00000, 0x0000000085b00000|100%| O|  |TAMS 0x0000000085a00000, 0x0000000085b00000| Untracked 
|  91|0x0000000085b00000, 0x0000000085c00000, 0x0000000085c00000|100%| O|  |TAMS 0x0000000085b00000, 0x0000000085c00000| Untracked 
|  92|0x0000000085c00000, 0x0000000085d00000, 0x0000000085d00000|100%| O|  |TAMS 0x0000000085c00000, 0x0000000085d00000| Untracked 
|  93|0x0000000085d00000, 0x0000000085e00000, 0x0000000085e00000|100%| O|  |TAMS 0x0000000085d00000, 0x0000000085e00000| Untracked 
|  94|0x0000000085e00000, 0x0000000085f00000, 0x0000000085f00000|100%| O|  |TAMS 0x0000000085f00000, 0x0000000085f00000| Untracked 
|  95|0x0000000085f00000, 0x0000000086000000, 0x0000000086000000|100%| O|  |TAMS 0x0000000085f00000, 0x0000000086000000| Untracked 
|  96|0x0000000086000000, 0x0000000086100000, 0x0000000086100000|100%| O|  |TAMS 0x0000000086100000, 0x0000000086100000| Untracked 
|  97|0x0000000086100000, 0x0000000086200000, 0x0000000086200000|100%| O|  |TAMS 0x0000000086200000, 0x0000000086200000| Untracked 
|  98|0x0000000086200000, 0x0000000086300000, 0x0000000086300000|100%| O|  |TAMS 0x0000000086300000, 0x0000000086300000| Untracked 
|  99|0x0000000086300000, 0x0000000086400000, 0x0000000086400000|100%| O|  |TAMS 0x0000000086400000, 0x0000000086400000| Untracked 
| 100|0x0000000086400000, 0x0000000086500000, 0x0000000086500000|100%| O|  |TAMS 0x0000000086500000, 0x0000000086500000| Untracked 
| 101|0x0000000086500000, 0x0000000086600000, 0x0000000086600000|100%| O|  |TAMS 0x0000000086500000, 0x0000000086600000| Untracked 
| 102|0x0000000086600000, 0x0000000086700000, 0x0000000086700000|100%| O|  |TAMS 0x0000000086700000, 0x0000000086700000| Untracked 
| 103|0x0000000086700000, 0x0000000086800000, 0x0000000086800000|100%| O|  |TAMS 0x0000000086700000, 0x0000000086800000| Untracked 
| 104|0x0000000086800000, 0x0000000086900000, 0x0000000086900000|100%| O|  |TAMS 0x0000000086900000, 0x0000000086900000| Untracked 
| 105|0x0000000086900000, 0x0000000086a00000, 0x0000000086a00000|100%| O|  |TAMS 0x0000000086a00000, 0x0000000086a00000| Untracked 
| 106|0x0000000086a00000, 0x0000000086b00000, 0x0000000086b00000|100%| O|  |TAMS 0x0000000086b00000, 0x0000000086b00000| Untracked 
| 107|0x0000000086b00000, 0x0000000086c00000, 0x0000000086c00000|100%| O|  |TAMS 0x0000000086c00000, 0x0000000086c00000| Untracked 
| 108|0x0000000086c00000, 0x0000000086d00000, 0x0000000086d00000|100%| O|  |TAMS 0x0000000086c00000, 0x0000000086d00000| Untracked 
| 109|0x0000000086d00000, 0x0000000086e00000, 0x0000000086e00000|100%| O|  |TAMS 0x0000000086d00000, 0x0000000086e00000| Untracked 
| 110|0x0000000086e00000, 0x0000000086f00000, 0x0000000086f00000|100%| O|  |TAMS 0x0000000086f00000, 0x0000000086f00000| Untracked 
| 111|0x0000000086f00000, 0x0000000087000000, 0x0000000087000000|100%| O|  |TAMS 0x0000000087000000, 0x0000000087000000| Untracked 
| 112|0x0000000087000000, 0x0000000087100000, 0x0000000087100000|100%| O|  |TAMS 0x0000000087100000, 0x0000000087100000| Untracked 
| 113|0x0000000087100000, 0x0000000087200000, 0x0000000087200000|100%| O|  |TAMS 0x0000000087100000, 0x0000000087200000| Untracked 
| 114|0x0000000087200000, 0x0000000087300000, 0x0000000087300000|100%| O|  |TAMS 0x0000000087200000, 0x0000000087300000| Untracked 
| 115|0x0000000087300000, 0x0000000087400000, 0x0000000087400000|100%| O|  |TAMS 0x0000000087300000, 0x0000000087400000| Untracked 
| 116|0x0000000087400000, 0x0000000087500000, 0x0000000087500000|100%| O|  |TAMS 0x0000000087400000, 0x0000000087500000| Untracked 
| 117|0x0000000087500000, 0x0000000087600000, 0x0000000087600000|100%| O|  |TAMS 0x00000000875de400, 0x0000000087600000| Untracked 
| 118|0x0000000087600000, 0x0000000087700000, 0x0000000087700000|100%|HS|  |TAMS 0x0000000087600000, 0x0000000087700000| Complete 
| 119|0x0000000087700000, 0x0000000087800000, 0x0000000087800000|100%|HC|  |TAMS 0x0000000087700000, 0x0000000087800000| Complete 
| 120|0x0000000087800000, 0x0000000087900000, 0x0000000087900000|100%|HC|  |TAMS 0x0000000087800000, 0x0000000087900000| Complete 
| 121|0x0000000087900000, 0x0000000087a00000, 0x0000000087a00000|100%|HC|  |TAMS 0x0000000087900000, 0x0000000087a00000| Complete 
| 122|0x0000000087a00000, 0x0000000087b00000, 0x0000000087b00000|100%|HC|  |TAMS 0x0000000087a00000, 0x0000000087b00000| Complete 
| 123|0x0000000087b00000, 0x0000000087c00000, 0x0000000087c00000|100%|HC|  |TAMS 0x0000000087b00000, 0x0000000087c00000| Complete 
| 124|0x0000000087c00000, 0x0000000087d00000, 0x0000000087d00000|100%|HC|  |TAMS 0x0000000087c00000, 0x0000000087d00000| Complete 
| 125|0x0000000087d00000, 0x0000000087e00000, 0x0000000087e00000|100%| O|  |TAMS 0x0000000087d00000, 0x0000000087e00000| Untracked 
| 126|0x0000000087e00000, 0x0000000087f00000, 0x0000000087f00000|100%| O|  |TAMS 0x0000000087e00000, 0x0000000087f00000| Untracked 
| 127|0x0000000087f00000, 0x0000000088000000, 0x0000000088000000|100%| O|  |TAMS 0x0000000087f00000, 0x0000000088000000| Untracked 
| 128|0x0000000088000000, 0x0000000088100000, 0x0000000088100000|100%| O|  |TAMS 0x0000000088000000, 0x0000000088100000| Untracked 
| 129|0x0000000088100000, 0x0000000088200000, 0x0000000088200000|100%| O|  |TAMS 0x0000000088100000, 0x0000000088200000| Untracked 
| 130|0x0000000088200000, 0x0000000088300000, 0x0000000088300000|100%| O|  |TAMS 0x0000000088200000, 0x0000000088300000| Untracked 
| 131|0x0000000088300000, 0x0000000088400000, 0x0000000088400000|100%| O|  |TAMS 0x0000000088300000, 0x0000000088400000| Untracked 
| 132|0x0000000088400000, 0x0000000088500000, 0x0000000088500000|100%|HS|  |TAMS 0x0000000088400000, 0x0000000088500000| Complete 
| 133|0x0000000088500000, 0x0000000088600000, 0x0000000088600000|100%|HC|  |TAMS 0x0000000088500000, 0x0000000088600000| Complete 
| 134|0x0000000088600000, 0x0000000088700000, 0x0000000088700000|100%|HC|  |TAMS 0x0000000088600000, 0x0000000088700000| Complete 
| 135|0x0000000088700000, 0x0000000088800000, 0x0000000088800000|100%|HC|  |TAMS 0x0000000088700000, 0x0000000088800000| Complete 
| 136|0x0000000088800000, 0x0000000088900000, 0x0000000088900000|100%|HC|  |TAMS 0x0000000088800000, 0x0000000088900000| Complete 
| 137|0x0000000088900000, 0x0000000088a00000, 0x0000000088a00000|100%|HC|  |TAMS 0x0000000088900000, 0x0000000088a00000| Complete 
| 138|0x0000000088a00000, 0x0000000088b00000, 0x0000000088b00000|100%|HC|  |TAMS 0x0000000088a00000, 0x0000000088b00000| Complete 
| 139|0x0000000088b00000, 0x0000000088c00000, 0x0000000088c00000|100%| O|  |TAMS 0x0000000088b00000, 0x0000000088c00000| Untracked 
| 140|0x0000000088c00000, 0x0000000088d00000, 0x0000000088d00000|100%| O|  |TAMS 0x0000000088c00000, 0x0000000088d00000| Untracked 
| 141|0x0000000088d00000, 0x0000000088e00000, 0x0000000088e00000|100%| O|  |TAMS 0x0000000088d00000, 0x0000000088e00000| Untracked 
| 142|0x0000000088e00000, 0x0000000088f00000, 0x0000000088f00000|100%| O|  |TAMS 0x0000000088e00000, 0x0000000088f00000| Untracked 
| 143|0x0000000088f00000, 0x0000000089000000, 0x0000000089000000|100%| O|  |TAMS 0x0000000088f00000, 0x0000000089000000| Untracked 
| 144|0x0000000089000000, 0x0000000089100000, 0x0000000089100000|100%| O|  |TAMS 0x0000000089000000, 0x0000000089100000| Untracked 
| 145|0x0000000089100000, 0x0000000089200000, 0x0000000089200000|100%| O|  |TAMS 0x0000000089100000, 0x0000000089200000| Untracked 
| 146|0x0000000089200000, 0x0000000089300000, 0x0000000089300000|100%| O|  |TAMS 0x0000000089200000, 0x0000000089300000| Untracked 
| 147|0x0000000089300000, 0x0000000089400000, 0x0000000089400000|100%| O|  |TAMS 0x0000000089300000, 0x0000000089400000| Untracked 
| 148|0x0000000089400000, 0x0000000089500000, 0x0000000089500000|100%| O|  |TAMS 0x0000000089400000, 0x0000000089500000| Untracked 
| 149|0x0000000089500000, 0x0000000089600000, 0x0000000089600000|100%| O|  |TAMS 0x0000000089500000, 0x0000000089600000| Untracked 
| 150|0x0000000089600000, 0x0000000089700000, 0x0000000089700000|100%| O|  |TAMS 0x0000000089600000, 0x0000000089700000| Untracked 
| 151|0x0000000089700000, 0x0000000089800000, 0x0000000089800000|100%| O|  |TAMS 0x0000000089700000, 0x0000000089800000| Untracked 
| 152|0x0000000089800000, 0x0000000089900000, 0x0000000089900000|100%| O|  |TAMS 0x0000000089800000, 0x0000000089900000| Untracked 
| 153|0x0000000089900000, 0x0000000089a00000, 0x0000000089a00000|100%| O|  |TAMS 0x0000000089900000, 0x0000000089a00000| Untracked 
| 154|0x0000000089a00000, 0x0000000089b00000, 0x0000000089b00000|100%| O|  |TAMS 0x0000000089a00000, 0x0000000089b00000| Untracked 
| 155|0x0000000089b00000, 0x0000000089c00000, 0x0000000089c00000|100%| O|  |TAMS 0x0000000089b00000, 0x0000000089c00000| Untracked 
| 156|0x0000000089c00000, 0x0000000089d00000, 0x0000000089d00000|100%| O|  |TAMS 0x0000000089c00000, 0x0000000089d00000| Untracked 
| 157|0x0000000089d00000, 0x0000000089e00000, 0x0000000089e00000|100%| O|  |TAMS 0x0000000089d00000, 0x0000000089e00000| Untracked 
| 158|0x0000000089e00000, 0x0000000089f00000, 0x0000000089f00000|100%| O|  |TAMS 0x0000000089e00000, 0x0000000089f00000| Untracked 
| 159|0x0000000089f00000, 0x000000008a000000, 0x000000008a000000|100%| O|  |TAMS 0x0000000089f00000, 0x000000008a000000| Untracked 
| 160|0x000000008a000000, 0x000000008a100000, 0x000000008a100000|100%| O|  |TAMS 0x000000008a000000, 0x000000008a100000| Untracked 
| 161|0x000000008a100000, 0x000000008a200000, 0x000000008a200000|100%| O|  |TAMS 0x000000008a100000, 0x000000008a200000| Untracked 
| 162|0x000000008a200000, 0x000000008a300000, 0x000000008a300000|100%| O|  |TAMS 0x000000008a200000, 0x000000008a300000| Untracked 
| 163|0x000000008a300000, 0x000000008a400000, 0x000000008a400000|100%| O|  |TAMS 0x000000008a300000, 0x000000008a400000| Untracked 
| 164|0x000000008a400000, 0x000000008a500000, 0x000000008a500000|100%| O|  |TAMS 0x000000008a400000, 0x000000008a4dbc00| Untracked 
| 165|0x000000008a500000, 0x000000008a600000, 0x000000008a600000|100%| O|  |TAMS 0x000000008a500000, 0x000000008a600000| Untracked 
| 166|0x000000008a600000, 0x000000008a700000, 0x000000008a700000|100%| O|  |TAMS 0x000000008a600000, 0x000000008a700000| Untracked 
| 167|0x000000008a700000, 0x000000008a800000, 0x000000008a800000|100%| O|  |TAMS 0x000000008a700000, 0x000000008a800000| Untracked 
| 168|0x000000008a800000, 0x000000008a900000, 0x000000008a900000|100%| O|  |TAMS 0x000000008a800000, 0x000000008a900000| Untracked 
| 169|0x000000008a900000, 0x000000008aa00000, 0x000000008aa00000|100%| O|  |TAMS 0x000000008a900000, 0x000000008aa00000| Untracked 
| 170|0x000000008aa00000, 0x000000008ab00000, 0x000000008ab00000|100%| O|  |TAMS 0x000000008aa00000, 0x000000008aa00000| Untracked 
| 171|0x000000008ab00000, 0x000000008ac00000, 0x000000008ac00000|100%| O|  |TAMS 0x000000008ab00000, 0x000000008ab00000| Untracked 
| 172|0x000000008ac00000, 0x000000008ad00000, 0x000000008ad00000|100%| O|  |TAMS 0x000000008ac00000, 0x000000008ac00000| Untracked 
| 173|0x000000008ad00000, 0x000000008ae00000, 0x000000008ae00000|100%| O|  |TAMS 0x000000008ad00000, 0x000000008ad00000| Untracked 
| 174|0x000000008ae00000, 0x000000008ae8f600, 0x000000008af00000| 56%| O|  |TAMS 0x000000008ae00000, 0x000000008ae00000| Untracked 
| 175|0x000000008af00000, 0x000000008af00000, 0x000000008b000000|  0%| F|  |TAMS 0x000000008af00000, 0x000000008af00000| Untracked 
| 176|0x000000008b000000, 0x000000008b000000, 0x000000008b100000|  0%| F|  |TAMS 0x000000008b000000, 0x000000008b000000| Untracked 
| 177|0x000000008b100000, 0x000000008b100000, 0x000000008b200000|  0%| F|  |TAMS 0x000000008b100000, 0x000000008b100000| Untracked 
| 178|0x000000008b200000, 0x000000008b200000, 0x000000008b300000|  0%| F|  |TAMS 0x000000008b200000, 0x000000008b200000| Untracked 
| 179|0x000000008b300000, 0x000000008b300000, 0x000000008b400000|  0%| F|  |TAMS 0x000000008b300000, 0x000000008b300000| Untracked 
| 180|0x000000008b400000, 0x000000008b400000, 0x000000008b500000|  0%| F|  |TAMS 0x000000008b400000, 0x000000008b400000| Untracked 
| 181|0x000000008b500000, 0x000000008b500000, 0x000000008b600000|  0%| F|  |TAMS 0x000000008b500000, 0x000000008b500000| Untracked 
| 182|0x000000008b600000, 0x000000008b600000, 0x000000008b700000|  0%| F|  |TAMS 0x000000008b600000, 0x000000008b600000| Untracked 
| 183|0x000000008b700000, 0x000000008b700000, 0x000000008b800000|  0%| F|  |TAMS 0x000000008b700000, 0x000000008b700000| Untracked 
| 184|0x000000008b800000, 0x000000008b800000, 0x000000008b900000|  0%| F|  |TAMS 0x000000008b800000, 0x000000008b800000| Untracked 
| 185|0x000000008b900000, 0x000000008b900000, 0x000000008ba00000|  0%| F|  |TAMS 0x000000008b900000, 0x000000008b900000| Untracked 
| 186|0x000000008ba00000, 0x000000008ba00000, 0x000000008bb00000|  0%| F|  |TAMS 0x000000008ba00000, 0x000000008ba00000| Untracked 
| 187|0x000000008bb00000, 0x000000008bb00000, 0x000000008bc00000|  0%| F|  |TAMS 0x000000008bb00000, 0x000000008bb00000| Untracked 
| 188|0x000000008bc00000, 0x000000008bc00000, 0x000000008bd00000|  0%| F|  |TAMS 0x000000008bc00000, 0x000000008bc00000| Untracked 
| 189|0x000000008bd00000, 0x000000008bd00000, 0x000000008be00000|  0%| F|  |TAMS 0x000000008bd00000, 0x000000008bd00000| Untracked 
| 190|0x000000008be00000, 0x000000008be00000, 0x000000008bf00000|  0%| F|  |TAMS 0x000000008be00000, 0x000000008be00000| Untracked 
| 191|0x000000008bf00000, 0x000000008bf00000, 0x000000008c000000|  0%| F|  |TAMS 0x000000008bf00000, 0x000000008bf00000| Untracked 
| 192|0x000000008c000000, 0x000000008c000000, 0x000000008c100000|  0%| F|  |TAMS 0x000000008c000000, 0x000000008c000000| Untracked 
| 193|0x000000008c100000, 0x000000008c100000, 0x000000008c200000|  0%| F|  |TAMS 0x000000008c100000, 0x000000008c100000| Untracked 
| 194|0x000000008c200000, 0x000000008c200000, 0x000000008c300000|  0%| F|  |TAMS 0x000000008c200000, 0x000000008c200000| Untracked 
| 195|0x000000008c300000, 0x000000008c300000, 0x000000008c400000|  0%| F|  |TAMS 0x000000008c300000, 0x000000008c300000| Untracked 
| 196|0x000000008c400000, 0x000000008c400000, 0x000000008c500000|  0%| F|  |TAMS 0x000000008c400000, 0x000000008c400000| Untracked 
| 197|0x000000008c500000, 0x000000008c500000, 0x000000008c600000|  0%| F|  |TAMS 0x000000008c500000, 0x000000008c500000| Untracked 
| 198|0x000000008c600000, 0x000000008c600000, 0x000000008c700000|  0%| F|  |TAMS 0x000000008c600000, 0x000000008c600000| Untracked 
| 199|0x000000008c700000, 0x000000008c700000, 0x000000008c800000|  0%| F|  |TAMS 0x000000008c700000, 0x000000008c700000| Untracked 
| 200|0x000000008c800000, 0x000000008c800000, 0x000000008c900000|  0%| F|  |TAMS 0x000000008c800000, 0x000000008c800000| Untracked 
| 201|0x000000008c900000, 0x000000008c900000, 0x000000008ca00000|  0%| F|  |TAMS 0x000000008c900000, 0x000000008c900000| Untracked 
| 202|0x000000008ca00000, 0x000000008ca00000, 0x000000008cb00000|  0%| F|  |TAMS 0x000000008ca00000, 0x000000008ca00000| Untracked 
| 203|0x000000008cb00000, 0x000000008cc00000, 0x000000008cc00000|100%| S|CS|TAMS 0x000000008cb00000, 0x000000008cb00000| Complete 
| 204|0x000000008cc00000, 0x000000008cc00000, 0x000000008cd00000|  0%| F|  |TAMS 0x000000008cc00000, 0x000000008cc00000| Untracked 
| 205|0x000000008cd00000, 0x000000008cd00000, 0x000000008ce00000|  0%| F|  |TAMS 0x000000008cd00000, 0x000000008cd00000| Untracked 
| 206|0x000000008ce00000, 0x000000008cf00000, 0x000000008cf00000|100%| S|CS|TAMS 0x000000008ce00000, 0x000000008ce00000| Complete 
| 207|0x000000008cf00000, 0x000000008d000000, 0x000000008d000000|100%| S|CS|TAMS 0x000000008cf00000, 0x000000008cf00000| Complete 
| 208|0x000000008d000000, 0x000000008d000000, 0x000000008d100000|  0%| F|  |TAMS 0x000000008d000000, 0x000000008d000000| Untracked 
| 209|0x000000008d100000, 0x000000008d100000, 0x000000008d200000|  0%| F|  |TAMS 0x000000008d100000, 0x000000008d100000| Untracked 
| 210|0x000000008d200000, 0x000000008d200000, 0x000000008d300000|  0%| F|  |TAMS 0x000000008d200000, 0x000000008d200000| Untracked 
| 211|0x000000008d300000, 0x000000008d300000, 0x000000008d400000|  0%| F|  |TAMS 0x000000008d300000, 0x000000008d300000| Untracked 
| 212|0x000000008d400000, 0x000000008d400000, 0x000000008d500000|  0%| F|  |TAMS 0x000000008d400000, 0x000000008d400000| Untracked 
| 213|0x000000008d500000, 0x000000008d500000, 0x000000008d600000|  0%| F|  |TAMS 0x000000008d500000, 0x000000008d500000| Untracked 
| 214|0x000000008d600000, 0x000000008d600000, 0x000000008d700000|  0%| F|  |TAMS 0x000000008d600000, 0x000000008d600000| Untracked 
| 215|0x000000008d700000, 0x000000008d700000, 0x000000008d800000|  0%| F|  |TAMS 0x000000008d700000, 0x000000008d700000| Untracked 
| 216|0x000000008d800000, 0x000000008d800000, 0x000000008d900000|  0%| F|  |TAMS 0x000000008d800000, 0x000000008d800000| Untracked 
| 217|0x000000008d900000, 0x000000008d900000, 0x000000008da00000|  0%| F|  |TAMS 0x000000008d900000, 0x000000008d900000| Untracked 
| 218|0x000000008da00000, 0x000000008da00000, 0x000000008db00000|  0%| F|  |TAMS 0x000000008da00000, 0x000000008da00000| Untracked 
| 219|0x000000008db00000, 0x000000008db00000, 0x000000008dc00000|  0%| F|  |TAMS 0x000000008db00000, 0x000000008db00000| Untracked 
| 220|0x000000008dc00000, 0x000000008dc00000, 0x000000008dd00000|  0%| F|  |TAMS 0x000000008dc00000, 0x000000008dc00000| Untracked 
| 221|0x000000008dd00000, 0x000000008dd00000, 0x000000008de00000|  0%| F|  |TAMS 0x000000008dd00000, 0x000000008dd00000| Untracked 

Card table byte_map: [0x0000003c226b0000,0x0000003c22ab0000] _byte_map_base: 0x0000003c222b0000

Marking Bits (Prev, Next): (CMBitMap*) 0x0000003c0f9a9b08, (CMBitMap*) 0x0000003c0f9a9b40
 Prev Bits: [0x0000003c22eb0000, 0x0000003c24eb0000)
 Next Bits: [0x0000003c24eb0000, 0x0000003c26eb0000)

Polling page: 0x0000003c0d750000

Metaspace:

Usage:
  Non-class:    105.52 MB capacity,   103.53 MB ( 98%) used,     1.62 MB (  2%) free+waste,   376.75 KB ( <1%) overhead. 
      Class:     15.54 MB capacity,    14.36 MB ( 92%) used,     1.00 MB (  6%) free+waste,   172.06 KB (  1%) overhead. 
       Both:    121.05 MB capacity,   117.90 MB ( 97%) used,     2.62 MB (  2%) free+waste,   548.81 KB ( <1%) overhead. 

Virtual space:
  Non-class space:      106.00 MB reserved,     105.75 MB (>99%) committed 
      Class space:        1.00 GB reserved,      15.70 MB (  2%) committed 
             Both:        1.10 GB reserved,     121.45 MB ( 11%) committed 

Chunk freelists:
   Non-Class:  47.00 KB
       Class:  58.00 KB
        Both:  105.00 KB

MaxMetaspaceSize: 17179869184.00 GB
CompressedClassSpaceSize: 1.00 GB

CodeHeap 'non-profiled nmethods': size=120064Kb used=15521Kb max_used=15521Kb free=104543Kb
 bounds [0x0000003c1ad70000, 0x0000003c1bca0000, 0x0000003c222b0000]
CodeHeap 'profiled nmethods': size=120000Kb used=43248Kb max_used=43248Kb free=76752Kb
 bounds [0x0000003c13840000, 0x0000003c162b0000, 0x0000003c1ad70000]
CodeHeap 'non-nmethods': size=5696Kb used=2382Kb max_used=2447Kb free=3313Kb
 bounds [0x0000003c132b0000, 0x0000003c13520000, 0x0000003c13840000]
 total_blobs=20569 nmethods=19538 adapters=940
 compilation: enabled
              stopped_count=0, restarted_count=0
 full_count=0

Compilation events (20 events):
Event: 370.934 Thread 0x0000003c2a141000 nmethod 22634 0x0000003c1bc95c90 code [0x0000003c1bc95e40, 0x0000003c1bc964b8]
Event: 370.934 Thread 0x0000003c2a141000 22632       4       java.util.stream.Nodes$SpinedNodeBuilder::asArray (29 bytes)
Event: 370.945 Thread 0x0000003c2b652000 nmethod 22625 0x0000003c1bc96890 code [0x0000003c1bc96a60, 0x0000003c1bc97158]
Event: 370.946 Thread 0x0000003c2a150800 22635       3       java.util.stream.ReferencePipeline::toArray (18 bytes)
Event: 370.947 Thread 0x0000003c2a150800 nmethod 22635 0x0000003c162a0b90 code [0x0000003c162a0d60, 0x0000003c162a0f88]
Event: 370.948 Thread 0x0000003c2a141000 nmethod 22632 0x0000003c1bc97710 code [0x0000003c1bc978e0, 0x0000003c1bc97fb8]
Event: 370.949 Thread 0x0000003c2a150800 22636       3       com.android.tools.r8.graph.t0$i::a (12 bytes)
Event: 370.950 Thread 0x0000003c2a150800 nmethod 22636 0x0000003c162a1090 code [0x0000003c162a1260, 0x0000003c162a1488]
Event: 370.950 Thread 0x0000003c2b652000 22637       4       com.android.tools.r8.code.j2::a (1 bytes)
Event: 370.951 Thread 0x0000003c2b652000 nmethod 22637 0x0000003c1bc98510 code [0x0000003c1bc986a0, 0x0000003c1bc986f8]
Event: 370.951 Thread 0x0000003c2a141000 22638       4       com.android.tools.r8.code.m2::a (1 bytes)
Event: 370.952 Thread 0x0000003c2a141000 nmethod 22638 0x0000003c1bc98790 code [0x0000003c1bc98920, 0x0000003c1bc98978]
Event: 370.952 Thread 0x0000003c2b652000 22639       4       java.util.stream.Nodes$SpinedNodeBuilder::begin (38 bytes)
Event: 370.953 Thread 0x0000003c2b652000 nmethod 22639 0x0000003c1bc98a10 code [0x0000003c1bc98bc0, 0x0000003c1bc98c88]
Event: 370.954 Thread 0x0000003c2a150800 22640       3       com.android.tools.r8.code.f::a (1 bytes)
Event: 370.954 Thread 0x0000003c2a150800 nmethod 22640 0x0000003c162a1590 code [0x0000003c162a1740, 0x0000003c162a1838]
Event: 370.957 Thread 0x0000003c2a141000 22641       4       com.android.tools.r8.graph.t0$u::a (20 bytes)
Event: 370.958 Thread 0x0000003c2a141000 nmethod 22641 0x0000003c1bc98d90 code [0x0000003c1bc98f40, 0x0000003c1bc99028]
Event: 370.963 Thread 0x0000003c2b652000 22642       4       com.android.tools.r8.code.U3::a (1 bytes)
Event: 370.963 Thread 0x0000003c2b652000 nmethod 22642 0x0000003c1bc99190 code [0x0000003c1bc99320, 0x0000003c1bc99378]

GC Heap History (20 events):
Event: 362.224 GC heap after
{Heap after GC invocations=59 (full 0):
 garbage-first heap   total 227328K, used 110592K [0x0000000080000000, 0x0000000100000000)
  region size 1024K, 9 young (9216K), 9 survivors (9216K)
 Metaspace       used 106042K, capacity 108465K, committed 108620K, reserved 1144832K
  class space    used 12781K, capacity 13632K, committed 13644K, reserved 1048576K
}
Event: 362.489 GC heap before
{Heap before GC invocations=59 (full 0):
 garbage-first heap   total 227328K, used 112640K [0x0000000080000000, 0x0000000100000000)
  region size 1024K, 11 young (11264K), 9 survivors (9216K)
 Metaspace       used 106065K, capacity 108529K, committed 108620K, reserved 1144832K
  class space    used 12782K, capacity 13632K, committed 13644K, reserved 1048576K
}
Event: 362.507 GC heap after
{Heap after GC invocations=60 (full 0):
 garbage-first heap   total 227328K, used 95841K [0x0000000080000000, 0x0000000100000000)
  region size 1024K, 2 young (2048K), 2 survivors (2048K)
 Metaspace       used 106065K, capacity 108529K, committed 108620K, reserved 1144832K
  class space    used 12782K, capacity 13632K, committed 13644K, reserved 1048576K
}
Event: 365.114 GC heap before
{Heap before GC invocations=60 (full 0):
 garbage-first heap   total 227328K, used 179809K [0x0000000080000000, 0x0000000100000000)
  region size 1024K, 79 young (80896K), 2 survivors (2048K)
 Metaspace       used 111516K, capacity 114238K, committed 114380K, reserved 1148928K
  class space    used 13479K, capacity 14412K, committed 14540K, reserved 1048576K
}
Event: 365.133 GC heap after
{Heap after GC invocations=61 (full 0):
 garbage-first heap   total 227328K, used 107520K [0x0000000080000000, 0x0000000100000000)
  region size 1024K, 10 young (10240K), 10 survivors (10240K)
 Metaspace       used 111516K, capacity 114238K, committed 114380K, reserved 1148928K
  class space    used 13479K, capacity 14412K, committed 14540K, reserved 1048576K
}
Event: 366.574 GC heap before
{Heap before GC invocations=61 (full 0):
 garbage-first heap   total 227328K, used 178175K [0x0000000080000000, 0x0000000100000000)
  region size 1024K, 80 young (81920K), 10 survivors (10240K)
 Metaspace       used 117551K, capacity 120675K, committed 120780K, reserved 1155072K
  class space    used 14384K, capacity 15539K, committed 15564K, reserved 1048576K
}
Event: 366.612 GC heap after
{Heap after GC invocations=62 (full 0):
 garbage-first heap   total 227328K, used 120038K [0x0000000080000000, 0x0000000100000000)
  region size 1024K, 10 young (10240K), 10 survivors (10240K)
 Metaspace       used 117551K, capacity 120675K, committed 120780K, reserved 1155072K
  class space    used 14384K, capacity 15539K, committed 15564K, reserved 1048576K
}
Event: 367.811 GC heap before
{Heap before GC invocations=62 (full 0):
 garbage-first heap   total 227328K, used 162022K [0x0000000080000000, 0x0000000100000000)
  region size 1024K, 52 young (53248K), 10 survivors (10240K)
 Metaspace       used 119650K, capacity 122906K, committed 123084K, reserved 1157120K
  class space    used 14575K, capacity 15785K, committed 15820K, reserved 1048576K
}
Event: 367.830 GC heap after
{Heap after GC invocations=63 (full 0):
 garbage-first heap   total 227328K, used 119115K [0x0000000080000000, 0x0000000100000000)
  region size 1024K, 2 young (2048K), 2 survivors (2048K)
 Metaspace       used 119650K, capacity 122906K, committed 123084K, reserved 1157120K
  class space    used 14575K, capacity 15785K, committed 15820K, reserved 1048576K
}
Event: 369.086 GC heap before
{Heap before GC invocations=64 (full 0):
 garbage-first heap   total 227328K, used 196939K [0x0000000080000000, 0x0000000100000000)
  region size 1024K, 57 young (58368K), 2 survivors (2048K)
 Metaspace       used 120550K, capacity 123802K, committed 124108K, reserved 1157120K
  class space    used 14702K, capacity 15905K, committed 16076K, reserved 1048576K
}
Event: 369.142 GC heap after
{Heap after GC invocations=65 (full 0):
 garbage-first heap   total 227328K, used 158583K [0x0000000080000000, 0x0000000100000000)
  region size 1024K, 8 young (8192K), 8 survivors (8192K)
 Metaspace       used 120550K, capacity 123802K, committed 124108K, reserved 1157120K
  class space    used 14702K, capacity 15905K, committed 16076K, reserved 1048576K
}
Event: 369.181 GC heap before
{Heap before GC invocations=65 (full 0):
 garbage-first heap   total 227328K, used 161655K [0x0000000080000000, 0x0000000100000000)
  region size 1024K, 11 young (11264K), 8 survivors (8192K)
 Metaspace       used 120550K, capacity 123802K, committed 124108K, reserved 1157120K
  class space    used 14702K, capacity 15905K, committed 16076K, reserved 1048576K
}
Event: 369.233 GC heap after
{Heap after GC invocations=66 (full 0):
 garbage-first heap   total 227328K, used 145408K [0x0000000080000000, 0x0000000100000000)
  region size 1024K, 2 young (2048K), 2 survivors (2048K)
 Metaspace       used 120550K, capacity 123802K, committed 124108K, reserved 1157120K
  class space    used 14702K, capacity 15905K, committed 16076K, reserved 1048576K
}
Event: 369.804 GC heap before
{Heap before GC invocations=66 (full 0):
 garbage-first heap   total 227328K, used 179200K [0x0000000080000000, 0x0000000100000000)
  region size 1024K, 36 young (36864K), 2 survivors (2048K)
 Metaspace       used 120575K, capacity 123803K, committed 124108K, reserved 1157120K
  class space    used 14702K, capacity 15905K, committed 16076K, reserved 1048576K
}
Event: 369.841 GC heap after
{Heap after GC invocations=67 (full 0):
 garbage-first heap   total 227328K, used 165888K [0x0000000080000000, 0x0000000100000000)
  region size 1024K, 5 young (5120K), 5 survivors (5120K)
 Metaspace       used 120575K, capacity 123803K, committed 124108K, reserved 1157120K
  class space    used 14702K, capacity 15905K, committed 16076K, reserved 1048576K
}
Event: 370.149 GC heap before
{Heap before GC invocations=67 (full 0):
 garbage-first heap   total 227328K, used 185344K [0x0000000080000000, 0x0000000100000000)
  region size 1024K, 23 young (23552K), 5 survivors (5120K)
 Metaspace       used 120673K, capacity 123957K, committed 124364K, reserved 1157120K
  class space    used 14709K, capacity 15910K, committed 16076K, reserved 1048576K
}
Event: 370.174 GC heap after
{Heap after GC invocations=68 (full 0):
 garbage-first heap   total 227328K, used 171520K [0x0000000080000000, 0x0000000100000000)
  region size 1024K, 3 young (3072K), 3 survivors (3072K)
 Metaspace       used 120673K, capacity 123957K, committed 124364K, reserved 1157120K
  class space    used 14709K, capacity 15910K, committed 16076K, reserved 1048576K
}
Event: 370.452 GC heap before
{Heap before GC invocations=68 (full 0):
 garbage-first heap   total 227328K, used 186880K [0x0000000080000000, 0x0000000100000000)
  region size 1024K, 19 young (19456K), 3 survivors (3072K)
 Metaspace       used 120716K, capacity 123959K, committed 124364K, reserved 1157120K
  class space    used 14709K, capacity 15910K, committed 16076K, reserved 1048576K
}
Event: 370.473 GC heap after
{Heap after GC invocations=69 (full 0):
 garbage-first heap   total 227328K, used 177007K [0x0000000080000000, 0x0000000100000000)
  region size 1024K, 3 young (3072K), 3 survivors (3072K)
 Metaspace       used 120716K, capacity 123959K, committed 124364K, reserved 1157120K
  class space    used 14709K, capacity 15910K, committed 16076K, reserved 1048576K
}
Event: 370.964 GC heap before
{Heap before GC invocations=69 (full 0):
 garbage-first heap   total 227328K, used 190319K [0x0000000080000000, 0x0000000100000000)
  region size 1024K, 17 young (17408K), 3 survivors (3072K)
 Metaspace       used 120725K, capacity 123959K, committed 124364K, reserved 1157120K
  class space    used 14709K, capacity 15910K, committed 16076K, reserved 1048576K
}

Deoptimization events (20 events):
Event: 370.889 Thread 0x0000003c3c4cd800 Uncommon trap: trap_request=0xffffffcc fr.pc=0x0000003c1bc8fe18 relative=0x0000000000000158
Event: 370.889 Thread 0x0000003c3c4cd800 Uncommon trap: reason=intrinsic_or_type_checked_inlining action=make_not_entrant pc=0x0000003c1bc8fe18 method=java.util.stream.SpinedBuffer.copyInto([Ljava/lang/Object;I)V @ 51 c2
Event: 370.889 Thread 0x0000003c3c4cd800 DEOPT PACKING pc=0x0000003c1bc8fe18 sp=0x0000003c4200d3d0
Event: 370.889 Thread 0x0000003c3c4cd800 DEOPT UNPACKING pc=0x0000003c132d742f sp=0x0000003c4200d2f0 mode 2
Event: 370.897 Thread 0x0000003c3c4cd800 Uncommon trap: trap_request=0xffffffcc fr.pc=0x0000003c1bc90ee8 relative=0x00000000000006c8
Event: 370.897 Thread 0x0000003c3c4cd800 Uncommon trap: reason=intrinsic_or_type_checked_inlining action=make_not_entrant pc=0x0000003c1bc90ee8 method=java.util.stream.SpinedBuffer.copyInto([Ljava/lang/Object;I)V @ 87 c2
Event: 370.897 Thread 0x0000003c3c4cd800 DEOPT PACKING pc=0x0000003c1bc90ee8 sp=0x0000003c4200d510
Event: 370.897 Thread 0x0000003c3c4cd800 DEOPT UNPACKING pc=0x0000003c132d742f sp=0x0000003c4200d2e8 mode 2
Event: 370.915 Thread 0x0000003c3c4cd800 Uncommon trap: trap_request=0xffffffcc fr.pc=0x0000003c1bc92994 relative=0x0000000000000454
Event: 370.915 Thread 0x0000003c3c4cd800 Uncommon trap: reason=intrinsic_or_type_checked_inlining action=make_not_entrant pc=0x0000003c1bc92994 method=java.util.stream.SpinedBuffer.copyInto([Ljava/lang/Object;I)V @ 125 c2
Event: 370.915 Thread 0x0000003c3c4cd800 DEOPT PACKING pc=0x0000003c1bc92994 sp=0x0000003c4200d3c0
Event: 370.915 Thread 0x0000003c3c4cd800 DEOPT UNPACKING pc=0x0000003c132d742f sp=0x0000003c4200d2f0 mode 2
Event: 370.919 Thread 0x0000003c3c4cd800 Uncommon trap: trap_request=0xffffffcc fr.pc=0x0000003c1bc93594 relative=0x0000000000000454
Event: 370.919 Thread 0x0000003c3c4cd800 Uncommon trap: reason=intrinsic_or_type_checked_inlining action=make_not_entrant pc=0x0000003c1bc93594 method=java.util.stream.SpinedBuffer.copyInto([Ljava/lang/Object;I)V @ 125 c2
Event: 370.919 Thread 0x0000003c3c4cd800 DEOPT PACKING pc=0x0000003c1bc93594 sp=0x0000003c4200d330
Event: 370.919 Thread 0x0000003c3c4cd800 DEOPT UNPACKING pc=0x0000003c132d742f sp=0x0000003c4200d2e8 mode 2
Event: 370.945 Thread 0x0000003c3c4cd800 Uncommon trap: trap_request=0xffffffcc fr.pc=0x0000003c1bc944f0 relative=0x0000000000000750
Event: 370.945 Thread 0x0000003c3c4cd800 Uncommon trap: reason=intrinsic_or_type_checked_inlining action=make_not_entrant pc=0x0000003c1bc944f0 method=java.util.stream.SpinedBuffer.copyInto([Ljava/lang/Object;I)V @ 125 c2
Event: 370.945 Thread 0x0000003c3c4cd800 DEOPT PACKING pc=0x0000003c1bc944f0 sp=0x0000003c4200d520
Event: 370.945 Thread 0x0000003c3c4cd800 DEOPT UNPACKING pc=0x0000003c132d742f sp=0x0000003c4200d2e8 mode 2

Classes redefined (0 events):
No events

Internal exceptions (20 events):
Event: 366.774 Thread 0x0000003c3333d000 Exception <a 'java/lang/NoSuchMethodError'{0x000000008d6097e0}: 'java.lang.Object java.lang.invoke.DirectMethodHandle$Holder.invokeSpecial(java.lang.Object, java.lang.Object, java.lang.Object, java.lang.Object, java.lang.Object, java.lang.Object, java.lang.Object, java.lang.Object, java.lang.Object, java.lang.Object)'> (0x000000008d6097e0) thrown at [./src/hotspot/share/interpreter/linkResolver.cpp, line 773]
Event: 366.775 Thread 0x0000003c3333d000 Exception <a 'java/lang/NoSuchMethodError'{0x000000008d60d8d0}: 'java.lang.Object java.lang.invoke.Invokers$Holder.linkToTargetMethod(java.lang.Object, java.lang.Object, java.lang.Object, java.lang.Object, java.lang.Object, java.lang.Object, java.lang.Object, java.lang.Object, java.lang.Object)'> (0x000000008d60d8d0) thrown at [./src/hotspot/share/interpreter/linkResolver.cpp, line 773]
Event: 367.037 Thread 0x0000003c3c4cd800 Exception <a 'java/lang/NoSuchMethodError'{0x000000008cdd20c8}: 'void java.lang.invoke.DirectMethodHandle$Holder.invokeVirtual(java.lang.Object, java.lang.Object, int)'> (0x000000008cdd20c8) thrown at [./src/hotspot/share/interpreter/linkResolver.cpp, line 773]
Event: 367.040 Thread 0x0000003c3333d000 Exception <a 'java/lang/NoSuchMethodError'{0x000000008cf61320}: 'void java.lang.invoke.DirectMethodHandle$Holder.invokeVirtual(java.lang.Object, java.lang.Object, int)'> (0x000000008cf61320) thrown at [./src/hotspot/share/interpreter/linkResolver.cpp, line 773]
Event: 367.081 Thread 0x0000003c3333d000 Exception <a 'sun/nio/fs/WindowsException'{0x000000008cb88b48}> (0x000000008cb88b48) thrown at [./src/hotspot/share/prims/jni.cpp, line 615]
Event: 367.085 Thread 0x0000003c3c4cd800 Exception <a 'sun/nio/fs/WindowsException'{0x000000008cddf2d8}> (0x000000008cddf2d8) thrown at [./src/hotspot/share/prims/jni.cpp, line 615]
Event: 367.441 Thread 0x0000003c3c4cd800 Exception <a 'sun/nio/fs/WindowsException'{0x000000008cde59b0}> (0x000000008cde59b0) thrown at [./src/hotspot/share/prims/jni.cpp, line 615]
Event: 367.443 Thread 0x0000003c3c4cd800 Exception <a 'sun/nio/fs/WindowsException'{0x000000008cdeba38}> (0x000000008cdeba38) thrown at [./src/hotspot/share/prims/jni.cpp, line 615]
Event: 367.487 Thread 0x0000003c3333d000 Exception <a 'sun/nio/fs/WindowsException'{0x000000008bfd3a78}> (0x000000008bfd3a78) thrown at [./src/hotspot/share/prims/jni.cpp, line 615]
Event: 367.565 Thread 0x0000003c3333d000 Exception <a 'sun/nio/fs/WindowsException'{0x000000008bfdaf28}> (0x000000008bfdaf28) thrown at [./src/hotspot/share/prims/jni.cpp, line 615]
Event: 367.574 Thread 0x0000003c3c4cd800 Exception <a 'sun/nio/fs/WindowsException'{0x000000008cdf2aa8}> (0x000000008cdf2aa8) thrown at [./src/hotspot/share/prims/jni.cpp, line 615]
Event: 367.576 Thread 0x0000003c3c4cd800 Exception <a 'sun/nio/fs/WindowsException'{0x000000008bbfa968}> (0x000000008bbfa968) thrown at [./src/hotspot/share/prims/jni.cpp, line 615]
Event: 367.622 Thread 0x0000003c3333d000 Exception <a 'sun/nio/fs/WindowsException'{0x000000008bfe49f0}> (0x000000008bfe49f0) thrown at [./src/hotspot/share/prims/jni.cpp, line 615]
Event: 367.632 Thread 0x0000003c3c4cd800 Exception <a 'sun/nio/fs/WindowsException'{0x000000008b9ab8d8}> (0x000000008b9ab8d8) thrown at [./src/hotspot/share/prims/jni.cpp, line 615]
Event: 367.638 Thread 0x0000003c3333d000 Exception <a 'sun/nio/fs/WindowsException'{0x000000008bfef0a0}> (0x000000008bfef0a0) thrown at [./src/hotspot/share/prims/jni.cpp, line 615]
Event: 367.640 Thread 0x0000003c3333d000 Exception <a 'sun/nio/fs/WindowsException'{0x000000008bff5d18}> (0x000000008bff5d18) thrown at [./src/hotspot/share/prims/jni.cpp, line 615]
Event: 367.696 Thread 0x0000003c3333d000 Exception <a 'sun/nio/fs/WindowsException'{0x000000008bffe340}> (0x000000008bffe340) thrown at [./src/hotspot/share/prims/jni.cpp, line 615]
Event: 367.766 Thread 0x0000003c3333a800 Exception <a 'java/lang/NoSuchMethodError'{0x000000008b61b078}: <clinit>> (0x000000008b61b078) thrown at [./src/hotspot/share/prims/jni.cpp, line 1362]
Event: 367.890 Thread 0x0000003c3c4cd800 Exception <a 'sun/nio/fs/WindowsException'{0x000000008dc99210}> (0x000000008dc99210) thrown at [./src/hotspot/share/prims/jni.cpp, line 615]
Event: 368.640 Thread 0x0000003c3c4ce800 Exception <a 'java/lang/NoSuchMethodError'{0x000000008b8506e8}: 'long java.lang.invoke.DirectMethodHandle$Holder.invokeStatic(java.lang.Object, java.lang.Object, java.lang.Object)'> (0x000000008b8506e8) thrown at [./src/hotspot/share/interpreter/linkResolver.cpp, line 773]

Events (20 events):
Event: 369.958 Executing coalesced safepoint VM operation: RevokeBias
Event: 369.958 Executing coalesced safepoint VM operation: RevokeBias done
Event: 369.958 Executing VM operation: BulkRevokeBias done
Event: 370.051 loading class com/android/tools/r8/graph/v1
Event: 370.051 loading class com/android/tools/r8/graph/v1 done
Event: 370.051 loading class com/android/tools/r8/graph/e0
Event: 370.051 loading class com/android/tools/r8/graph/e0 done
Event: 370.051 loading class com/android/tools/r8/graph/v1
Event: 370.051 loading class com/android/tools/r8/graph/v1 done
Event: 370.094 Executing VM operation: RevokeBias
Event: 370.094 Executing VM operation: RevokeBias done
Event: 370.149 Executing VM operation: G1CollectForAllocation
Event: 370.174 Executing VM operation: G1CollectForAllocation done
Event: 370.186 Executing VM operation: RevokeBias
Event: 370.186 Executing VM operation: RevokeBias done
Event: 370.451 Executing VM operation: G1CollectForAllocation
Event: 370.473 Executing VM operation: G1CollectForAllocation done
Event: 370.719 loading class com/android/tools/r8/graph/R0$a
Event: 370.719 loading class com/android/tools/r8/graph/R0$a done
Event: 370.963 Executing VM operation: G1CollectForAllocation


Dynamic libraries:
0x00007ff6f2310000 - 0x00007ff6f231a000 	C:\Program Files\Android\Android Studio\jre\bin\java.exe
0x00007fffe9f90000 - 0x00007fffea13d000 	C:\Windows\SYSTEM32\ntdll.dll
0x00007fffe9e50000 - 0x00007fffe9f8f000 	C:\Windows\system32\KERNEL32.DLL
0x00007fffe74f0000 - 0x00007fffe7605000 	C:\Windows\system32\KERNELBASE.dll
0x00007fffe5390000 - 0x00007fffe53a9000 	C:\Program Files\Android\Android Studio\jre\bin\jli.dll
0x00007fffe5370000 - 0x00007fffe5387000 	C:\Program Files\Android\Android Studio\jre\bin\VCRUNTIME140.dll
0x00007fffdeff0000 - 0x00007fffdeff4000 	C:\Windows\SYSTEM32\api-ms-win-crt-stdio-l1-1-0.dll
0x00007fffdf060000 - 0x00007fffdf064000 	C:\Windows\SYSTEM32\api-ms-win-crt-runtime-l1-1-0.dll
0x00007fffdf000000 - 0x00007fffdf003000 	C:\Windows\SYSTEM32\api-ms-win-crt-environment-l1-1-0.dll
0x00007fffdef50000 - 0x00007fffdef55000 	C:\Windows\SYSTEM32\api-ms-win-crt-math-l1-1-0.dll
0x00007fffdef40000 - 0x00007fffdef43000 	C:\Windows\SYSTEM32\api-ms-win-crt-locale-l1-1-0.dll
0x00007fffdf050000 - 0x00007fffdf053000 	C:\Windows\SYSTEM32\api-ms-win-crt-heap-l1-1-0.dll
0x00007fffe4bf0000 - 0x00007fffe4e6b000 	C:\Windows\WinSxS\amd64_microsoft.windows.common-controls_6595b64144ccf1df_6.0.9600.19394_none_62486577ecb635cf\COMCTL32.dll
0x00007fffe9b60000 - 0x00007fffe9cd7000 	C:\Windows\system32\USER32.dll
0x00007fffdefd0000 - 0x00007fffdefd3000 	C:\Windows\SYSTEM32\api-ms-win-crt-filesystem-l1-1-0.dll
0x00007fffdefe0000 - 0x00007fffdefe4000 	C:\Windows\SYSTEM32\api-ms-win-crt-string-l1-1-0.dll
0x00007fffdefb0000 - 0x00007fffdefb4000 	C:\Windows\SYSTEM32\api-ms-win-crt-convert-l1-1-0.dll
0x00007fffe82a0000 - 0x00007fffe834a000 	C:\Windows\system32\msvcrt.dll
0x00007fffe9a10000 - 0x00007fffe9b5e000 	C:\Windows\system32\GDI32.dll
0x00007fffdee00000 - 0x00007fffdeef4000 	C:\Windows\SYSTEM32\ucrtbase.DLL
0x00007fffe7670000 - 0x00007fffe76a6000 	C:\Windows\system32\IMM32.DLL
0x00007fffe7e60000 - 0x00007fffe7fb1000 	C:\Windows\system32\MSCTF.dll
0x00007fffe1270000 - 0x00007fffe130d000 	C:\Program Files\Android\Android Studio\jre\bin\msvcp140.dll
0x00007fffd4860000 - 0x00007fffd4865000 	C:\Windows\SYSTEM32\api-ms-win-crt-multibyte-l1-1-0.dll
0x00007fffdefc0000 - 0x00007fffdefc3000 	C:\Windows\SYSTEM32\api-ms-win-crt-time-l1-1-0.dll
0x00007fffdefa0000 - 0x00007fffdefa3000 	C:\Windows\SYSTEM32\api-ms-win-crt-utility-l1-1-0.dll
0x00007fffb0740000 - 0x00007fffb11fc000 	C:\Program Files\Android\Android Studio\jre\bin\server\jvm.dll
0x00007fffe7cf0000 - 0x00007fffe7d9a000 	C:\Windows\system32\ADVAPI32.dll
0x00007fffde460000 - 0x00007fffde469000 	C:\Windows\SYSTEM32\WSOCK32.dll
0x00007fffde500000 - 0x00007fffde522000 	C:\Windows\SYSTEM32\WINMM.dll
0x00007fffe49a0000 - 0x00007fffe49aa000 	C:\Windows\SYSTEM32\VERSION.dll
0x00007fffe78d0000 - 0x00007fffe78d7000 	C:\Windows\system32\PSAPI.DLL
0x00007fffe8240000 - 0x00007fffe8298000 	C:\Windows\SYSTEM32\sechost.dll
0x00007fffe9ce0000 - 0x00007fffe9e1a000 	C:\Windows\system32\RPCRT4.dll
0x00007fffe7610000 - 0x00007fffe766a000 	C:\Windows\system32\WS2_32.dll
0x00007fffde4d0000 - 0x00007fffde4fa000 	C:\Windows\SYSTEM32\WINMMBASE.dll
0x00007fffe74c0000 - 0x00007fffe74ee000 	C:\Windows\system32\SspiCli.dll
0x00007fffe9e40000 - 0x00007fffe9e49000 	C:\Windows\system32\NSI.dll
0x00007fffe7180000 - 0x00007fffe71cf000 	C:\Windows\SYSTEM32\cfgmgr32.dll
0x00007fffe5ed0000 - 0x00007fffe5ef8000 	C:\Windows\SYSTEM32\DEVOBJ.dll
0x00007fffc8b30000 - 0x00007fffc8b41000 	C:\Program Files\Android\Android Studio\jre\bin\verify.dll
0x00007fffe2b90000 - 0x00007fffe2d19000 	C:\Windows\SYSTEM32\DBGHELP.DLL
0x00007fffb0710000 - 0x00007fffb0739000 	C:\Program Files\Android\Android Studio\jre\bin\java.dll
0x00007fffd0760000 - 0x00007fffd076b000 	C:\Program Files\Android\Android Studio\jre\bin\jimage.dll
0x00007fffc5e30000 - 0x00007fffc5e48000 	C:\Program Files\Android\Android Studio\jre\bin\zip.dll
0x00007fffe84e0000 - 0x00007fffe9a0e000 	C:\Windows\system32\SHELL32.dll
0x00007fffe76b0000 - 0x00007fffe78c1000 	C:\Windows\SYSTEM32\combase.dll
0x00007fffe7ac0000 - 0x00007fffe7b14000 	C:\Windows\system32\SHLWAPI.dll
0x00007fffe5630000 - 0x00007fffe56e2000 	C:\Windows\SYSTEM32\SHCORE.dll
0x00007fffe70b0000 - 0x00007fffe70c5000 	C:\Windows\SYSTEM32\profapi.dll
0x00007fffc4de0000 - 0x00007fffc4dfa000 	C:\Program Files\Android\Android Studio\jre\bin\net.dll
0x00007fffdd450000 - 0x00007fffdd519000 	C:\Windows\SYSTEM32\WINHTTP.dll
0x00007fffe68f0000 - 0x00007fffe6949000 	C:\Windows\system32\mswsock.dll
0x00007fffbadc0000 - 0x00007fffbadd4000 	C:\Program Files\Android\Android Studio\jre\bin\nio.dll
0x00007fffe5400000 - 0x00007fffe5427000 	C:\Users\User1\.gradle\native\fdc75f09e3144964f2cf3f50f0aa648679c211496f362492102eb8c894070792\windows-amd64\native-platform.dll
0x00007fffc20b0000 - 0x00007fffc2246000 	C:\Users\User1\.gradle\native\12488b8bf47d2d4c9fbf2f6322a914ad602e24e48041cd04a747c6da556b65c4\windows-amd64\native-platform-file-events.dll
0x00007fffc9000000 - 0x00007fffc900a000 	C:\Program Files\Android\Android Studio\jre\bin\management.dll
0x00007fffc7bf0000 - 0x00007fffc7bfc000 	C:\Program Files\Android\Android Studio\jre\bin\management_ext.dll
0x00007fffe6950000 - 0x00007fffe6970000 	C:\Windows\SYSTEM32\CRYPTSP.dll
0x00007fffe6570000 - 0x00007fffe65a6000 	C:\Windows\system32\rsaenh.dll
0x00007fffe6b90000 - 0x00007fffe6bb6000 	C:\Windows\SYSTEM32\bcrypt.dll
0x00007fffe6680000 - 0x00007fffe66a1000 	C:\Windows\SYSTEM32\USERENV.dll
0x00007fffe6eb0000 - 0x00007fffe6f13000 	C:\Windows\system32\bcryptprimitives.dll
0x00007fffe7020000 - 0x00007fffe702b000 	C:\Windows\SYSTEM32\CRYPTBASE.dll
0x00007fffe0dd0000 - 0x00007fffe0dfa000 	C:\Windows\SYSTEM32\IPHLPAPI.DLL
0x00007fffe0dc0000 - 0x00007fffe0dca000 	C:\Windows\SYSTEM32\WINNSI.DLL
0x00007fffe06c0000 - 0x00007fffe06d6000 	C:\Windows\SYSTEM32\dhcpcsvc6.DLL
0x00007fffe08c0000 - 0x00007fffe08da000 	C:\Windows\SYSTEM32\dhcpcsvc.DLL
0x00007fffc83d0000 - 0x00007fffc8572000 	C:\Program Files\Android\Android Studio\jre\bin\awt.dll
0x00007fffe5430000 - 0x00007fffe5451000 	C:\Windows\SYSTEM32\dwmapi.dll
0x00007fffe7fd0000 - 0x00007fffe8096000 	C:\Windows\system32\OLEAUT32.dll
0x00007fffe5c80000 - 0x00007fffe5d0e000 	C:\Windows\system32\apphelp.dll
0x00007fffe5d50000 - 0x00007fffe5e79000 	C:\Windows\system32\uxtheme.dll

dbghelp: loaded successfully - version: 4.0.5 - missing functions: none
symbol engine: initialized successfully - sym options: 0x614 - pdb path: .;C:\Program Files\Android\Android Studio\jre\bin;C:\Windows\SYSTEM32;C:\Windows\WinSxS\amd64_microsoft.windows.common-controls_6595b64144ccf1df_6.0.9600.19394_none_62486577ecb635cf;C:\Program Files\Android\Android Studio\jre\bin\server;C:\Users\User1\.gradle\native\fdc75f09e3144964f2cf3f50f0aa648679c211496f362492102eb8c894070792\windows-amd64;C:\Users\User1\.gradle\native\12488b8bf47d2d4c9fbf2f6322a914ad602e24e48041cd04a747c6da556b65c4\windows-amd64

VM Arguments:
jvm_args: --add-opens=java.base/java.util=ALL-UNNAMED --add-opens=java.base/java.lang=ALL-UNNAMED --add-opens=java.base/java.lang.invoke=ALL-UNNAMED --add-opens=java.prefs/java.util.prefs=ALL-UNNAMED -Xmx2048m -Dfile.encoding=UTF-8 -Duser.country=IE -Duser.language=en -Duser.variant 
java_command: org.gradle.launcher.daemon.bootstrap.GradleDaemon 6.7.1
java_class_path (initial): C:\Users\User1\.gradle\wrapper\dists\gradle-6.7.1-bin\bwlcbys1h7rz3272sye1xwiv6\gradle-6.7.1\lib\gradle-launcher-6.7.1.jar
Launcher Type: SUN_STANDARD

[Global flags]
     intx CICompilerCount                          = 3                                         {product} {ergonomic}
     uint ConcGCThreads                            = 1                                         {product} {ergonomic}
     uint G1ConcRefinementThreads                  = 4                                         {product} {ergonomic}
   size_t G1HeapRegionSize                         = 1048576                                   {product} {ergonomic}
    uintx GCDrainStackTargetSize                   = 64                                        {product} {ergonomic}
   size_t InitialHeapSize                          = 134217728                                 {product} {ergonomic}
   size_t MarkStackSize                            = 4194304                                   {product} {ergonomic}
   size_t MaxHeapSize                              = 2147483648                                {product} {command line}
   size_t MaxNewSize                               = 1287651328                                {product} {ergonomic}
   size_t MinHeapDeltaBytes                        = 1048576                                   {product} {ergonomic}
    uintx NonNMethodCodeHeapSize                   = 5830732                                {pd product} {ergonomic}
    uintx NonProfiledCodeHeapSize                  = 122913754                              {pd product} {ergonomic}
    uintx ProfiledCodeHeapSize                     = 122913754                              {pd product} {ergonomic}
    uintx ReservedCodeCacheSize                    = 251658240                              {pd product} {ergonomic}
     bool SegmentedCodeCache                       = true                                      {product} {ergonomic}
     bool UseCompressedClassPointers               = true                                 {lp64_product} {ergonomic}
     bool UseCompressedOops                        = true                                 {lp64_product} {ergonomic}
     bool UseG1GC                                  = true                                      {product} {ergonomic}
     bool UseLargePagesIndividualAllocation        = false                                  {pd product} {ergonomic}

Logging:
Log output configuration:
 #0: stdout all=warning uptime,level,tags
 #1: stderr all=off uptime,level,tags

Environment Variables:
PATH=C:\Program Files (x86)\Common Files\Oracle\Java\javapath;C:\ProgramData\Oracle\Java\javapath;C:\Windows\system32;C:\Windows;C:\Windows\System32\Wbem;C:\Windows\System32\WindowsPowerShell\v1.0\;C:\Program Files\Microsoft SQL Server\120\DTS\Binn\;C:\Program Files\Microsoft SQL Server\Client SDK\ODBC\110\Tools\Binn\;C:\Program Files (x86)\Microsoft SQL Server\120\Tools\Binn\;C:\Program Files\Microsoft SQL Server\120\Tools\Binn\;C:\Program Files (x86)\Microsoft SQL Server\120\Tools\Binn\ManagementStudio\;C:\Program Files (x86)\Microsoft SQL Server\120\DTS\Binn\;C:\Program Files\Microsoft SQL Server\110\Tools\Binn\;C:\Program Files (x86)\Microsoft SDKs\TypeScript\1.0\;C:\Program Files (x86)\Microsoft SQL Server Migration Assistant for Access\bin\;C:\Program Files\Git\cmd;C:\Program Files\dotnet\;C:\Program Files\Microsoft SQL Server\130\Tools\Binn\;C:\Program Files\Microsoft SQL Server\Client SDK\ODBC\170\Tools\Binn\;C:\Program Files (x86)\dotnet\;C:\Users\User1\AppData\Local\GitHubDesktop\bin
USERNAME=User1
OS=Windows_NT
PROCESSOR_IDENTIFIER=Intel64 Family 6 Model 58 Stepping 9, GenuineIntel



---------------  S Y S T E M  ---------------

OS: Windows 8.1 , 64 bit Build 9600 (6.3.9600.19994)
OS uptime: 1 days 2:25 hours

CPU:total 4 (initial active 4) (2 cores per cpu, 2 threads per core) family 6 model 58 stepping 9, cmov, cx8, fxsr, mmx, sse, sse2, sse3, ssse3, sse4.1, sse4.2, popcnt, avx, aes, clmul, erms, ht, tsc, tscinvbit, tscinv

Memory: 4k page, system-wide physical 8073M (902M free)
TotalPageFile size 11145M (AvailPageFile size 22M)
current process WorkingSet (physical memory assigned to process): 573M, peak: 579M
current process commit charge ("private bytes"): 598M, peak: 643M

vm_info: OpenJDK 64-Bit Server VM (11.0.8+10-b944.6842174) for windows-amd64 JRE (11.0.8+10-b944.6842174), built on Sep 19 2020 01:11:42 by "builder" with MS VC++ 14.0 (VS2015)

END.
