#
# There is insufficient memory for the Java Runtime Environment to continue.
# Native memory allocation (malloc) failed to allocate 2123696 bytes for Chunk::new
# Possible reasons:
#   The system is out of physical RAM or swap space
#   The process is running with CompressedOops enabled, and the Java Heap may be blocking the growth of the native heap
# Possible solutions:
#   Reduce memory load on the system
#   Increase physical memory or swap space
#   Check if swap backing store is full
#   Decrease Java heap size (-Xmx/-Xms)
#   Decrease number of Java threads
#   Decrease Java thread stack sizes (-Xss)
#   Set larger code cache with -XX:ReservedCodeCacheSize=
#   JVM is running with Unscaled Compressed Oops mode in which the Java heap is
#     placed in the first 4GB address space. The Java Heap base address is the
#     maximum limit for the native heap growth. Please use -XX:HeapBaseMinAddress
#     to set the Java Heap base and to place the Java Heap above 4GB virtual address.
# This output file may be truncated or incomplete.
#
#  Out of Memory Error (./src/hotspot/share/memory/arena.cpp:197), pid=2836, tid=5688
#
# JRE version: OpenJDK Runtime Environment (11.0.8+10) (build 11.0.8+10-b944.6842174)
# Java VM: OpenJDK 64-Bit Server VM (11.0.8+10-b944.6842174, mixed mode, tiered, compressed oops, g1 gc, windows-amd64)
# No core dump will be written. Minidumps are not enabled by default on client versions of Windows
#

---------------  S U M M A R Y ------------

Command Line: --add-opens=java.base/java.util=ALL-UNNAMED --add-opens=java.base/java.lang=ALL-UNNAMED --add-opens=java.base/java.lang.invoke=ALL-UNNAMED --add-opens=java.prefs/java.util.prefs=ALL-UNNAMED -Xmx2048m -Dfile.encoding=UTF-8 -Duser.country=IE -Duser.language=en -Duser.variant org.gradle.launcher.daemon.bootstrap.GradleDaemon 6.7.1

Host: Intel(R) Core(TM) i7-3537U CPU @ 2.00GHz, 4 cores, 7G,  Windows 8.1 , 64 bit Build 9600 (6.3.9600.19994)
Time: Fri Jul 16 15:13:21 2021 GMT Summer Time elapsed time: 847 seconds (0d 0h 14m 7s)

---------------  T H R E A D  ---------------

Current thread (0x000000de32d9f800):  JavaThread "C2 CompilerThread0" daemon [_thread_in_native, id=5688, stack(0x000000de33730000,0x000000de33830000)]


Current CompileTask:
C2: 847577 18357       4       org.gradle.cache.internal.btree.FreeListBlockStore$FreeListBlock::alloc (240 bytes)

Stack: [0x000000de33730000,0x000000de33830000]
Native frames: (J=compiled Java code, j=interpreted, Vv=VM code, C=native code)
V  [jvm.dll+0x5de50a]
V  [jvm.dll+0x7122f5]
V  [jvm.dll+0x71384d]
V  [jvm.dll+0x713f03]
V  [jvm.dll+0x23e728]
V  [jvm.dll+0xb899c]
V  [jvm.dll+0xb8e9c]
V  [jvm.dll+0x35020b]
V  [jvm.dll+0x31dea3]
V  [jvm.dll+0x31d39a]
V  [jvm.dll+0x1f7702]
V  [jvm.dll+0x1f68d4]
V  [jvm.dll+0x17f32c]
V  [jvm.dll+0x205047]
V  [jvm.dll+0x203891]
V  [jvm.dll+0x6dad3f]
V  [jvm.dll+0x6d3895]
V  [jvm.dll+0x5dd4a6]
C  [ucrtbase.DLL+0x1f4a0]
C  [KERNEL32.DLL+0x13f2]
C  [ntdll.dll+0x154f4]


---------------  P R O C E S S  ---------------

Threads class SMR info:
_java_thread_list=0x000000de45376520, length=147, elements={
0x000000de185c5000, 0x000000de3233b000, 0x000000de32345800, 0x000000de32d9d800,
0x000000de32d9e800, 0x000000de32d9f800, 0x000000de32e02000, 0x000000de3234d800,
0x000000de32f07800, 0x000000de32f10800, 0x000000de356cf800, 0x000000de354f2800,
0x000000de351cb800, 0x000000de37726000, 0x000000de37723800, 0x000000de37727000,
0x000000de35bf6800, 0x000000de35bf6000, 0x000000de37139000, 0x000000de3713a000,
0x000000de3d2e9000, 0x000000de3d2f3000, 0x000000de37138800, 0x000000de3d2ea000,
0x000000de3d2e7800, 0x000000de3d2e8800, 0x000000de3d2eb800, 0x000000de3d2ec800,
0x000000de3d2ed000, 0x000000de3d2ea800, 0x000000de3d2ef000, 0x000000de3d2ef800,
0x000000de3d2ee000, 0x000000de3d2f0800, 0x000000de3d2f2000, 0x000000de3d2f3800,
0x000000de3d2f1800, 0x000000de3d2f4800, 0x000000de3d2f5800, 0x000000de35bf5000,
0x000000de35bf9000, 0x000000de35bfa000, 0x000000de35bfb000, 0x000000de35bf8800,
0x000000de35bfc800, 0x000000de35bfd800, 0x000000de35bfe000, 0x000000de35bfb800,
0x000000de35bff000, 0x000000de35c00800, 0x000000de35bff800, 0x000000de35c01800,
0x000000de35c02000, 0x000000de35c03000, 0x000000de37130800, 0x000000de37133800,
0x000000de37131000, 0x000000de37132000, 0x000000de37137000, 0x000000de37134800,
0x000000de37136000, 0x000000de37137800, 0x000000de37135000, 0x000000de3713d800,
0x000000de3713b800, 0x000000de3713c800, 0x000000de3713b000, 0x000000de3713f000,
0x000000de37724800, 0x000000de37727800, 0x000000de37725000, 0x000000de37728800,
0x000000de37729800, 0x000000de3772a000, 0x000000de37ef5000, 0x000000de37ef5800,
0x000000de37ef4000, 0x000000de37ef3800, 0x000000de37ef6800, 0x000000de37ef8000,
0x000000de37ef9000, 0x000000de37efa000, 0x000000de37ef7800, 0x000000de37efd000,
0x000000de37efa800, 0x000000de37efc800, 0x000000de37efe000, 0x000000de37efb800,
0x000000de37f00800, 0x000000de37f01000, 0x000000de37eff800, 0x000000de37efe800,
0x000000de37f02000, 0x000000de44247800, 0x000000de4424a800, 0x000000de44248000,
0x000000de4424a000, 0x000000de44249000, 0x000000de4424c800, 0x000000de4424e000,
0x000000de4424b800, 0x000000de4424f800, 0x000000de4424e800, 0x000000de4424d000,
0x000000de44250800, 0x000000de44252000, 0x000000de44253800, 0x000000de44251000,
0x000000de44253000, 0x000000de44256000, 0x000000de44255000, 0x000000de44254800,
0x000000de46808000, 0x000000de4680a000, 0x000000de4680a800, 0x000000de4680b800,
0x000000de46809000, 0x000000de4680d000, 0x000000de4680c000, 0x000000de46810800,
0x000000de4680e000, 0x000000de46811000, 0x000000de4680f800, 0x000000de4680e800,
0x000000de46812000, 0x000000de46814800, 0x000000de46815000, 0x000000de46813800,
0x000000de46812800, 0x000000de46816000, 0x000000de46817000, 0x000000de46ecb800,
0x000000de46ec9000, 0x000000de46ecc800, 0x000000de46eca000, 0x000000de46ecd000,
0x000000de46eca800, 0x000000de46ece000, 0x000000de46ed0800, 0x000000de46ece800,
0x000000de46ecf800, 0x000000de46ed3000, 0x000000de46ed4800, 0x000000de46ed2000,
0x000000de46ed5800, 0x000000de46ed3800, 0x000000de46ed6000
}

Java Threads: ( => current thread )
  0x000000de185c5000 JavaThread "main" [_thread_blocked, id=5180, stack(0x000000de16530000,0x000000de16630000)]
  0x000000de3233b000 JavaThread "Reference Handler" daemon [_thread_blocked, id=992, stack(0x000000de33250000,0x000000de33350000)]
  0x000000de32345800 JavaThread "Finalizer" daemon [_thread_blocked, id=7316, stack(0x000000de33350000,0x000000de33450000)]
  0x000000de32d9d800 JavaThread "Signal Dispatcher" daemon [_thread_blocked, id=7084, stack(0x000000de33530000,0x000000de33630000)]
  0x000000de32d9e800 JavaThread "Attach Listener" daemon [_thread_blocked, id=7292, stack(0x000000de33630000,0x000000de33730000)]
=>0x000000de32d9f800 JavaThread "C2 CompilerThread0" daemon [_thread_in_native, id=5688, stack(0x000000de33730000,0x000000de33830000)]
  0x000000de32e02000 JavaThread "C1 CompilerThread0" daemon [_thread_blocked, id=3104, stack(0x000000de33830000,0x000000de33930000)]
  0x000000de3234d800 JavaThread "Sweeper thread" daemon [_thread_blocked, id=6344, stack(0x000000de33930000,0x000000de33a30000)]
  0x000000de32f07800 JavaThread "Common-Cleaner" daemon [_thread_blocked, id=384, stack(0x000000de33a30000,0x000000de33b30000)]
  0x000000de32f10800 JavaThread "Service Thread" daemon [_thread_blocked, id=5704, stack(0x000000de33b30000,0x000000de33c30000)]
  0x000000de356cf800 JavaThread "Daemon health stats" [_thread_blocked, id=4052, stack(0x000000de36bd0000,0x000000de36cd0000)]
  0x000000de354f2800 JavaThread "Incoming local TCP Connector on port 48308" [_thread_in_native, id=4788, stack(0x000000de380c0000,0x000000de381c0000)]
  0x000000de351cb800 JavaThread "Daemon periodic checks" [_thread_blocked, id=4756, stack(0x000000de388b0000,0x000000de389b0000)]
  0x000000de37726000 JavaThread "Cache worker for file hash cache (C:\Users\User1\.gradle\caches\6.7.1\fileHashes)" [_thread_blocked, id=1484, stack(0x000000de392b0000,0x000000de393b0000)]
  0x000000de37723800 JavaThread "File lock request listener" [_thread_in_native, id=6512, stack(0x000000de393b0000,0x000000de394b0000)]
  0x000000de37727000 JavaThread "Cache worker for journal cache (C:\Users\User1\.gradle\caches\journal-1)" [_thread_blocked, id=5092, stack(0x000000de396b0000,0x000000de397b0000)]
  0x000000de35bf6800 JavaThread "Cache worker for execution history cache (C:\Users\User1\.gradle\caches\6.7.1\executionHistory)" [_thread_blocked, id=3800, stack(0x000000de3b8a0000,0x000000de3b9a0000)]
  0x000000de35bf6000 JavaThread "Cache worker for file content cache (C:\Users\User1\.gradle\caches\6.7.1\fileContent)" [_thread_blocked, id=4036, stack(0x000000de3b7a0000,0x000000de3b8a0000)]
  0x000000de37139000 JavaThread "Memory manager" [_thread_blocked, id=7952, stack(0x000000de43190000,0x000000de43290000)]
  0x000000de3713a000 JavaThread "pool-3-thread-1" [_thread_blocked, id=8236, stack(0x000000de42c90000,0x000000de42d90000)]
  0x000000de3d2e9000 JavaThread "pool-6-thread-1" [_thread_blocked, id=9004, stack(0x000000de3ab80000,0x000000de3ac80000)]
  0x000000de3d2f3000 JavaThread "pool-9-thread-1" [_thread_blocked, id=6452, stack(0x000000de3db90000,0x000000de3dc90000)]
  0x000000de37138800 JavaThread "Java2D Disposer" daemon [_thread_blocked, id=8436, stack(0x000000de4a270000,0x000000de4a370000)]
  0x000000de3d2ea000 JavaThread "Daemon Thread 3" [_thread_blocked, id=6696, stack(0x000000de36ed0000,0x000000de36fd0000)]
  0x000000de3d2e7800 JavaThread "Handler for socket connection from /127.0.0.1:48308 to /127.0.0.1:43606" [_thread_in_native, id=6432, stack(0x000000de37fc0000,0x000000de380c0000)]
  0x000000de3d2e8800 JavaThread "Cancel handler" [_thread_blocked, id=8128, stack(0x000000de382b0000,0x000000de383b0000)]
  0x000000de3d2eb800 JavaThread "Daemon worker Thread 3" [_thread_blocked, id=4500, stack(0x000000de38cb0000,0x000000de38db0000)]
  0x000000de3d2ec800 JavaThread "Asynchronous log dispatcher for DefaultDaemonConnection: socket connection from /127.0.0.1:48308 to /127.0.0.1:43606" [_thread_blocked, id=9192, stack(0x000000de38db0000,0x000000de38eb0000)]
  0x000000de3d2ed000 JavaThread "Stdin handler" [_thread_blocked, id=3608, stack(0x000000de38eb0000,0x000000de38fb0000)]
  0x000000de3d2ea800 JavaThread "Thread-277" [_thread_blocked, id=772, stack(0x000000de38fb0000,0x000000de390b0000)]
  0x000000de3d2ef000 JavaThread "Cache worker for file hash cache (C:\Users\User1\Desktop\FinalYear\.gradle\6.7.1\fileHashes)" [_thread_blocked, id=8088, stack(0x000000de397b0000,0x000000de398b0000)]
  0x000000de3d2ef800 JavaThread "Cache worker for checksums cache (C:\Users\User1\Desktop\FinalYear\.gradle\checksums)" [_thread_blocked, id=8416, stack(0x000000de39d80000,0x000000de39e80000)]
  0x000000de3d2ee000 JavaThread "Cache worker for cache directory md-supplier (C:\Users\User1\.gradle\caches\6.7.1\md-supplier)" [_thread_blocked, id=8320, stack(0x000000de3aa80000,0x000000de3ab80000)]
  0x000000de3d2f0800 JavaThread "Cache worker for cache directory md-rule (C:\Users\User1\.gradle\caches\6.7.1\md-rule)" [_thread_blocked, id=8444, stack(0x000000de3b120000,0x000000de3b220000)]
  0x000000de3d2f2000 JavaThread "Build operations" [_thread_blocked, id=4244, stack(0x000000de3c1a0000,0x000000de3c2a0000)]
  0x000000de3d2f3800 JavaThread "jar transforms Thread 199" [_thread_blocked, id=9048, stack(0x000000de3c4b0000,0x000000de3c5b0000)]
  0x000000de3d2f1800 JavaThread "gradle-enterprise-worker-0" [_thread_blocked, id=5808, stack(0x000000de3dc90000,0x000000de3dd90000)]
  0x000000de3d2f4800 JavaThread "Cache worker for Build Output Cleanup Cache (C:\Users\User1\Desktop\FinalYear\.gradle\buildOutputCleanup)" [_thread_blocked, id=3068, stack(0x000000de3e660000,0x000000de3e760000)]
  0x000000de3d2f5800 JavaThread "Build operations Thread 2" [_thread_blocked, id=540, stack(0x000000de416d0000,0x000000de417d0000)]
  0x000000de35bf5000 JavaThread "Build operations Thread 3" [_thread_in_native, id=6628, stack(0x000000de417d0000,0x000000de418d0000)]
  0x000000de35bf9000 JavaThread "Build operations Thread 4" [_thread_in_native, id=8308, stack(0x000000de418d0000,0x000000de419d0000)]
  0x000000de35bfa000 JavaThread "jar transforms Thread 200" [_thread_blocked, id=6924, stack(0x000000de419d0000,0x000000de41ad0000)]
  0x000000de35bfb000 JavaThread "jar transforms Thread 201" [_thread_blocked, id=1344, stack(0x000000de41ad0000,0x000000de41bd0000)]
  0x000000de35bf8800 JavaThread "jar transforms Thread 202" [_thread_blocked, id=6020, stack(0x000000de41bd0000,0x000000de41cd0000)]
  0x000000de35bfc800 JavaThread "jar transforms Thread 203" [_thread_blocked, id=6744, stack(0x000000de41cd0000,0x000000de41dd0000)]
  0x000000de35bfd800 JavaThread "jar transforms Thread 204" [_thread_blocked, id=3996, stack(0x000000de41dd0000,0x000000de41ed0000)]
  0x000000de35bfe000 JavaThread "jar transforms Thread 205" [_thread_blocked, id=9072, stack(0x000000de41ed0000,0x000000de41fd0000)]
  0x000000de35bfb800 JavaThread "jar transforms Thread 206" [_thread_blocked, id=872, stack(0x000000de41fd0000,0x000000de420d0000)]
  0x000000de35bff000 JavaThread "jar transforms Thread 207" [_thread_blocked, id=956, stack(0x000000de420d0000,0x000000de421d0000)]
  0x000000de35c00800 JavaThread "jar transforms Thread 208" [_thread_blocked, id=3404, stack(0x000000de421d0000,0x000000de422d0000)]
  0x000000de35bff800 JavaThread "jar transforms Thread 209" [_thread_blocked, id=6080, stack(0x000000de422d0000,0x000000de423d0000)]
  0x000000de35c01800 JavaThread "jar transforms Thread 210" [_thread_blocked, id=5580, stack(0x000000de423d0000,0x000000de424d0000)]
  0x000000de35c02000 JavaThread "jar transforms Thread 211" [_thread_blocked, id=6712, stack(0x000000de424d0000,0x000000de425d0000)]
  0x000000de35c03000 JavaThread "jar transforms Thread 212" [_thread_blocked, id=6472, stack(0x000000de425d0000,0x000000de426d0000)]
  0x000000de37130800 JavaThread "jar transforms Thread 213" [_thread_blocked, id=5084, stack(0x000000de426d0000,0x000000de427d0000)]
  0x000000de37133800 JavaThread "jar transforms Thread 214" [_thread_blocked, id=3988, stack(0x000000de427d0000,0x000000de428d0000)]
  0x000000de37131000 JavaThread "jar transforms Thread 215" [_thread_blocked, id=2576, stack(0x000000de428d0000,0x000000de429d0000)]
  0x000000de37132000 JavaThread "jar transforms Thread 216" [_thread_blocked, id=8500, stack(0x000000de429d0000,0x000000de42ad0000)]
  0x000000de37137000 JavaThread "jar transforms Thread 217" [_thread_blocked, id=7620, stack(0x000000de42ad0000,0x000000de42bd0000)]
  0x000000de37134800 JavaThread "jar transforms Thread 218" [_thread_blocked, id=6368, stack(0x000000de44480000,0x000000de44580000)]
  0x000000de37136000 JavaThread "jar transforms Thread 219" [_thread_blocked, id=3108, stack(0x000000de44b90000,0x000000de44c90000)]
  0x000000de37137800 JavaThread "jar transforms Thread 220" [_thread_blocked, id=5752, stack(0x000000de47d10000,0x000000de47e10000)]
  0x000000de37135000 JavaThread "jar transforms Thread 221" [_thread_blocked, id=4616, stack(0x000000de47e10000,0x000000de47f10000)]
  0x000000de3713d800 JavaThread "jar transforms Thread 222" [_thread_blocked, id=9028, stack(0x000000de47f10000,0x000000de48010000)]
  0x000000de3713b800 JavaThread "jar transforms Thread 223" [_thread_blocked, id=9204, stack(0x000000de48010000,0x000000de48110000)]
  0x000000de3713c800 JavaThread "jar transforms Thread 224" [_thread_blocked, id=5748, stack(0x000000de48110000,0x000000de48210000)]
  0x000000de3713b000 JavaThread "jar transforms Thread 225" [_thread_blocked, id=7824, stack(0x000000de48210000,0x000000de48310000)]
  0x000000de3713f000 JavaThread "jar transforms Thread 226" [_thread_blocked, id=5036, stack(0x000000de48310000,0x000000de48410000)]
  0x000000de37724800 JavaThread "jar transforms Thread 227" [_thread_blocked, id=2968, stack(0x000000de48410000,0x000000de48510000)]
  0x000000de37727800 JavaThread "jar transforms Thread 228" [_thread_blocked, id=5728, stack(0x000000de48510000,0x000000de48610000)]
  0x000000de37725000 JavaThread "jar transforms Thread 229" [_thread_blocked, id=400, stack(0x000000de48610000,0x000000de48710000)]
  0x000000de37728800 JavaThread "jar transforms Thread 230" [_thread_blocked, id=8212, stack(0x000000de48710000,0x000000de48810000)]
  0x000000de37729800 JavaThread "jar transforms Thread 231" [_thread_blocked, id=9144, stack(0x000000de48810000,0x000000de48910000)]
  0x000000de3772a000 JavaThread "jar transforms Thread 232" [_thread_blocked, id=1960, stack(0x000000de48910000,0x000000de48a10000)]
  0x000000de37ef5000 JavaThread "jar transforms Thread 233" [_thread_blocked, id=1052, stack(0x000000de48a10000,0x000000de48b10000)]
  0x000000de37ef5800 JavaThread "jar transforms Thread 234" [_thread_blocked, id=7868, stack(0x000000de48b10000,0x000000de48c10000)]
  0x000000de37ef4000 JavaThread "jar transforms Thread 235" [_thread_blocked, id=8260, stack(0x000000de48c10000,0x000000de48d10000)]
  0x000000de37ef3800 JavaThread "jar transforms Thread 236" [_thread_blocked, id=5308, stack(0x000000de48d10000,0x000000de48e10000)]
  0x000000de37ef6800 JavaThread "jar transforms Thread 237" [_thread_blocked, id=8240, stack(0x000000de48e10000,0x000000de48f10000)]
  0x000000de37ef8000 JavaThread "jar transforms Thread 238" [_thread_blocked, id=4080, stack(0x000000de48f10000,0x000000de49010000)]
  0x000000de37ef9000 JavaThread "jar transforms Thread 239" [_thread_blocked, id=6700, stack(0x000000de49010000,0x000000de49110000)]
  0x000000de37efa000 JavaThread "jar transforms Thread 240" [_thread_blocked, id=4200, stack(0x000000de49110000,0x000000de49210000)]
  0x000000de37ef7800 JavaThread "jar transforms Thread 241" [_thread_blocked, id=2296, stack(0x000000de49210000,0x000000de49310000)]
  0x000000de37efd000 JavaThread "jar transforms Thread 242" [_thread_blocked, id=4204, stack(0x000000de49910000,0x000000de49a10000)]
  0x000000de37efa800 JavaThread "jar transforms Thread 243" [_thread_blocked, id=1956, stack(0x000000de49c10000,0x000000de49d10000)]
  0x000000de37efc800 JavaThread "jar transforms Thread 244" [_thread_blocked, id=1636, stack(0x000000de49d10000,0x000000de49e10000)]
  0x000000de37efe000 JavaThread "jar transforms Thread 245" [_thread_blocked, id=5164, stack(0x000000de4a0d0000,0x000000de4a1d0000)]
  0x000000de37efb800 JavaThread "jar transforms Thread 246" [_thread_blocked, id=3700, stack(0x000000de4a770000,0x000000de4a870000)]
  0x000000de37f00800 JavaThread "jar transforms Thread 247" [_thread_blocked, id=4360, stack(0x000000de4a870000,0x000000de4a970000)]
  0x000000de37f01000 JavaThread "jar transforms Thread 248" [_thread_blocked, id=8484, stack(0x000000de4abe0000,0x000000de4ace0000)]
  0x000000de37eff800 JavaThread "jar transforms Thread 249" [_thread_blocked, id=2964, stack(0x000000de4ace0000,0x000000de4ade0000)]
  0x000000de37efe800 JavaThread "jar transforms Thread 250" [_thread_blocked, id=7936, stack(0x000000de4ade0000,0x000000de4aee0000)]
  0x000000de37f02000 JavaThread "jar transforms Thread 251" [_thread_blocked, id=4316, stack(0x000000de4aee0000,0x000000de4afe0000)]
  0x000000de44247800 JavaThread "jar transforms Thread 252" [_thread_blocked, id=3544, stack(0x000000de4afe0000,0x000000de4b0e0000)]
  0x000000de4424a800 JavaThread "jar transforms Thread 253" [_thread_blocked, id=3424, stack(0x000000de4b0e0000,0x000000de4b1e0000)]
  0x000000de44248000 JavaThread "jar transforms Thread 254" [_thread_blocked, id=3916, stack(0x000000de4b1e0000,0x000000de4b2e0000)]
  0x000000de4424a000 JavaThread "jar transforms Thread 255" [_thread_blocked, id=5460, stack(0x000000de4b2e0000,0x000000de4b3e0000)]
  0x000000de44249000 JavaThread "jar transforms Thread 256" [_thread_blocked, id=5508, stack(0x000000de4b3e0000,0x000000de4b4e0000)]
  0x000000de4424c800 JavaThread "jar transforms Thread 257" [_thread_blocked, id=848, stack(0x000000de4b4e0000,0x000000de4b5e0000)]
  0x000000de4424e000 JavaThread "jar transforms Thread 258" [_thread_blocked, id=9060, stack(0x000000de4b5e0000,0x000000de4b6e0000)]
  0x000000de4424b800 JavaThread "jar transforms Thread 259" [_thread_blocked, id=8216, stack(0x000000de4b6e0000,0x000000de4b7e0000)]
  0x000000de4424f800 JavaThread "jar transforms Thread 260" [_thread_blocked, id=2312, stack(0x000000de4b7e0000,0x000000de4b8e0000)]
  0x000000de4424e800 JavaThread "jar transforms Thread 261" [_thread_blocked, id=8052, stack(0x000000de4b8e0000,0x000000de4b9e0000)]
  0x000000de4424d000 JavaThread "jar transforms Thread 262" [_thread_blocked, id=5928, stack(0x000000de4b9e0000,0x000000de4bae0000)]
  0x000000de44250800 JavaThread "jar transforms Thread 263" [_thread_blocked, id=4900, stack(0x000000de4bae0000,0x000000de4bbe0000)]
  0x000000de44252000 JavaThread "jar transforms Thread 264" [_thread_blocked, id=2688, stack(0x000000de4bbe0000,0x000000de4bce0000)]
  0x000000de44253800 JavaThread "jar transforms Thread 265" [_thread_blocked, id=4012, stack(0x000000de4bce0000,0x000000de4bde0000)]
  0x000000de44251000 JavaThread "jar transforms Thread 266" [_thread_blocked, id=6112, stack(0x000000de4bde0000,0x000000de4bee0000)]
  0x000000de44253000 JavaThread "jar transforms Thread 267" [_thread_blocked, id=8696, stack(0x000000de4bee0000,0x000000de4bfe0000)]
  0x000000de44256000 JavaThread "jar transforms Thread 268" [_thread_blocked, id=1304, stack(0x000000de4bfe0000,0x000000de4c0e0000)]
  0x000000de44255000 JavaThread "jar transforms Thread 269" [_thread_blocked, id=8640, stack(0x000000de4c0e0000,0x000000de4c1e0000)]
  0x000000de44254800 JavaThread "jar transforms Thread 270" [_thread_blocked, id=8632, stack(0x000000de4c1e0000,0x000000de4c2e0000)]
  0x000000de46808000 JavaThread "jar transforms Thread 271" [_thread_blocked, id=8276, stack(0x000000de4c2e0000,0x000000de4c3e0000)]
  0x000000de4680a000 JavaThread "jar transforms Thread 272" [_thread_blocked, id=8272, stack(0x000000de4c3e0000,0x000000de4c4e0000)]
  0x000000de4680a800 JavaThread "jar transforms Thread 273" [_thread_blocked, id=7888, stack(0x000000de4c4e0000,0x000000de4c5e0000)]
  0x000000de4680b800 JavaThread "jar transforms Thread 274" [_thread_blocked, id=3940, stack(0x000000de4c5e0000,0x000000de4c6e0000)]
  0x000000de46809000 JavaThread "jar transforms Thread 275" [_thread_blocked, id=9156, stack(0x000000de4c6e0000,0x000000de4c7e0000)]
  0x000000de4680d000 JavaThread "jar transforms Thread 276" [_thread_blocked, id=1108, stack(0x000000de4c7e0000,0x000000de4c8e0000)]
  0x000000de4680c000 JavaThread "jar transforms Thread 277" [_thread_blocked, id=4128, stack(0x000000de4c8e0000,0x000000de4c9e0000)]
  0x000000de46810800 JavaThread "jar transforms Thread 278" [_thread_blocked, id=9024, stack(0x000000de4c9e0000,0x000000de4cae0000)]
  0x000000de4680e000 JavaThread "jar transforms Thread 279" [_thread_blocked, id=4944, stack(0x000000de4cae0000,0x000000de4cbe0000)]
  0x000000de46811000 JavaThread "jar transforms Thread 280" [_thread_blocked, id=7992, stack(0x000000de4cbe0000,0x000000de4cce0000)]
  0x000000de4680f800 JavaThread "jar transforms Thread 281" [_thread_blocked, id=516, stack(0x000000de4cce0000,0x000000de4cde0000)]
  0x000000de4680e800 JavaThread "jar transforms Thread 282" [_thread_blocked, id=8684, stack(0x000000de4cde0000,0x000000de4cee0000)]
  0x000000de46812000 JavaThread "jar transforms Thread 283" [_thread_blocked, id=8608, stack(0x000000de4cee0000,0x000000de4cfe0000)]
  0x000000de46814800 JavaThread "jar transforms Thread 284" [_thread_blocked, id=6996, stack(0x000000de4cfe0000,0x000000de4d0e0000)]
  0x000000de46815000 JavaThread "jar transforms Thread 285" [_thread_blocked, id=2008, stack(0x000000de4d0e0000,0x000000de4d1e0000)]
  0x000000de46813800 JavaThread "jar transforms Thread 286" [_thread_blocked, id=544, stack(0x000000de4d1e0000,0x000000de4d2e0000)]
  0x000000de46812800 JavaThread "jar transforms Thread 287" [_thread_blocked, id=548, stack(0x000000de4d2e0000,0x000000de4d3e0000)]
  0x000000de46816000 JavaThread "jar transforms Thread 288" [_thread_blocked, id=5492, stack(0x000000de4d3e0000,0x000000de4d4e0000)]
  0x000000de46817000 JavaThread "jar transforms Thread 289" [_thread_blocked, id=7320, stack(0x000000de4d4e0000,0x000000de4d5e0000)]
  0x000000de46ecb800 JavaThread "jar transforms Thread 290" [_thread_blocked, id=5696, stack(0x000000de4d5e0000,0x000000de4d6e0000)]
  0x000000de46ec9000 JavaThread "jar transforms Thread 291" [_thread_blocked, id=7492, stack(0x000000de4d6e0000,0x000000de4d7e0000)]
  0x000000de46ecc800 JavaThread "jar transforms Thread 292" [_thread_blocked, id=7296, stack(0x000000de4d7e0000,0x000000de4d8e0000)]
  0x000000de46eca000 JavaThread "jar transforms Thread 293" [_thread_blocked, id=7176, stack(0x000000de4d8e0000,0x000000de4d9e0000)]
  0x000000de46ecd000 JavaThread "jar transforms Thread 294" [_thread_blocked, id=8228, stack(0x000000de4d9e0000,0x000000de4dae0000)]
  0x000000de46eca800 JavaThread "jar transforms Thread 295" [_thread_blocked, id=6168, stack(0x000000de4dae0000,0x000000de4dbe0000)]
  0x000000de46ece000 JavaThread "jar transforms Thread 296" [_thread_blocked, id=6776, stack(0x000000de4dbe0000,0x000000de4dce0000)]
  0x000000de46ed0800 JavaThread "jar transforms Thread 297" [_thread_blocked, id=4416, stack(0x000000de4dce0000,0x000000de4dde0000)]
  0x000000de46ece800 JavaThread "build event listener" [_thread_blocked, id=7228, stack(0x000000de4e9e0000,0x000000de4eae0000)]
  0x000000de46ecf800 JavaThread "pool-12-thread-1" [_thread_blocked, id=5852, stack(0x000000de4f100000,0x000000de4f200000)]
  0x000000de46ed3000 JavaThread "build event listener" [_thread_blocked, id=7208, stack(0x000000de4f200000,0x000000de4f300000)]
  0x000000de46ed4800 JavaThread "Execution worker for ':'" [_thread_blocked, id=5820, stack(0x000000de4f300000,0x000000de4f400000)]
  0x000000de46ed2000 JavaThread "Execution worker for ':' Thread 2" [_thread_blocked, id=3920, stack(0x000000de4f400000,0x000000de4f500000)]
  0x000000de46ed5800 JavaThread "Execution worker for ':' Thread 3" [_thread_blocked, id=4172, stack(0x000000de4f500000,0x000000de4f600000)]
  0x000000de46ed3800 JavaThread "Cache worker for execution history cache (C:\Users\User1\Desktop\FinalYear\.gradle\6.7.1\executionHistory)" [_thread_blocked, id=9008, stack(0x000000de4f600000,0x000000de4f700000)]
  0x000000de46ed6000 JavaThread "WorkerExecutor Queue" [_thread_blocked, id=8868, stack(0x000000de4f700000,0x000000de4f800000)]

Other Threads:
  0x000000de32d54000 VMThread "VM Thread" [stack: 0x000000de33150000,0x000000de33250000] [id=2668]
  0x000000de32f32800 WatcherThread [stack: 0x000000de33c30000,0x000000de33d30000] [id=728]
  0x000000de185de000 GCTaskThread "GC Thread#0" [stack: 0x000000de17f50000,0x000000de18050000] [id=1892]
  0x000000de33f79800 GCTaskThread "GC Thread#1" [stack: 0x000000de34630000,0x000000de34730000] [id=5988]
  0x000000de33f7a000 GCTaskThread "GC Thread#2" [stack: 0x000000de34730000,0x000000de34830000] [id=6880]
  0x000000de3308e800 GCTaskThread "GC Thread#3" [stack: 0x000000de34530000,0x000000de34630000] [id=5952]
  0x000000de18612800 ConcurrentGCThread "G1 Main Marker" [stack: 0x000000de2fb10000,0x000000de2fc10000] [id=4132]
  0x000000de18614000 ConcurrentGCThread "G1 Conc#0" [stack: 0x000000de2fc10000,0x000000de2fd10000] [id=7464]
  0x000000de32186800 ConcurrentGCThread "G1 Refine#0" [stack: 0x000000de32350000,0x000000de32450000] [id=5368]
  0x000000de34d4a000 ConcurrentGCThread "G1 Refine#1" [stack: 0x000000de49510000,0x000000de49610000] [id=7072]
  0x000000de3554d000 ConcurrentGCThread "G1 Refine#2" [stack: 0x000000de49610000,0x000000de49710000] [id=8324]
  0x000000de32187000 ConcurrentGCThread "G1 Young RemSet Sampling" [stack: 0x000000de32450000,0x000000de32550000] [id=5924]

Threads with active compile tasks:
C2 CompilerThread0 847706 18357       4       org.gradle.cache.internal.btree.FreeListBlockStore$FreeListBlock::alloc (240 bytes)

VM state:not at safepoint (normal execution)

VM Mutex/Monitor currently owned by a thread: None

Heap address: 0x0000000080000000, size: 2048 MB, Compressed Oops mode: 32-bit
Narrow klass base: 0x0000000000000000, Narrow klass shift: 3
Compressed class space size: 1073741824 Address: 0x0000000100000000

Heap:
 garbage-first heap   total 212992K, used 170104K [0x0000000080000000, 0x0000000100000000)
  region size 1024K, 8 young (8192K), 3 survivors (3072K)
 Metaspace       used 146223K, capacity 150168K, committed 150528K, reserved 1179648K
  class space    used 18273K, capacity 19590K, committed 19712K, reserved 1048576K
Heap Regions: E=young(eden), S=young(survivor), O=old, HS=humongous(starts), HC=humongous(continues), CS=collection set, F=free, A=archive, TAMS=top-at-mark-start (previous, next)
|   0|0x0000000080000000, 0x0000000080100000, 0x0000000080100000|100%| O|  |TAMS 0x0000000080100000, 0x0000000080000000| Untracked 
|   1|0x0000000080100000, 0x0000000080200000, 0x0000000080200000|100%| O|  |TAMS 0x0000000080200000, 0x0000000080100000| Untracked 
|   2|0x0000000080200000, 0x0000000080300000, 0x0000000080300000|100%| O|  |TAMS 0x0000000080300000, 0x0000000080200000| Untracked 
|   3|0x0000000080300000, 0x0000000080400000, 0x0000000080400000|100%|HS|  |TAMS 0x0000000080400000, 0x0000000080300000| Complete 
|   4|0x0000000080400000, 0x0000000080500000, 0x0000000080500000|100%|HC|  |TAMS 0x0000000080500000, 0x0000000080400000| Complete 
|   5|0x0000000080500000, 0x0000000080600000, 0x0000000080600000|100%|HC|  |TAMS 0x0000000080600000, 0x0000000080500000| Complete 
|   6|0x0000000080600000, 0x0000000080700000, 0x0000000080700000|100%| O|  |TAMS 0x0000000080700000, 0x0000000080600000| Untracked 
|   7|0x0000000080700000, 0x0000000080800000, 0x0000000080800000|100%| O|  |TAMS 0x0000000080800000, 0x0000000080700000| Untracked 
|   8|0x0000000080800000, 0x0000000080900000, 0x0000000080900000|100%| O|  |TAMS 0x0000000080900000, 0x0000000080800000| Untracked 
|   9|0x0000000080900000, 0x0000000080a00000, 0x0000000080a00000|100%| O|  |TAMS 0x0000000080a00000, 0x0000000080900000| Untracked 
|  10|0x0000000080a00000, 0x0000000080b00000, 0x0000000080b00000|100%| O|  |TAMS 0x0000000080b00000, 0x0000000080a00000| Untracked 
|  11|0x0000000080b00000, 0x0000000080c00000, 0x0000000080c00000|100%| O|  |TAMS 0x0000000080c00000, 0x0000000080b00000| Untracked 
|  12|0x0000000080c00000, 0x0000000080d00000, 0x0000000080d00000|100%| O|  |TAMS 0x0000000080d00000, 0x0000000080c00000| Untracked 
|  13|0x0000000080d00000, 0x0000000080e00000, 0x0000000080e00000|100%|HS|  |TAMS 0x0000000080e00000, 0x0000000080d00000| Complete 
|  14|0x0000000080e00000, 0x0000000080f00000, 0x0000000080f00000|100%|HC|  |TAMS 0x0000000080f00000, 0x0000000080e00000| Complete 
|  15|0x0000000080f00000, 0x0000000081000000, 0x0000000081000000|100%|HS|  |TAMS 0x0000000081000000, 0x0000000080f00000| Complete 
|  16|0x0000000081000000, 0x0000000081100000, 0x0000000081100000|100%|HC|  |TAMS 0x0000000081100000, 0x0000000081000000| Complete 
|  17|0x0000000081100000, 0x0000000081200000, 0x0000000081200000|100%|HC|  |TAMS 0x0000000081200000, 0x0000000081100000| Complete 
|  18|0x0000000081200000, 0x0000000081300000, 0x0000000081300000|100%|HS|  |TAMS 0x0000000081300000, 0x0000000081200000| Complete 
|  19|0x0000000081300000, 0x0000000081400000, 0x0000000081400000|100%|HC|  |TAMS 0x0000000081400000, 0x0000000081300000| Complete 
|  20|0x0000000081400000, 0x0000000081500000, 0x0000000081500000|100%|HC|  |TAMS 0x0000000081500000, 0x0000000081400000| Complete 
|  21|0x0000000081500000, 0x0000000081600000, 0x0000000081600000|100%|HC|  |TAMS 0x0000000081600000, 0x0000000081500000| Complete 
|  22|0x0000000081600000, 0x0000000081700000, 0x0000000081700000|100%| O|  |TAMS 0x0000000081700000, 0x0000000081600000| Untracked 
|  23|0x0000000081700000, 0x0000000081800000, 0x0000000081800000|100%| O|  |TAMS 0x0000000081800000, 0x0000000081700000| Untracked 
|  24|0x0000000081800000, 0x0000000081900000, 0x0000000081900000|100%| O|  |TAMS 0x0000000081900000, 0x0000000081800000| Untracked 
|  25|0x0000000081900000, 0x0000000081a00000, 0x0000000081a00000|100%|HS|  |TAMS 0x0000000081a00000, 0x0000000081900000| Complete 
|  26|0x0000000081a00000, 0x0000000081b00000, 0x0000000081b00000|100%| O|  |TAMS 0x0000000081b00000, 0x0000000081a00000| Untracked 
|  27|0x0000000081b00000, 0x0000000081c00000, 0x0000000081c00000|100%| O|  |TAMS 0x0000000081c00000, 0x0000000081b00000| Untracked 
|  28|0x0000000081c00000, 0x0000000081d00000, 0x0000000081d00000|100%|HS|  |TAMS 0x0000000081d00000, 0x0000000081c00000| Complete 
|  29|0x0000000081d00000, 0x0000000081e00000, 0x0000000081e00000|100%|HC|  |TAMS 0x0000000081e00000, 0x0000000081d00000| Complete 
|  30|0x0000000081e00000, 0x0000000081f00000, 0x0000000081f00000|100%|HC|  |TAMS 0x0000000081f00000, 0x0000000081e00000| Complete 
|  31|0x0000000081f00000, 0x0000000082000000, 0x0000000082000000|100%|HC|  |TAMS 0x0000000082000000, 0x0000000081f00000| Complete 
|  32|0x0000000082000000, 0x0000000082100000, 0x0000000082100000|100%|HS|  |TAMS 0x0000000082100000, 0x0000000082000000| Complete 
|  33|0x0000000082100000, 0x0000000082200000, 0x0000000082200000|100%|HC|  |TAMS 0x0000000082200000, 0x0000000082100000| Complete 
|  34|0x0000000082200000, 0x0000000082300000, 0x0000000082300000|100%|HC|  |TAMS 0x0000000082300000, 0x0000000082200000| Complete 
|  35|0x0000000082300000, 0x0000000082400000, 0x0000000082400000|100%| O|  |TAMS 0x0000000082400000, 0x0000000082300000| Untracked 
|  36|0x0000000082400000, 0x0000000082500000, 0x0000000082500000|100%| O|  |TAMS 0x0000000082500000, 0x0000000082400000| Untracked 
|  37|0x0000000082500000, 0x0000000082600000, 0x0000000082600000|100%| O|  |TAMS 0x0000000082600000, 0x0000000082500000| Untracked 
|  38|0x0000000082600000, 0x0000000082700000, 0x0000000082700000|100%| O|  |TAMS 0x0000000082700000, 0x0000000082600000| Untracked 
|  39|0x0000000082700000, 0x0000000082800000, 0x0000000082800000|100%| O|  |TAMS 0x0000000082800000, 0x0000000082700000| Untracked 
|  40|0x0000000082800000, 0x0000000082900000, 0x0000000082900000|100%| O|  |TAMS 0x0000000082900000, 0x0000000082800000| Untracked 
|  41|0x0000000082900000, 0x0000000082a00000, 0x0000000082a00000|100%| O|  |TAMS 0x0000000082a00000, 0x0000000082900000| Untracked 
|  42|0x0000000082a00000, 0x0000000082b00000, 0x0000000082b00000|100%|HS|  |TAMS 0x0000000082b00000, 0x0000000082a00000| Complete 
|  43|0x0000000082b00000, 0x0000000082c00000, 0x0000000082c00000|100%|HC|  |TAMS 0x0000000082c00000, 0x0000000082b00000| Complete 
|  44|0x0000000082c00000, 0x0000000082d00000, 0x0000000082d00000|100%| O|  |TAMS 0x0000000082d00000, 0x0000000082c00000| Untracked 
|  45|0x0000000082d00000, 0x0000000082e00000, 0x0000000082e00000|100%| O|  |TAMS 0x0000000082e00000, 0x0000000082d00000| Untracked 
|  46|0x0000000082e00000, 0x0000000082f00000, 0x0000000082f00000|100%| O|  |TAMS 0x0000000082f00000, 0x0000000082e00000| Untracked 
|  47|0x0000000082f00000, 0x0000000083000000, 0x0000000083000000|100%| O|  |TAMS 0x0000000083000000, 0x0000000082f00000| Untracked 
|  48|0x0000000083000000, 0x0000000083100000, 0x0000000083100000|100%| O|  |TAMS 0x0000000083100000, 0x0000000083000000| Untracked 
|  49|0x0000000083100000, 0x0000000083200000, 0x0000000083200000|100%| O|  |TAMS 0x0000000083200000, 0x0000000083100000| Untracked 
|  50|0x0000000083200000, 0x0000000083300000, 0x0000000083300000|100%| O|  |TAMS 0x0000000083300000, 0x0000000083200000| Untracked 
|  51|0x0000000083300000, 0x0000000083400000, 0x0000000083400000|100%| O|  |TAMS 0x0000000083400000, 0x0000000083300000| Untracked 
|  52|0x0000000083400000, 0x0000000083500000, 0x0000000083500000|100%| O|  |TAMS 0x0000000083500000, 0x0000000083400000| Untracked 
|  53|0x0000000083500000, 0x0000000083600000, 0x0000000083600000|100%| O|  |TAMS 0x0000000083600000, 0x0000000083500000| Untracked 
|  54|0x0000000083600000, 0x0000000083700000, 0x0000000083700000|100%| O|  |TAMS 0x0000000083700000, 0x0000000083600000| Untracked 
|  55|0x0000000083700000, 0x0000000083800000, 0x0000000083800000|100%| O|  |TAMS 0x0000000083800000, 0x0000000083700000| Untracked 
|  56|0x0000000083800000, 0x0000000083900000, 0x0000000083900000|100%| O|  |TAMS 0x0000000083900000, 0x0000000083800000| Untracked 
|  57|0x0000000083900000, 0x0000000083a00000, 0x0000000083a00000|100%| O|  |TAMS 0x0000000083a00000, 0x0000000083900000| Untracked 
|  58|0x0000000083a00000, 0x0000000083b00000, 0x0000000083b00000|100%| O|  |TAMS 0x0000000083b00000, 0x0000000083a00000| Untracked 
|  59|0x0000000083b00000, 0x0000000083c00000, 0x0000000083c00000|100%| O|  |TAMS 0x0000000083c00000, 0x0000000083b00000| Untracked 
|  60|0x0000000083c00000, 0x0000000083d00000, 0x0000000083d00000|100%| O|  |TAMS 0x0000000083d00000, 0x0000000083c00000| Untracked 
|  61|0x0000000083d00000, 0x0000000083e00000, 0x0000000083e00000|100%| O|  |TAMS 0x0000000083e00000, 0x0000000083d00000| Untracked 
|  62|0x0000000083e00000, 0x0000000083f00000, 0x0000000083f00000|100%| O|  |TAMS 0x0000000083f00000, 0x0000000083e00000| Untracked 
|  63|0x0000000083f00000, 0x0000000084000000, 0x0000000084000000|100%| O|  |TAMS 0x0000000084000000, 0x0000000083f00000| Untracked 
|  64|0x0000000084000000, 0x0000000084100000, 0x0000000084100000|100%| O|  |TAMS 0x0000000084100000, 0x0000000084000000| Untracked 
|  65|0x0000000084100000, 0x0000000084200000, 0x0000000084200000|100%| O|  |TAMS 0x0000000084200000, 0x0000000084100000| Untracked 
|  66|0x0000000084200000, 0x0000000084300000, 0x0000000084300000|100%| O|  |TAMS 0x0000000084300000, 0x0000000084200000| Untracked 
|  67|0x0000000084300000, 0x0000000084400000, 0x0000000084400000|100%| O|  |TAMS 0x0000000084400000, 0x0000000084300000| Untracked 
|  68|0x0000000084400000, 0x0000000084500000, 0x0000000084500000|100%| O|  |TAMS 0x0000000084500000, 0x0000000084400000| Untracked 
|  69|0x0000000084500000, 0x0000000084600000, 0x0000000084600000|100%| O|  |TAMS 0x0000000084600000, 0x0000000084500000| Untracked 
|  70|0x0000000084600000, 0x0000000084700000, 0x0000000084700000|100%| O|  |TAMS 0x0000000084700000, 0x0000000084600000| Untracked 
|  71|0x0000000084700000, 0x0000000084800000, 0x0000000084800000|100%| O|  |TAMS 0x0000000084800000, 0x0000000084700000| Untracked 
|  72|0x0000000084800000, 0x0000000084900000, 0x0000000084900000|100%| O|  |TAMS 0x0000000084900000, 0x0000000084800000| Untracked 
|  73|0x0000000084900000, 0x0000000084a00000, 0x0000000084a00000|100%| O|  |TAMS 0x0000000084a00000, 0x0000000084900000| Untracked 
|  74|0x0000000084a00000, 0x0000000084b00000, 0x0000000084b00000|100%| O|  |TAMS 0x0000000084b00000, 0x0000000084a00000| Untracked 
|  75|0x0000000084b00000, 0x0000000084c00000, 0x0000000084c00000|100%| O|  |TAMS 0x0000000084c00000, 0x0000000084b00000| Untracked 
|  76|0x0000000084c00000, 0x0000000084d00000, 0x0000000084d00000|100%| O|  |TAMS 0x0000000084d00000, 0x0000000084c00000| Untracked 
|  77|0x0000000084d00000, 0x0000000084e00000, 0x0000000084e00000|100%| O|  |TAMS 0x0000000084e00000, 0x0000000084d00000| Untracked 
|  78|0x0000000084e00000, 0x0000000084f00000, 0x0000000084f00000|100%| O|  |TAMS 0x0000000084f00000, 0x0000000084e00000| Untracked 
|  79|0x0000000084f00000, 0x0000000085000000, 0x0000000085000000|100%| O|  |TAMS 0x0000000085000000, 0x0000000084f00000| Untracked 
|  80|0x0000000085000000, 0x0000000085100000, 0x0000000085100000|100%| O|  |TAMS 0x0000000085100000, 0x0000000085000000| Untracked 
|  81|0x0000000085100000, 0x0000000085200000, 0x0000000085200000|100%| O|  |TAMS 0x0000000085200000, 0x0000000085100000| Untracked 
|  82|0x0000000085200000, 0x0000000085300000, 0x0000000085300000|100%| O|  |TAMS 0x0000000085300000, 0x0000000085200000| Untracked 
|  83|0x0000000085300000, 0x0000000085400000, 0x0000000085400000|100%| O|  |TAMS 0x0000000085400000, 0x0000000085300000| Untracked 
|  84|0x0000000085400000, 0x0000000085500000, 0x0000000085500000|100%| O|  |TAMS 0x0000000085500000, 0x0000000085400000| Untracked 
|  85|0x0000000085500000, 0x0000000085600000, 0x0000000085600000|100%| O|  |TAMS 0x0000000085600000, 0x0000000085500000| Untracked 
|  86|0x0000000085600000, 0x0000000085700000, 0x0000000085700000|100%| O|  |TAMS 0x0000000085600000, 0x0000000085600000| Untracked 
|  87|0x0000000085700000, 0x0000000085800000, 0x0000000085800000|100%| O|  |TAMS 0x0000000085800000, 0x0000000085700000| Untracked 
|  88|0x0000000085800000, 0x0000000085900000, 0x0000000085900000|100%| O|  |TAMS 0x0000000085900000, 0x0000000085800000| Untracked 
|  89|0x0000000085900000, 0x0000000085a00000, 0x0000000085a00000|100%| O|  |TAMS 0x0000000085a00000, 0x0000000085900000| Untracked 
|  90|0x0000000085a00000, 0x0000000085b00000, 0x0000000085b00000|100%| O|  |TAMS 0x0000000085a00000, 0x0000000085a00000| Untracked 
|  91|0x0000000085b00000, 0x0000000085c00000, 0x0000000085c00000|100%| O|  |TAMS 0x0000000085c00000, 0x0000000085b00000| Untracked 
|  92|0x0000000085c00000, 0x0000000085d00000, 0x0000000085d00000|100%| O|  |TAMS 0x0000000085d00000, 0x0000000085c00000| Untracked 
|  93|0x0000000085d00000, 0x0000000085e00000, 0x0000000085e00000|100%| O|  |TAMS 0x0000000085e00000, 0x0000000085d00000| Untracked 
|  94|0x0000000085e00000, 0x0000000085f00000, 0x0000000085f00000|100%| O|  |TAMS 0x0000000085f00000, 0x0000000085e00000| Untracked 
|  95|0x0000000085f00000, 0x0000000086000000, 0x0000000086000000|100%| O|  |TAMS 0x0000000086000000, 0x0000000085f00000| Untracked 
|  96|0x0000000086000000, 0x0000000086100000, 0x0000000086100000|100%| O|  |TAMS 0x0000000086100000, 0x0000000086000000| Untracked 
|  97|0x0000000086100000, 0x0000000086200000, 0x0000000086200000|100%| O|  |TAMS 0x0000000086200000, 0x0000000086100000| Untracked 
|  98|0x0000000086200000, 0x0000000086300000, 0x0000000086300000|100%| O|  |TAMS 0x0000000086300000, 0x0000000086200000| Untracked 
|  99|0x0000000086300000, 0x0000000086400000, 0x0000000086400000|100%| O|  |TAMS 0x0000000086400000, 0x0000000086300000| Untracked 
| 100|0x0000000086400000, 0x0000000086500000, 0x0000000086500000|100%|HS|  |TAMS 0x0000000086500000, 0x0000000086400000| Complete 
| 101|0x0000000086500000, 0x0000000086600000, 0x0000000086600000|100%| O|  |TAMS 0x0000000086600000, 0x0000000086500000| Untracked 
| 102|0x0000000086600000, 0x0000000086700000, 0x0000000086700000|100%| O|  |TAMS 0x0000000086700000, 0x0000000086600000| Untracked 
| 103|0x0000000086700000, 0x0000000086800000, 0x0000000086800000|100%| O|  |TAMS 0x0000000086800000, 0x0000000086700000| Untracked 
| 104|0x0000000086800000, 0x0000000086900000, 0x0000000086900000|100%| O|  |TAMS 0x0000000086900000, 0x0000000086800000| Untracked 
| 105|0x0000000086900000, 0x0000000086a00000, 0x0000000086a00000|100%| O|  |TAMS 0x0000000086a00000, 0x0000000086900000| Untracked 
| 106|0x0000000086a00000, 0x0000000086b00000, 0x0000000086b00000|100%| O|  |TAMS 0x0000000086b00000, 0x0000000086a00000| Untracked 
| 107|0x0000000086b00000, 0x0000000086c00000, 0x0000000086c00000|100%| O|  |TAMS 0x0000000086c00000, 0x0000000086b00000| Untracked 
| 108|0x0000000086c00000, 0x0000000086d00000, 0x0000000086d00000|100%| O|  |TAMS 0x0000000086d00000, 0x0000000086c00000| Untracked 
| 109|0x0000000086d00000, 0x0000000086e00000, 0x0000000086e00000|100%| O|  |TAMS 0x0000000086e00000, 0x0000000086d00000| Untracked 
| 110|0x0000000086e00000, 0x0000000086f00000, 0x0000000086f00000|100%| O|  |TAMS 0x0000000086f00000, 0x0000000086e00000| Untracked 
| 111|0x0000000086f00000, 0x0000000087000000, 0x0000000087000000|100%| O|  |TAMS 0x0000000087000000, 0x0000000086f00000| Untracked 
| 112|0x0000000087000000, 0x0000000087100000, 0x0000000087100000|100%| O|  |TAMS 0x0000000087100000, 0x0000000087000000| Untracked 
| 113|0x0000000087100000, 0x0000000087200000, 0x0000000087200000|100%| O|  |TAMS 0x0000000087200000, 0x0000000087100000| Untracked 
| 114|0x0000000087200000, 0x0000000087300000, 0x0000000087300000|100%| O|  |TAMS 0x0000000087300000, 0x0000000087200000| Untracked 
| 115|0x0000000087300000, 0x0000000087400000, 0x0000000087400000|100%| O|  |TAMS 0x0000000087400000, 0x0000000087300000| Untracked 
| 116|0x0000000087400000, 0x0000000087500000, 0x0000000087500000|100%| O|  |TAMS 0x0000000087500000, 0x0000000087400000| Untracked 
| 117|0x0000000087500000, 0x0000000087600000, 0x0000000087600000|100%| O|  |TAMS 0x0000000087600000, 0x0000000087500000| Untracked 
| 118|0x0000000087600000, 0x0000000087700000, 0x0000000087700000|100%|HS|  |TAMS 0x0000000087700000, 0x0000000087600000| Complete 
| 119|0x0000000087700000, 0x0000000087800000, 0x0000000087800000|100%| O|  |TAMS 0x0000000087700000, 0x0000000087700000| Untracked 
| 120|0x0000000087800000, 0x0000000087900000, 0x0000000087900000|100%| O|  |TAMS 0x0000000087900000, 0x0000000087800000| Untracked 
| 121|0x0000000087900000, 0x0000000087a00000, 0x0000000087a00000|100%| O|  |TAMS 0x0000000087a00000, 0x0000000087900000| Untracked 
| 122|0x0000000087a00000, 0x0000000087b00000, 0x0000000087b00000|100%| O|  |TAMS 0x0000000087a87a00, 0x0000000087a00000| Untracked 
| 123|0x0000000087b00000, 0x0000000087c00000, 0x0000000087c00000|100%| O|  |TAMS 0x0000000087b00000, 0x0000000087b00000| Untracked 
| 124|0x0000000087c00000, 0x0000000087d00000, 0x0000000087d00000|100%| O|  |TAMS 0x0000000087c00000, 0x0000000087c00000| Untracked 
| 125|0x0000000087d00000, 0x0000000087e00000, 0x0000000087e00000|100%| O|  |TAMS 0x0000000087d00000, 0x0000000087d00000| Untracked 
| 126|0x0000000087e00000, 0x0000000087f00000, 0x0000000087f00000|100%| O|  |TAMS 0x0000000087e00000, 0x0000000087e00000| Untracked 
| 127|0x0000000087f00000, 0x0000000088000000, 0x0000000088000000|100%| O|  |TAMS 0x0000000087f00000, 0x0000000087f00000| Untracked 
| 128|0x0000000088000000, 0x0000000088100000, 0x0000000088100000|100%| O|  |TAMS 0x0000000088000000, 0x0000000088000000| Untracked 
| 129|0x0000000088100000, 0x0000000088200000, 0x0000000088200000|100%| O|  |TAMS 0x0000000088100000, 0x0000000088100000| Untracked 
| 130|0x0000000088200000, 0x0000000088300000, 0x0000000088300000|100%| O|  |TAMS 0x0000000088200000, 0x0000000088200000| Untracked 
| 131|0x0000000088300000, 0x0000000088400000, 0x0000000088400000|100%| O|  |TAMS 0x0000000088300000, 0x0000000088300000| Untracked 
| 132|0x0000000088400000, 0x0000000088500000, 0x0000000088500000|100%| O|  |TAMS 0x0000000088400000, 0x0000000088400000| Untracked 
| 133|0x0000000088500000, 0x0000000088600000, 0x0000000088600000|100%| O|  |TAMS 0x0000000088500000, 0x0000000088500000| Untracked 
| 134|0x0000000088600000, 0x0000000088700000, 0x0000000088700000|100%| O|  |TAMS 0x0000000088600000, 0x0000000088600000| Untracked 
| 135|0x0000000088700000, 0x0000000088800000, 0x0000000088800000|100%| O|  |TAMS 0x0000000088700000, 0x0000000088700000| Untracked 
| 136|0x0000000088800000, 0x0000000088900000, 0x0000000088900000|100%| O|  |TAMS 0x0000000088800000, 0x0000000088800000| Untracked 
| 137|0x0000000088900000, 0x0000000088a00000, 0x0000000088a00000|100%| O|  |TAMS 0x0000000088900000, 0x0000000088900000| Untracked 
| 138|0x0000000088a00000, 0x0000000088b00000, 0x0000000088b00000|100%| O|  |TAMS 0x0000000088a00000, 0x0000000088a00000| Untracked 
| 139|0x0000000088b00000, 0x0000000088c00000, 0x0000000088c00000|100%| O|  |TAMS 0x0000000088b00000, 0x0000000088b00000| Untracked 
| 140|0x0000000088c00000, 0x0000000088d00000, 0x0000000088d00000|100%| O|  |TAMS 0x0000000088c00000, 0x0000000088c00000| Untracked 
| 141|0x0000000088d00000, 0x0000000088e00000, 0x0000000088e00000|100%|HS|  |TAMS 0x0000000088d00000, 0x0000000088d00000| Complete 
| 142|0x0000000088e00000, 0x0000000088f00000, 0x0000000088f00000|100%| O|  |TAMS 0x0000000088e00000, 0x0000000088e00000| Untracked 
| 143|0x0000000088f00000, 0x0000000089000000, 0x0000000089000000|100%| O|  |TAMS 0x0000000088f00000, 0x0000000088f00000| Untracked 
| 144|0x0000000089000000, 0x0000000089100000, 0x0000000089100000|100%| O|  |TAMS 0x0000000089000000, 0x0000000089000000| Untracked 
| 145|0x0000000089100000, 0x0000000089200000, 0x0000000089200000|100%| O|  |TAMS 0x0000000089100000, 0x0000000089100000| Untracked 
| 146|0x0000000089200000, 0x0000000089300000, 0x0000000089300000|100%| O|  |TAMS 0x0000000089200000, 0x0000000089200000| Untracked 
| 147|0x0000000089300000, 0x0000000089400000, 0x0000000089400000|100%| O|  |TAMS 0x0000000089300000, 0x0000000089300000| Untracked 
| 148|0x0000000089400000, 0x0000000089500000, 0x0000000089500000|100%| O|  |TAMS 0x0000000089400000, 0x0000000089400000| Untracked 
| 149|0x0000000089500000, 0x0000000089600000, 0x0000000089600000|100%| O|  |TAMS 0x0000000089500000, 0x0000000089500000| Untracked 
| 150|0x0000000089600000, 0x0000000089700000, 0x0000000089700000|100%| O|  |TAMS 0x0000000089600000, 0x0000000089600000| Untracked 
| 151|0x0000000089700000, 0x0000000089800000, 0x0000000089800000|100%| O|  |TAMS 0x0000000089700000, 0x0000000089700000| Untracked 
| 152|0x0000000089800000, 0x0000000089900000, 0x0000000089900000|100%| O|  |TAMS 0x0000000089800000, 0x0000000089800000| Untracked 
| 153|0x0000000089900000, 0x0000000089a00000, 0x0000000089a00000|100%| O|  |TAMS 0x0000000089900000, 0x0000000089900000| Untracked 
| 154|0x0000000089a00000, 0x0000000089b00000, 0x0000000089b00000|100%| O|  |TAMS 0x0000000089a00000, 0x0000000089a00000| Untracked 
| 155|0x0000000089b00000, 0x0000000089c00000, 0x0000000089c00000|100%| O|  |TAMS 0x0000000089b00000, 0x0000000089b00000| Untracked 
| 156|0x0000000089c00000, 0x0000000089d00000, 0x0000000089d00000|100%| O|  |TAMS 0x0000000089c00000, 0x0000000089c00000| Untracked 
| 157|0x0000000089d00000, 0x0000000089e00000, 0x0000000089e00000|100%| O|  |TAMS 0x0000000089d00000, 0x0000000089d00000| Untracked 
| 158|0x0000000089e00000, 0x0000000089f00000, 0x0000000089f00000|100%| O|  |TAMS 0x0000000089e00000, 0x0000000089e00000| Untracked 
| 159|0x0000000089f00000, 0x0000000089fb2400, 0x000000008a000000| 69%| O|  |TAMS 0x0000000089f00000, 0x0000000089f00000| Untracked 
| 160|0x000000008a000000, 0x000000008a000000, 0x000000008a100000|  0%| F|  |TAMS 0x000000008a000000, 0x000000008a000000| Untracked 
| 161|0x000000008a100000, 0x000000008a100000, 0x000000008a200000|  0%| F|  |TAMS 0x000000008a100000, 0x000000008a100000| Untracked 
| 162|0x000000008a200000, 0x000000008a200000, 0x000000008a300000|  0%| F|  |TAMS 0x000000008a200000, 0x000000008a200000| Untracked 
| 163|0x000000008a300000, 0x000000008a300000, 0x000000008a400000|  0%| F|  |TAMS 0x000000008a300000, 0x000000008a300000| Untracked 
| 164|0x000000008a400000, 0x000000008a400000, 0x000000008a500000|  0%| F|  |TAMS 0x000000008a400000, 0x000000008a400000| Untracked 
| 165|0x000000008a500000, 0x000000008a500000, 0x000000008a600000|  0%| F|  |TAMS 0x000000008a500000, 0x000000008a500000| Untracked 
| 166|0x000000008a600000, 0x000000008a600000, 0x000000008a700000|  0%| F|  |TAMS 0x000000008a600000, 0x000000008a600000| Untracked 
| 167|0x000000008a700000, 0x000000008a700000, 0x000000008a800000|  0%| F|  |TAMS 0x000000008a700000, 0x000000008a700000| Untracked 
| 168|0x000000008a800000, 0x000000008a800000, 0x000000008a900000|  0%| F|  |TAMS 0x000000008a800000, 0x000000008a800000| Untracked 
| 169|0x000000008a900000, 0x000000008a900000, 0x000000008aa00000|  0%| F|  |TAMS 0x000000008a900000, 0x000000008a900000| Untracked 
| 170|0x000000008aa00000, 0x000000008aa00000, 0x000000008ab00000|  0%| F|  |TAMS 0x000000008aa00000, 0x000000008aa00000| Untracked 
| 171|0x000000008ab00000, 0x000000008ab00000, 0x000000008ac00000|  0%| F|  |TAMS 0x000000008ab00000, 0x000000008ab00000| Untracked 
| 172|0x000000008ac00000, 0x000000008ac00000, 0x000000008ad00000|  0%| F|  |TAMS 0x000000008ac00000, 0x000000008ac00000| Untracked 
| 173|0x000000008ad00000, 0x000000008ad00000, 0x000000008ae00000|  0%| F|  |TAMS 0x000000008ad00000, 0x000000008ad00000| Untracked 
| 174|0x000000008ae00000, 0x000000008ae00000, 0x000000008af00000|  0%| F|  |TAMS 0x000000008ae00000, 0x000000008ae00000| Untracked 
| 175|0x000000008af00000, 0x000000008af00000, 0x000000008b000000|  0%| F|  |TAMS 0x000000008af00000, 0x000000008af00000| Untracked 
| 176|0x000000008b000000, 0x000000008b000000, 0x000000008b100000|  0%| F|  |TAMS 0x000000008b000000, 0x000000008b000000| Untracked 
| 177|0x000000008b100000, 0x000000008b100000, 0x000000008b200000|  0%| F|  |TAMS 0x000000008b100000, 0x000000008b100000| Untracked 
| 178|0x000000008b200000, 0x000000008b200000, 0x000000008b300000|  0%| F|  |TAMS 0x000000008b200000, 0x000000008b200000| Untracked 
| 179|0x000000008b300000, 0x000000008b300000, 0x000000008b400000|  0%| F|  |TAMS 0x000000008b300000, 0x000000008b300000| Untracked 
| 180|0x000000008b400000, 0x000000008b400000, 0x000000008b500000|  0%| F|  |TAMS 0x000000008b400000, 0x000000008b400000| Untracked 
| 181|0x000000008b500000, 0x000000008b56bfd0, 0x000000008b600000| 42%| S|CS|TAMS 0x000000008b500000, 0x000000008b500000| Complete 
| 182|0x000000008b600000, 0x000000008b700000, 0x000000008b700000|100%| S|CS|TAMS 0x000000008b600000, 0x000000008b600000| Complete 
| 183|0x000000008b700000, 0x000000008b700000, 0x000000008b800000|  0%| F|  |TAMS 0x000000008b700000, 0x000000008b700000| Untracked 
| 184|0x000000008b800000, 0x000000008b800000, 0x000000008b900000|  0%| F|  |TAMS 0x000000008b800000, 0x000000008b800000| Untracked 
| 185|0x000000008b900000, 0x000000008b900000, 0x000000008ba00000|  0%| F|  |TAMS 0x000000008b900000, 0x000000008b900000| Untracked 
| 186|0x000000008ba00000, 0x000000008bb00000, 0x000000008bb00000|100%| S|CS|TAMS 0x000000008ba00000, 0x000000008ba00000| Complete 
| 187|0x000000008bb00000, 0x000000008bb00000, 0x000000008bc00000|  0%| F|  |TAMS 0x000000008bb00000, 0x000000008bb00000| Untracked 
| 188|0x000000008bc00000, 0x000000008bc00000, 0x000000008bd00000|  0%| F|  |TAMS 0x000000008bc00000, 0x000000008bc00000| Untracked 
| 189|0x000000008bd00000, 0x000000008bd00000, 0x000000008be00000|  0%| F|  |TAMS 0x000000008bd00000, 0x000000008bd00000| Untracked 
| 190|0x000000008be00000, 0x000000008be00000, 0x000000008bf00000|  0%| F|  |TAMS 0x000000008be00000, 0x000000008be00000| Untracked 
| 191|0x000000008bf00000, 0x000000008bf00000, 0x000000008c000000|  0%| F|  |TAMS 0x000000008bf00000, 0x000000008bf00000| Untracked 
| 192|0x000000008c000000, 0x000000008c000000, 0x000000008c100000|  0%| F|  |TAMS 0x000000008c000000, 0x000000008c000000| Untracked 
| 193|0x000000008c100000, 0x000000008c100000, 0x000000008c200000|  0%| F|  |TAMS 0x000000008c100000, 0x000000008c100000| Untracked 
| 194|0x000000008c200000, 0x000000008c200000, 0x000000008c300000|  0%| F|  |TAMS 0x000000008c200000, 0x000000008c200000| Untracked 
| 195|0x000000008c300000, 0x000000008c300000, 0x000000008c400000|  0%| F|  |TAMS 0x000000008c300000, 0x000000008c300000| Untracked 
| 196|0x000000008c400000, 0x000000008c400000, 0x000000008c500000|  0%| F|  |TAMS 0x000000008c400000, 0x000000008c400000| Untracked 
| 197|0x000000008c500000, 0x000000008c500000, 0x000000008c600000|  0%| F|  |TAMS 0x000000008c500000, 0x000000008c500000| Untracked 
| 198|0x000000008c600000, 0x000000008c600000, 0x000000008c700000|  0%| F|  |TAMS 0x000000008c600000, 0x000000008c600000| Untracked 
| 199|0x000000008c700000, 0x000000008c700000, 0x000000008c800000|  0%| F|  |TAMS 0x000000008c700000, 0x000000008c700000| Untracked 
| 200|0x000000008c800000, 0x000000008c800000, 0x000000008c900000|  0%| F|  |TAMS 0x000000008c800000, 0x000000008c800000| Untracked 
| 201|0x000000008c900000, 0x000000008c900000, 0x000000008ca00000|  0%| F|  |TAMS 0x000000008c900000, 0x000000008c900000| Untracked 
| 202|0x000000008ca00000, 0x000000008ca00000, 0x000000008cb00000|  0%| F|  |TAMS 0x000000008ca00000, 0x000000008ca00000| Untracked 
| 203|0x000000008cb00000, 0x000000008cb38588, 0x000000008cc00000| 22%| E|  |TAMS 0x000000008cb00000, 0x000000008cb00000| Complete 
| 204|0x000000008cc00000, 0x000000008cd00000, 0x000000008cd00000|100%| E|CS|TAMS 0x000000008cc00000, 0x000000008cc00000| Complete 
| 205|0x000000008cd00000, 0x000000008ce00000, 0x000000008ce00000|100%| E|CS|TAMS 0x000000008cd00000, 0x000000008cd00000| Complete 
| 206|0x000000008ce00000, 0x000000008cf00000, 0x000000008cf00000|100%| E|CS|TAMS 0x000000008ce00000, 0x000000008ce00000| Complete 
| 207|0x000000008cf00000, 0x000000008d000000, 0x000000008d000000|100%| E|CS|TAMS 0x000000008cf00000, 0x000000008cf00000| Complete 

Card table byte_map: [0x000000de2b310000,0x000000de2b710000] _byte_map_base: 0x000000de2af10000

Marking Bits (Prev, Next): (CMBitMap*) 0x000000de18609b40, (CMBitMap*) 0x000000de18609b08
 Prev Bits: [0x000000de2db10000, 0x000000de2fb10000)
 Next Bits: [0x000000de2bb10000, 0x000000de2db10000)

Polling page: 0x000000de16400000

Metaspace:

Usage:
  Non-class:    127.52 MB capacity,   124.95 MB ( 98%) used,     2.19 MB (  2%) free+waste,   381.75 KB ( <1%) overhead. 
      Class:     19.13 MB capacity,    17.84 MB ( 93%) used,     1.12 MB (  6%) free+waste,   172.13 KB ( <1%) overhead. 
       Both:    146.65 MB capacity,   142.80 MB ( 97%) used,     3.31 MB (  2%) free+waste,   553.88 KB ( <1%) overhead. 

Virtual space:
  Non-class space:      128.00 MB reserved,     127.75 MB (>99%) committed 
      Class space:        1.00 GB reserved,      19.25 MB (  2%) committed 
             Both:        1.13 GB reserved,     147.00 MB ( 13%) committed 

Chunk freelists:
   Non-Class:  46.00 KB
       Class:  26.00 KB
        Both:  72.00 KB

MaxMetaspaceSize: 17179869184.00 GB
CompressedClassSpaceSize: 1.00 GB

CodeHeap 'non-profiled nmethods': size=120064Kb used=9885Kb max_used=9885Kb free=110178Kb
 bounds [0x000000de239d0000, 0x000000de24380000, 0x000000de2af10000]
CodeHeap 'profiled nmethods': size=120000Kb used=35425Kb max_used=35425Kb free=84574Kb
 bounds [0x000000de1c4a0000, 0x000000de1e750000, 0x000000de239d0000]
CodeHeap 'non-nmethods': size=5696Kb used=2442Kb max_used=2485Kb free=3253Kb
 bounds [0x000000de1bf10000, 0x000000de1c190000, 0x000000de1c4a0000]
 total_blobs=17207 nmethods=16091 adapters=1026
 compilation: enabled
              stopped_count=0, restarted_count=0
 full_count=0

Compilation events (20 events):
Event: 846.641 Thread 0x000000de32d9f800 nmethod 18350 0x000000de24372190 code [0x000000de243723c0, 0x000000de24373078]
Event: 846.641 Thread 0x000000de32d9f800 18351       4       java.util.zip.ZipInputStream::getNextEntry (74 bytes)
Event: 846.662 Thread 0x000000de32d9f800 nmethod 18351 0x000000de24373b90 code [0x000000de24373da0, 0x000000de243747d0]
Event: 846.662 Thread 0x000000de32d9f800 18352   !   4       java.util.zip.Inflater::getRemaining (40 bytes)
Event: 846.664 Thread 0x000000de32d9f800 nmethod 18352 0x000000de24374d90 code [0x000000de24374f20, 0x000000de24375198]
Event: 846.665 Thread 0x000000de32d9f800 18353       4       java.io.ExpiringCache::entryFor (57 bytes)
Event: 846.694 Thread 0x000000de32d9f800 nmethod 18353 0x000000de24375290 code [0x000000de24375480, 0x000000de24376168]
Event: 846.696 Thread 0x000000de32d9f800 18354       4       java.util.ArrayDeque::addFirst (51 bytes)
Event: 846.716 Thread 0x000000de32d9f800 nmethod 18354 0x000000de24376810 code [0x000000de243769c0, 0x000000de24377318]
Event: 846.716 Thread 0x000000de32d9f800 18355       4       java.io.FileCleanable::register (49 bytes)
Event: 846.721 Thread 0x000000de32d9f800 nmethod 18355 0x000000de24377710 code [0x000000de243778c0, 0x000000de24377cc8]
Event: 846.816 Thread 0x000000de32d9f800 18356       4       org.gradle.internal.file.DefaultFileHierarchySet$PrefixFileSet::contains (10 bytes)
Event: 846.817 Thread 0x000000de32d9f800 nmethod 18356 0x000000de24377e90 code [0x000000de24378040, 0x000000de243780e8]
Event: 846.820 Thread 0x000000de32d9f800 18357       4       org.gradle.cache.internal.btree.FreeListBlockStore$FreeListBlock::alloc (240 bytes)
Event: 846.878 Thread 0x000000de32e02000 18364       1       org.gradle.internal.fingerprint.impl.DefaultCurrentFileCollectionFingerprint::getFingerprints (5 bytes)
Event: 846.878 Thread 0x000000de32e02000 nmethod 18364 0x000000de24378190 code [0x000000de24378340, 0x000000de243783f8]
Event: 846.963 Thread 0x000000de32e02000 18366 %     3       com.esotericsoftware.kryo.io.Output::writeString_slow @ 0 (238 bytes)
Event: 846.965 Thread 0x000000de32e02000 nmethod 18366% 0x000000de1e740510 code [0x000000de1e740740, 0x000000de1e740e58]
Event: 846.966 Thread 0x000000de32e02000 18368       3       org.gradle.internal.execution.steps.SkipUpToDateStep::lambda$execute$0 (78 bytes)
Event: 846.968 Thread 0x000000de32e02000 nmethod 18368 0x000000de1e741190 code [0x000000de1e7414c0, 0x000000de1e742938]

GC Heap History (20 events):
Event: 840.650 GC heap before
{Heap before GC invocations=63 (full 0):
 garbage-first heap   total 212992K, used 182070K [0x0000000080000000, 0x0000000100000000)
  region size 1024K, 37 young (37888K), 3 survivors (3072K)
 Metaspace       used 125548K, capacity 129091K, committed 129408K, reserved 1161216K
  class space    used 15493K, capacity 16670K, committed 16768K, reserved 1048576K
}
Event: 840.662 GC heap after
{Heap after GC invocations=64 (full 0):
 garbage-first heap   total 212992K, used 149671K [0x0000000080000000, 0x0000000100000000)
  region size 1024K, 5 young (5120K), 5 survivors (5120K)
 Metaspace       used 125548K, capacity 129091K, committed 129408K, reserved 1161216K
  class space    used 15493K, capacity 16670K, committed 16768K, reserved 1048576K
}
Event: 841.235 GC heap before
{Heap before GC invocations=64 (full 0):
 garbage-first heap   total 212992K, used 182439K [0x0000000080000000, 0x0000000100000000)
  region size 1024K, 38 young (38912K), 5 survivors (5120K)
 Metaspace       used 129786K, capacity 133367K, committed 133504K, reserved 1165312K
  class space    used 15969K, capacity 17158K, committed 17280K, reserved 1048576K
}
Event: 841.243 GC heap after
{Heap after GC invocations=65 (full 0):
 garbage-first heap   total 212992K, used 150191K [0x0000000080000000, 0x0000000100000000)
  region size 1024K, 3 young (3072K), 3 survivors (3072K)
 Metaspace       used 129786K, capacity 133367K, committed 133504K, reserved 1165312K
  class space    used 15969K, capacity 17158K, committed 17280K, reserved 1048576K
}
Event: 841.892 GC heap before
{Heap before GC invocations=65 (full 0):
 garbage-first heap   total 212992K, used 182959K [0x0000000080000000, 0x0000000100000000)
  region size 1024K, 36 young (36864K), 3 survivors (3072K)
 Metaspace       used 132585K, capacity 136200K, committed 136320K, reserved 1167360K
  class space    used 16332K, capacity 17524K, committed 17536K, reserved 1048576K
}
Event: 841.900 GC heap after
{Heap after GC invocations=66 (full 0):
 garbage-first heap   total 212992K, used 152827K [0x0000000080000000, 0x0000000100000000)
  region size 1024K, 4 young (4096K), 4 survivors (4096K)
 Metaspace       used 132585K, capacity 136200K, committed 136320K, reserved 1167360K
  class space    used 16332K, capacity 17524K, committed 17536K, reserved 1048576K
}
Event: 842.458 GC heap before
{Heap before GC invocations=66 (full 0):
 garbage-first heap   total 212992K, used 184571K [0x0000000080000000, 0x0000000100000000)
  region size 1024K, 36 young (36864K), 4 survivors (4096K)
 Metaspace       used 134690K, capacity 138295K, committed 138368K, reserved 1169408K
  class space    used 16595K, capacity 17792K, committed 17792K, reserved 1048576K
}
Event: 842.465 GC heap after
{Heap after GC invocations=67 (full 0):
 garbage-first heap   total 212992K, used 155233K [0x0000000080000000, 0x0000000100000000)
  region size 1024K, 5 young (5120K), 5 survivors (5120K)
 Metaspace       used 134690K, capacity 138295K, committed 138368K, reserved 1169408K
  class space    used 16595K, capacity 17792K, committed 17792K, reserved 1048576K
}
Event: 842.913 GC heap before
{Heap before GC invocations=67 (full 0):
 garbage-first heap   total 212992K, used 184929K [0x0000000080000000, 0x0000000100000000)
  region size 1024K, 34 young (34816K), 5 survivors (5120K)
 Metaspace       used 136728K, capacity 140415K, committed 140544K, reserved 1171456K
  class space    used 16876K, capacity 18133K, committed 18176K, reserved 1048576K
}
Event: 842.923 GC heap after
{Heap after GC invocations=68 (full 0):
 garbage-first heap   total 212992K, used 157369K [0x0000000080000000, 0x0000000100000000)
  region size 1024K, 5 young (5120K), 5 survivors (5120K)
 Metaspace       used 136728K, capacity 140415K, committed 140544K, reserved 1171456K
  class space    used 16876K, capacity 18133K, committed 18176K, reserved 1048576K
}
Event: 843.432 GC heap before
{Heap before GC invocations=68 (full 0):
 garbage-first heap   total 212992K, used 182969K [0x0000000080000000, 0x0000000100000000)
  region size 1024K, 31 young (31744K), 5 survivors (5120K)
 Metaspace       used 139567K, capacity 143289K, committed 143360K, reserved 1173504K
  class space    used 17392K, capacity 18664K, committed 18688K, reserved 1048576K
}
Event: 843.441 GC heap after
{Heap after GC invocations=69 (full 0):
 garbage-first heap   total 212992K, used 159222K [0x0000000080000000, 0x0000000100000000)
  region size 1024K, 2 young (2048K), 2 survivors (2048K)
 Metaspace       used 139567K, capacity 143289K, committed 143360K, reserved 1173504K
  class space    used 17392K, capacity 18664K, committed 18688K, reserved 1048576K
}
Event: 843.888 GC heap before
{Heap before GC invocations=69 (full 0):
 garbage-first heap   total 212992K, used 185846K [0x0000000080000000, 0x0000000100000000)
  region size 1024K, 28 young (28672K), 2 survivors (2048K)
 Metaspace       used 140910K, capacity 144680K, committed 144896K, reserved 1175552K
  class space    used 17593K, capacity 18867K, committed 18944K, reserved 1048576K
}
Event: 843.895 GC heap after
{Heap after GC invocations=70 (full 0):
 garbage-first heap   total 212992K, used 160860K [0x0000000080000000, 0x0000000100000000)
  region size 1024K, 4 young (4096K), 4 survivors (4096K)
 Metaspace       used 140910K, capacity 144680K, committed 144896K, reserved 1175552K
  class space    used 17593K, capacity 18867K, committed 18944K, reserved 1048576K
}
Event: 844.316 GC heap before
{Heap before GC invocations=70 (full 0):
 garbage-first heap   total 212992K, used 185436K [0x0000000080000000, 0x0000000100000000)
  region size 1024K, 28 young (28672K), 4 survivors (4096K)
 Metaspace       used 143135K, capacity 146898K, committed 147072K, reserved 1177600K
  class space    used 17950K, capacity 19238K, committed 19328K, reserved 1048576K
}
Event: 844.324 GC heap after
{Heap after GC invocations=71 (full 0):
 garbage-first heap   total 212992K, used 161837K [0x0000000080000000, 0x0000000100000000)
  region size 1024K, 3 young (3072K), 3 survivors (3072K)
 Metaspace       used 143135K, capacity 146898K, committed 147072K, reserved 1177600K
  class space    used 17950K, capacity 19238K, committed 19328K, reserved 1048576K
}
Event: 844.826 GC heap before
{Heap before GC invocations=71 (full 0):
 garbage-first heap   total 212992K, used 186413K [0x0000000080000000, 0x0000000100000000)
  region size 1024K, 27 young (27648K), 3 survivors (3072K)
 Metaspace       used 144925K, capacity 148783K, committed 148992K, reserved 1179648K
  class space    used 18152K, capacity 19454K, committed 19456K, reserved 1048576K
}
Event: 844.835 GC heap after
{Heap after GC invocations=72 (full 0):
 garbage-first heap   total 212992K, used 163896K [0x0000000080000000, 0x0000000100000000)
  region size 1024K, 3 young (3072K), 3 survivors (3072K)
 Metaspace       used 144925K, capacity 148783K, committed 148992K, reserved 1179648K
  class space    used 18152K, capacity 19454K, committed 19456K, reserved 1048576K
}
Event: 846.218 GC heap before
{Heap before GC invocations=72 (full 0):
 garbage-first heap   total 212992K, used 185400K [0x0000000080000000, 0x0000000100000000)
  region size 1024K, 25 young (25600K), 3 survivors (3072K)
 Metaspace       used 146013K, capacity 149982K, committed 150144K, reserved 1179648K
  class space    used 18246K, capacity 19552K, committed 19584K, reserved 1048576K
}
Event: 846.227 GC heap after
{Heap after GC invocations=73 (full 0):
 garbage-first heap   total 212992K, used 164951K [0x0000000080000000, 0x0000000100000000)
  region size 1024K, 3 young (3072K), 3 survivors (3072K)
 Metaspace       used 146013K, capacity 149982K, committed 150144K, reserved 1179648K
  class space    used 18246K, capacity 19552K, committed 19584K, reserved 1048576K
}

Deoptimization events (20 events):
Event: 845.694 Thread 0x000000de46ed4800 DEOPT PACKING pc=0x000000de2429073c sp=0x000000de4f3f7e50
Event: 845.694 Thread 0x000000de46ed4800 DEOPT UNPACKING pc=0x000000de1bf3742f sp=0x000000de4f3f7e00 mode 2
Event: 845.718 Thread 0x000000de35bf5000 Uncommon trap: trap_request=0xffffff4d fr.pc=0x000000de2434dc64 relative=0x0000000000000d44
Event: 845.718 Thread 0x000000de35bf5000 Uncommon trap: reason=unstable_if action=reinterpret pc=0x000000de2434dc64 method=org.gradle.internal.snapshot.VfsRelativePath.compareToFirstSegment(Ljava/lang/String;Lorg/gradle/internal/snapshot/CaseSensitivity;)I @ 156 c2
Event: 845.718 Thread 0x000000de35bf5000 DEOPT PACKING pc=0x000000de2434dc64 sp=0x000000de418ca1d0
Event: 845.718 Thread 0x000000de35bf5000 DEOPT UNPACKING pc=0x000000de1bf3742f sp=0x000000de418ca150 mode 2
Event: 845.908 Thread 0x000000de35bf5000 Uncommon trap: trap_request=0xffffff4d fr.pc=0x000000de23b91120 relative=0x0000000000000080
Event: 845.908 Thread 0x000000de35bf5000 Uncommon trap: reason=unstable_if action=reinterpret pc=0x000000de23b91120 method=java.util.LinkedHashMap.afterNodeInsertion(Z)V @ 18 c2
Event: 845.908 Thread 0x000000de35bf5000 DEOPT PACKING pc=0x000000de23b91120 sp=0x000000de418cae60
Event: 845.908 Thread 0x000000de35bf5000 DEOPT UNPACKING pc=0x000000de1bf3742f sp=0x000000de418cade0 mode 2
Event: 846.227 Thread 0x000000de32f07800 Uncommon trap: trap_request=0xffffffde fr.pc=0x000000de23b07f6c relative=0x000000000000052c
Event: 846.227 Thread 0x000000de32f07800 Uncommon trap: reason=class_check action=maybe_recompile pc=0x000000de23b07f6c method=jdk.internal.ref.PhantomCleanable.clean()V @ 12 c2
Event: 846.227 Thread 0x000000de32f07800 DEOPT PACKING pc=0x000000de23b07f6c sp=0x000000de33b2f300
Event: 846.227 Thread 0x000000de32f07800 DEOPT UNPACKING pc=0x000000de1bf3742f sp=0x000000de33b2f2e0 mode 2
Event: 846.282 Thread 0x000000de46ed4800 DEOPT PACKING pc=0x000000de1e181a1c sp=0x000000de4f3fa1a0
Event: 846.282 Thread 0x000000de46ed4800 DEOPT UNPACKING pc=0x000000de1bf3724e sp=0x000000de4f3f9740 mode 0
Event: 846.392 Thread 0x000000de46ed4800 DEOPT PACKING pc=0x000000de1e71678c sp=0x000000de4f3f8df0
Event: 846.392 Thread 0x000000de46ed4800 DEOPT UNPACKING pc=0x000000de1bf3724e sp=0x000000de4f3f8340 mode 0
Event: 846.500 Thread 0x000000de3d2f4800 DEOPT PACKING pc=0x000000de1e7181f0 sp=0x000000de3e75e200
Event: 846.500 Thread 0x000000de3d2f4800 DEOPT UNPACKING pc=0x000000de1bf3724e sp=0x000000de3e75d6b8 mode 0

Classes redefined (0 events):
No events

Internal exceptions (20 events):
Event: 843.596 Thread 0x000000de3d2eb800 Exception <a 'java/lang/ClassNotFoundException'{0x000000008c702720}: com/google/android/gms/dependencies/DependencyInspectorCustomizer> (0x000000008c702720) thrown at [./src/hotspot/share/classfile/systemDictionary.cpp, line 231]
Event: 843.955 Thread 0x000000de3d2eb800 Exception <a 'sun/nio/fs/WindowsException'{0x000000008cdf94d0}> (0x000000008cdf94d0) thrown at [./src/hotspot/share/prims/jni.cpp, line 615]
Event: 844.087 Thread 0x000000de3d2eb800 Exception <a 'java/lang/NullPointerException'{0x000000008c47b018}> (0x000000008c47b018) thrown at [./src/hotspot/share/interpreter/linkResolver.cpp, line 1440]
Event: 844.536 Thread 0x000000de3d2eb800 Exception <a 'java/lang/ClassNotFoundException'{0x000000008c304df0}: com/android/build/gradle/tasks/MergeResources_DecoratedBeanInfo> (0x000000008c304df0) thrown at [./src/hotspot/share/classfile/systemDictionary.cpp, line 231]
Event: 844.537 Thread 0x000000de3d2eb800 Exception <a 'java/lang/ClassNotFoundException'{0x000000008c31b6c0}: com/android/build/gradle/tasks/MergeResourcesBeanInfo> (0x000000008c31b6c0) thrown at [./src/hotspot/share/classfile/systemDictionary.cpp, line 231]
Event: 844.538 Thread 0x000000de3d2eb800 Exception <a 'java/lang/ClassNotFoundException'{0x000000008c332350}: com/android/build/gradle/tasks/ResourceAwareTaskBeanInfo> (0x000000008c332350) thrown at [./src/hotspot/share/classfile/systemDictionary.cpp, line 231]
Event: 844.539 Thread 0x000000de3d2eb800 Exception <a 'java/lang/ClassNotFoundException'{0x000000008c349eb8}: com/android/build/gradle/internal/tasks/IncrementalTaskBeanInfo> (0x000000008c349eb8) thrown at [./src/hotspot/share/classfile/systemDictionary.cpp, line 231]
Event: 844.540 Thread 0x000000de3d2eb800 Exception <a 'java/lang/ClassNotFoundException'{0x000000008c3620e0}: com/android/build/gradle/internal/tasks/AndroidVariantTaskBeanInfo> (0x000000008c3620e0) thrown at [./src/hotspot/share/classfile/systemDictionary.cpp, line 231]
Event: 844.541 Thread 0x000000de3d2eb800 Exception <a 'java/lang/ClassNotFoundException'{0x000000008c379030}: com/android/build/gradle/internal/tasks/BaseTaskBeanInfo> (0x000000008c379030) thrown at [./src/hotspot/share/classfile/systemDictionary.cpp, line 231]
Event: 844.542 Thread 0x000000de3d2eb800 Exception <a 'java/lang/ClassNotFoundException'{0x000000008c390388}: com/android/build/gradle/internal/tasks/BaseTaskCustomizer> (0x000000008c390388) thrown at [./src/hotspot/share/classfile/systemDictionary.cpp, line 231]
Event: 844.543 Thread 0x000000de3d2eb800 Exception <a 'java/lang/ClassNotFoundException'{0x000000008c3b8cf0}: com/android/build/gradle/internal/tasks/AndroidVariantTaskCustomizer> (0x000000008c3b8cf0) thrown at [./src/hotspot/share/classfile/systemDictionary.cpp, line 231]
Event: 844.545 Thread 0x000000de3d2eb800 Exception <a 'java/lang/ClassNotFoundException'{0x000000008c3decc8}: com/android/build/gradle/internal/tasks/IncrementalTaskCustomizer> (0x000000008c3decc8) thrown at [./src/hotspot/share/classfile/systemDictionary.cpp, line 231]
Event: 844.546 Thread 0x000000de3d2eb800 Exception <a 'java/lang/ClassNotFoundException'{0x000000008c206640}: com/android/build/gradle/tasks/ResourceAwareTaskCustomizer> (0x000000008c206640) thrown at [./src/hotspot/share/classfile/systemDictionary.cpp, line 231]
Event: 844.548 Thread 0x000000de3d2eb800 Exception <a 'java/lang/ClassNotFoundException'{0x000000008c234918}: com/android/build/gradle/tasks/MergeResourcesCustomizer> (0x000000008c234918) thrown at [./src/hotspot/share/classfile/systemDictionary.cpp, line 231]
Event: 844.551 Thread 0x000000de3d2eb800 Exception <a 'java/lang/ClassNotFoundException'{0x000000008c27a408}: com/android/build/gradle/tasks/MergeResources_DecoratedCustomizer> (0x000000008c27a408) thrown at [./src/hotspot/share/classfile/systemDictionary.cpp, line 231]
Event: 844.803 Thread 0x000000de3d2eb800 Exception <a 'java/lang/NoSuchMethodError'{0x000000008b806390}: <clinit>> (0x000000008b806390) thrown at [./src/hotspot/share/prims/jni.cpp, line 1362]
Event: 844.807 Thread 0x000000de3d2eb800 Exception <a 'java/lang/NoSuchMethodError'{0x000000008b8272e8}: <clinit>> (0x000000008b8272e8) thrown at [./src/hotspot/share/prims/jni.cpp, line 1362]
Event: 844.877 Thread 0x000000de3d2eb800 Exception <a 'sun/nio/fs/WindowsException'{0x000000008cd1e638}> (0x000000008cd1e638) thrown at [./src/hotspot/share/prims/jni.cpp, line 615]
Event: 844.886 Thread 0x000000de46ece800 Exception <a 'java/lang/NoSuchMethodError'{0x000000008cd7c558}: <clinit>> (0x000000008cd7c558) thrown at [./src/hotspot/share/prims/jni.cpp, line 1362]
Event: 845.156 Thread 0x000000de46ed6000 Exception <a 'sun/nio/fs/WindowsException'{0x000000008cac07f8}> (0x000000008cac07f8) thrown at [./src/hotspot/share/prims/jni.cpp, line 615]

Events (20 events):
Event: 845.720 loading class com/android/build/gradle/internal/dependency/AarTransform$1
Event: 845.720 loading class com/android/build/gradle/internal/dependency/AarTransform$1 done
Event: 846.217 Executing VM operation: G1CollectForAllocation
Event: 846.227 Executing VM operation: G1CollectForAllocation done
Event: 846.454 loading class org/gradle/initialization/DefaultPlannedTask
Event: 846.454 loading class org/gradle/initialization/DefaultPlannedTask done
Event: 846.455 loading class org/gradle/initialization/BuildOperationFiringTaskExecutionPreparer$PlannedTaskIdentity
Event: 846.455 loading class org/gradle/initialization/BuildOperationFiringTaskExecutionPreparer$PlannedTaskIdentity done
Event: 846.457 loading class org/gradle/execution/plan/Node
Event: 846.457 loading class org/gradle/execution/plan/Node done
Event: 846.457 loading class com/google/common/base/Function
Event: 846.457 loading class com/google/common/base/Function done
Event: 846.457 loading class org/gradle/execution/plan/Node
Event: 846.457 loading class org/gradle/execution/plan/Node done
Event: 846.730 loading class com/google/common/base/Function
Event: 846.730 loading class com/google/common/base/Function done
Event: 847.000 loading class org/gradle/execution/plan/Node
Event: 847.000 loading class org/gradle/execution/plan/Node done
Event: 847.000 loading class com/google/common/base/Function
Event: 847.000 loading class com/google/common/base/Function done


Dynamic libraries:
0x00007ff6f2310000 - 0x00007ff6f231a000 	C:\Program Files\Android\Android Studio\jre\bin\java.exe
0x00007fffe9f90000 - 0x00007fffea13d000 	C:\Windows\SYSTEM32\ntdll.dll
0x00007fffe9e50000 - 0x00007fffe9f8f000 	C:\Windows\system32\KERNEL32.DLL
0x00007fffe74f0000 - 0x00007fffe7605000 	C:\Windows\system32\KERNELBASE.dll
0x00007fffe5390000 - 0x00007fffe53a9000 	C:\Program Files\Android\Android Studio\jre\bin\jli.dll
0x00007fffe5370000 - 0x00007fffe5387000 	C:\Program Files\Android\Android Studio\jre\bin\VCRUNTIME140.dll
0x00007fffdeff0000 - 0x00007fffdeff4000 	C:\Windows\SYSTEM32\api-ms-win-crt-stdio-l1-1-0.dll
0x00007fffdf060000 - 0x00007fffdf064000 	C:\Windows\SYSTEM32\api-ms-win-crt-runtime-l1-1-0.dll
0x00007fffdf000000 - 0x00007fffdf003000 	C:\Windows\SYSTEM32\api-ms-win-crt-environment-l1-1-0.dll
0x00007fffdef50000 - 0x00007fffdef55000 	C:\Windows\SYSTEM32\api-ms-win-crt-math-l1-1-0.dll
0x00007fffdef40000 - 0x00007fffdef43000 	C:\Windows\SYSTEM32\api-ms-win-crt-locale-l1-1-0.dll
0x00007fffdf050000 - 0x00007fffdf053000 	C:\Windows\SYSTEM32\api-ms-win-crt-heap-l1-1-0.dll
0x00007fffe4bf0000 - 0x00007fffe4e6b000 	C:\Windows\WinSxS\amd64_microsoft.windows.common-controls_6595b64144ccf1df_6.0.9600.19394_none_62486577ecb635cf\COMCTL32.dll
0x00007fffe9b60000 - 0x00007fffe9cd7000 	C:\Windows\system32\USER32.dll
0x00007fffdefd0000 - 0x00007fffdefd3000 	C:\Windows\SYSTEM32\api-ms-win-crt-filesystem-l1-1-0.dll
0x00007fffdefe0000 - 0x00007fffdefe4000 	C:\Windows\SYSTEM32\api-ms-win-crt-string-l1-1-0.dll
0x00007fffdefb0000 - 0x00007fffdefb4000 	C:\Windows\SYSTEM32\api-ms-win-crt-convert-l1-1-0.dll
0x00007fffe82a0000 - 0x00007fffe834a000 	C:\Windows\system32\msvcrt.dll
0x00007fffe9a10000 - 0x00007fffe9b5e000 	C:\Windows\system32\GDI32.dll
0x00007fffdee00000 - 0x00007fffdeef4000 	C:\Windows\SYSTEM32\ucrtbase.DLL
0x00007fffe7670000 - 0x00007fffe76a6000 	C:\Windows\system32\IMM32.DLL
0x00007fffe7e60000 - 0x00007fffe7fb1000 	C:\Windows\system32\MSCTF.dll
0x00007fffc81b0000 - 0x00007fffc824d000 	C:\Program Files\Android\Android Studio\jre\bin\msvcp140.dll
0x00007fffd4860000 - 0x00007fffd4865000 	C:\Windows\SYSTEM32\api-ms-win-crt-multibyte-l1-1-0.dll
0x00007fffdefc0000 - 0x00007fffdefc3000 	C:\Windows\SYSTEM32\api-ms-win-crt-time-l1-1-0.dll
0x00007fffdefa0000 - 0x00007fffdefa3000 	C:\Windows\SYSTEM32\api-ms-win-crt-utility-l1-1-0.dll
0x00007fffb0740000 - 0x00007fffb11fc000 	C:\Program Files\Android\Android Studio\jre\bin\server\jvm.dll
0x00007fffe7cf0000 - 0x00007fffe7d9a000 	C:\Windows\system32\ADVAPI32.dll
0x00007fffde460000 - 0x00007fffde469000 	C:\Windows\SYSTEM32\WSOCK32.dll
0x00007fffde500000 - 0x00007fffde522000 	C:\Windows\SYSTEM32\WINMM.dll
0x00007fffe49a0000 - 0x00007fffe49aa000 	C:\Windows\SYSTEM32\VERSION.dll
0x00007fffe78d0000 - 0x00007fffe78d7000 	C:\Windows\system32\PSAPI.DLL
0x00007fffe8240000 - 0x00007fffe8298000 	C:\Windows\SYSTEM32\sechost.dll
0x00007fffe9ce0000 - 0x00007fffe9e1a000 	C:\Windows\system32\RPCRT4.dll
0x00007fffe7610000 - 0x00007fffe766a000 	C:\Windows\system32\WS2_32.dll
0x00007fffde4d0000 - 0x00007fffde4fa000 	C:\Windows\SYSTEM32\WINMMBASE.dll
0x00007fffe74c0000 - 0x00007fffe74ee000 	C:\Windows\system32\SspiCli.dll
0x00007fffe9e40000 - 0x00007fffe9e49000 	C:\Windows\system32\NSI.dll
0x00007fffe7180000 - 0x00007fffe71cf000 	C:\Windows\SYSTEM32\cfgmgr32.dll
0x00007fffe5ed0000 - 0x00007fffe5ef8000 	C:\Windows\SYSTEM32\DEVOBJ.dll
0x00007fffc8b30000 - 0x00007fffc8b41000 	C:\Program Files\Android\Android Studio\jre\bin\verify.dll
0x00007fffe2b90000 - 0x00007fffe2d19000 	C:\Windows\SYSTEM32\DBGHELP.DLL
0x00007fffb0710000 - 0x00007fffb0739000 	C:\Program Files\Android\Android Studio\jre\bin\java.dll
0x00007fffd0760000 - 0x00007fffd076b000 	C:\Program Files\Android\Android Studio\jre\bin\jimage.dll
0x00007fffc5e30000 - 0x00007fffc5e48000 	C:\Program Files\Android\Android Studio\jre\bin\zip.dll
0x00007fffe84e0000 - 0x00007fffe9a0e000 	C:\Windows\system32\SHELL32.dll
0x00007fffe76b0000 - 0x00007fffe78c1000 	C:\Windows\SYSTEM32\combase.dll
0x00007fffe7ac0000 - 0x00007fffe7b14000 	C:\Windows\system32\SHLWAPI.dll
0x00007fffe5630000 - 0x00007fffe56e2000 	C:\Windows\SYSTEM32\SHCORE.dll
0x00007fffe70b0000 - 0x00007fffe70c5000 	C:\Windows\SYSTEM32\profapi.dll
0x00007fffc4de0000 - 0x00007fffc4dfa000 	C:\Program Files\Android\Android Studio\jre\bin\net.dll
0x00007fffdd450000 - 0x00007fffdd519000 	C:\Windows\SYSTEM32\WINHTTP.dll
0x00007fffe68f0000 - 0x00007fffe6949000 	C:\Windows\system32\mswsock.dll
0x00007fffbadc0000 - 0x00007fffbadd4000 	C:\Program Files\Android\Android Studio\jre\bin\nio.dll
0x00007fffe5400000 - 0x00007fffe5427000 	C:\Users\User1\.gradle\native\fdc75f09e3144964f2cf3f50f0aa648679c211496f362492102eb8c894070792\windows-amd64\native-platform.dll
0x00007fffc20b0000 - 0x00007fffc2246000 	C:\Users\User1\.gradle\native\12488b8bf47d2d4c9fbf2f6322a914ad602e24e48041cd04a747c6da556b65c4\windows-amd64\native-platform-file-events.dll
0x00007fffc9000000 - 0x00007fffc900a000 	C:\Program Files\Android\Android Studio\jre\bin\management.dll
0x00007fffc7bf0000 - 0x00007fffc7bfc000 	C:\Program Files\Android\Android Studio\jre\bin\management_ext.dll
0x00007fffe6950000 - 0x00007fffe6970000 	C:\Windows\SYSTEM32\CRYPTSP.dll
0x00007fffe6570000 - 0x00007fffe65a6000 	C:\Windows\system32\rsaenh.dll
0x00007fffe6b90000 - 0x00007fffe6bb6000 	C:\Windows\SYSTEM32\bcrypt.dll
0x00007fffe6680000 - 0x00007fffe66a1000 	C:\Windows\SYSTEM32\USERENV.dll
0x00007fffe6eb0000 - 0x00007fffe6f13000 	C:\Windows\system32\bcryptprimitives.dll
0x00007fffe7020000 - 0x00007fffe702b000 	C:\Windows\SYSTEM32\CRYPTBASE.dll
0x00007fffe0dd0000 - 0x00007fffe0dfa000 	C:\Windows\SYSTEM32\IPHLPAPI.DLL
0x00007fffe0dc0000 - 0x00007fffe0dca000 	C:\Windows\SYSTEM32\WINNSI.DLL
0x00007fffe06c0000 - 0x00007fffe06d6000 	C:\Windows\SYSTEM32\dhcpcsvc6.DLL
0x00007fffe08c0000 - 0x00007fffe08da000 	C:\Windows\SYSTEM32\dhcpcsvc.DLL
0x00007fffc83d0000 - 0x00007fffc8572000 	C:\Program Files\Android\Android Studio\jre\bin\awt.dll
0x00007fffe5430000 - 0x00007fffe5451000 	C:\Windows\SYSTEM32\dwmapi.dll
0x00007fffe7fd0000 - 0x00007fffe8096000 	C:\Windows\system32\OLEAUT32.dll
0x00007fffe5c80000 - 0x00007fffe5d0e000 	C:\Windows\system32\apphelp.dll
0x00007fffe5d50000 - 0x00007fffe5e79000 	C:\Windows\system32\uxtheme.dll
0x00007fffc82f0000 - 0x00007fffc8317000 	C:\Program Files\Android\Android Studio\jre\bin\sunec.dll
0x00007fffe66f0000 - 0x00007fffe6794000 	C:\Windows\SYSTEM32\DNSAPI.dll
0x0000000050640000 - 0x0000000050666000 	C:\Program Files\Bonjour\mdnsNSP.dll
0x00007fffd16c0000 - 0x00007fffd16ca000 	C:\Windows\System32\rasadhlp.dll
0x00007fffe0790000 - 0x00007fffe07fb000 	C:\Windows\System32\fwpuclnt.dll
0x00007fffd4550000 - 0x00007fffd4565000 	C:\Windows\system32\napinsp.dll
0x00007fffd4530000 - 0x00007fffd454a000 	C:\Windows\system32\pnrpnsp.dll
0x00007fffe3060000 - 0x00007fffe307b000 	C:\Windows\system32\NLAapi.dll
0x00007fffd4520000 - 0x00007fffd452d000 	C:\Windows\System32\winrnr.dll
0x00007fffd4500000 - 0x00007fffd4514000 	C:\Windows\system32\wshbth.dll

dbghelp: loaded successfully - version: 4.0.5 - missing functions: none
symbol engine: initialized successfully - sym options: 0x614 - pdb path: .;C:\Program Files\Android\Android Studio\jre\bin;C:\Windows\SYSTEM32;C:\Windows\WinSxS\amd64_microsoft.windows.common-controls_6595b64144ccf1df_6.0.9600.19394_none_62486577ecb635cf;C:\Program Files\Android\Android Studio\jre\bin\server;C:\Users\User1\.gradle\native\fdc75f09e3144964f2cf3f50f0aa648679c211496f362492102eb8c894070792\windows-amd64;C:\Users\User1\.gradle\native\12488b8bf47d2d4c9fbf2f6322a914ad602e24e48041cd04a747c6da556b65c4\windows-amd64;C:\Program Files\Bonjour

VM Arguments:
jvm_args: --add-opens=java.base/java.util=ALL-UNNAMED --add-opens=java.base/java.lang=ALL-UNNAMED --add-opens=java.base/java.lang.invoke=ALL-UNNAMED --add-opens=java.prefs/java.util.prefs=ALL-UNNAMED -Xmx2048m -Dfile.encoding=UTF-8 -Duser.country=IE -Duser.language=en -Duser.variant 
java_command: org.gradle.launcher.daemon.bootstrap.GradleDaemon 6.7.1
java_class_path (initial): C:\Users\User1\.gradle\wrapper\dists\gradle-6.7.1-bin\bwlcbys1h7rz3272sye1xwiv6\gradle-6.7.1\lib\gradle-launcher-6.7.1.jar
Launcher Type: SUN_STANDARD

[Global flags]
     intx CICompilerCount                          = 3                                         {product} {ergonomic}
     uint ConcGCThreads                            = 1                                         {product} {ergonomic}
     uint G1ConcRefinementThreads                  = 4                                         {product} {ergonomic}
   size_t G1HeapRegionSize                         = 1048576                                   {product} {ergonomic}
    uintx GCDrainStackTargetSize                   = 64                                        {product} {ergonomic}
   size_t InitialHeapSize                          = 134217728                                 {product} {ergonomic}
   size_t MarkStackSize                            = 4194304                                   {product} {ergonomic}
   size_t MaxHeapSize                              = 2147483648                                {product} {command line}
   size_t MaxNewSize                               = 1287651328                                {product} {ergonomic}
   size_t MinHeapDeltaBytes                        = 1048576                                   {product} {ergonomic}
    uintx NonNMethodCodeHeapSize                   = 5830732                                {pd product} {ergonomic}
    uintx NonProfiledCodeHeapSize                  = 122913754                              {pd product} {ergonomic}
    uintx ProfiledCodeHeapSize                     = 122913754                              {pd product} {ergonomic}
    uintx ReservedCodeCacheSize                    = 251658240                              {pd product} {ergonomic}
     bool SegmentedCodeCache                       = true                                      {product} {ergonomic}
     bool UseCompressedClassPointers               = true                                 {lp64_product} {ergonomic}
     bool UseCompressedOops                        = true                                 {lp64_product} {ergonomic}
     bool UseG1GC                                  = true                                      {product} {ergonomic}
     bool UseLargePagesIndividualAllocation        = false                                  {pd product} {ergonomic}

Logging:
Log output configuration:
 #0: stdout all=warning uptime,level,tags
 #1: stderr all=off uptime,level,tags

Environment Variables:
PATH=C:\Program Files (x86)\Common Files\Oracle\Java\javapath;C:\ProgramData\Oracle\Java\javapath;C:\Windows\system32;C:\Windows;C:\Windows\System32\Wbem;C:\Windows\System32\WindowsPowerShell\v1.0\;C:\Program Files\Microsoft SQL Server\120\DTS\Binn\;C:\Program Files\Microsoft SQL Server\Client SDK\ODBC\110\Tools\Binn\;C:\Program Files (x86)\Microsoft SQL Server\120\Tools\Binn\;C:\Program Files\Microsoft SQL Server\120\Tools\Binn\;C:\Program Files (x86)\Microsoft SQL Server\120\Tools\Binn\ManagementStudio\;C:\Program Files (x86)\Microsoft SQL Server\120\DTS\Binn\;C:\Program Files\Microsoft SQL Server\110\Tools\Binn\;C:\Program Files (x86)\Microsoft SDKs\TypeScript\1.0\;C:\Program Files (x86)\Microsoft SQL Server Migration Assistant for Access\bin\;C:\Program Files\Git\cmd;C:\Program Files\dotnet\;C:\Program Files\Microsoft SQL Server\130\Tools\Binn\;C:\Program Files\Microsoft SQL Server\Client SDK\ODBC\170\Tools\Binn\;C:\Program Files (x86)\dotnet\;C:\Users\User1\AppData\Local\GitHubDesktop\bin
USERNAME=User1
OS=Windows_NT
PROCESSOR_IDENTIFIER=Intel64 Family 6 Model 58 Stepping 9, GenuineIntel



---------------  S Y S T E M  ---------------

OS: Windows 8.1 , 64 bit Build 9600 (6.3.9600.19994)
OS uptime: 1 days 2:18 hours

CPU:total 4 (initial active 4) (2 cores per cpu, 2 threads per core) family 6 model 58 stepping 9, cmov, cx8, fxsr, mmx, sse, sse2, sse3, ssse3, sse4.1, sse4.2, popcnt, avx, aes, clmul, erms, ht, tsc, tscinvbit, tscinv

Memory: 4k page, system-wide physical 8073M (150M free)
TotalPageFile size 11145M (AvailPageFile size 3M)
current process WorkingSet (physical memory assigned to process): 535M, peak: 536M
current process commit charge ("private bytes"): 591M, peak: 596M

vm_info: OpenJDK 64-Bit Server VM (11.0.8+10-b944.6842174) for windows-amd64 JRE (11.0.8+10-b944.6842174), built on Sep 19 2020 01:11:42 by "builder" with MS VC++ 14.0 (VS2015)

END.
